#
# There is insufficient memory for the Java Runtime Environment to continue.
# Native memory allocation (malloc) failed to allocate 945696 bytes for Chunk::new
# Possible reasons:
#   The system is out of physical RAM or swap space
#   The process is running with CompressedOops enabled, and the Java Heap may be blocking the growth of the native heap
# Possible solutions:
#   Reduce memory load on the system
#   Increase physical memory or swap space
#   Check if swap backing store is full
#   Decrease Java heap size (-Xmx/-Xms)
#   Decrease number of Java threads
#   Decrease Java thread stack sizes (-Xss)
#   Set larger code cache with -XX:ReservedCodeCacheSize=
#   JVM is running with Zero Based Compressed Oops mode in which the Java heap is
#     placed in the first 32GB address space. The Java Heap base address is the
#     maximum limit for the native heap growth. Please use -XX:HeapBaseMinAddress
#     to set the Java Heap base and to place the Java Heap above 32GB virtual address.
# This output file may be truncated or incomplete.
#
#  Out of Memory Error (arena.cpp:189), pid=14984, tid=9780
#
# JRE version: Java(TM) SE Runtime Environment (17.0.2+8) (build 17.0.2+8-LTS-86)
# Java VM: Java HotSpot(TM) 64-Bit Server VM (17.0.2+8-LTS-86, mixed mode, sharing, tiered, compressed oops, compressed class ptrs, g1 gc, windows-amd64)
# No core dump will be written. Minidumps are not enabled by default on client versions of Windows
#

---------------  S U M M A R Y ------------

Command Line: --module-path=C:\Users\Wang Liu\Downloads\openjfx-18_windows-x64_bin-sdk\javafx-sdk-18\lib --add-modules=javafx.controls,javafx.fxml,javafx.base,javafx.graphics,javafx.swing,javafx.media -javaagent:C:\Program Files\JetBrains\IntelliJ IDEA Educational Edition 2021.3.3\lib\idea_rt.jar=64899:C:\Program Files\JetBrains\IntelliJ IDEA Educational Edition 2021.3.3\bin -Dfile.encoding=UTF-8 Sudoku.Render

Host: 11th Gen Intel(R) Core(TM) i7-11800H @ 2.30GHz, 16 cores, 15G,  Windows 11 , 64 bit Build 22000 (10.0.22000.434)
Time: Tue Mar 29 10:08:58 2022 Romance Daylight Time elapsed time: 0.583652 seconds (0d 0h 0m 0s)

---------------  T H R E A D  ---------------

Current thread (0x0000015597cf6fe0):  JavaThread "C2 CompilerThread1" daemon [_thread_in_native, id=9780, stack(0x0000001cfaa00000,0x0000001cfab00000)]


Current CompileTask:
C2:    583 1176   !   4       com.sun.javafx.css.ParsedValueImpl::readBinary (688 bytes)

Stack: [0x0000001cfaa00000,0x0000001cfab00000]
Native frames: (J=compiled Java code, j=interpreted, Vv=VM code, C=native code)
V  [jvm.dll+0x670baa]
V  [jvm.dll+0x7cfcb4]
V  [jvm.dll+0x7d145e]
V  [jvm.dll+0x7d1ac3]
V  [jvm.dll+0x242bc5]
V  [jvm.dll+0xaa57b]
V  [jvm.dll+0xaab0c]
V  [jvm.dll+0x2a991f]
V  [jvm.dll+0x5792d9]
V  [jvm.dll+0x21de3d]
V  [jvm.dll+0x21e21f]
V  [jvm.dll+0x217ae5]
V  [jvm.dll+0x214fab]
V  [jvm.dll+0x1a1bbd]
V  [jvm.dll+0x224908]
V  [jvm.dll+0x222a6c]
V  [jvm.dll+0x7859bb]
V  [jvm.dll+0x77ff7a]
V  [jvm.dll+0x66fa35]
C  [ucrtbase.dll+0x26c0c]
C  [KERNEL32.DLL+0x154e0]
C  [ntdll.dll+0x485b]


---------------  P R O C E S S  ---------------

Threads class SMR info:
_java_thread_list=0x0000015599193240, length=26, elements={
0x00000155f3a10be0, 0x00000155971cd8e0, 0x00000155971ceaa0, 0x00000155971dfac0,
0x00000155971e2480, 0x00000155971e4e40, 0x00000155971e5c00, 0x00000155971eaea0,
0x00000155971f4c70, 0x00000155971f5570, 0x0000015597ce5f40, 0x0000015597ce9370,
0x0000015597d75e60, 0x0000015597d76370, 0x0000015597cf6fe0, 0x0000015597e6ac40,
0x0000015597e6d210, 0x0000015597e6f360, 0x0000015598aecdb0, 0x0000015598ad04f0,
0x0000015598bcdb50, 0x0000015598cb4650, 0x00000155984ebc90, 0x000001559897cb90,
0x0000015598f66c50, 0x0000015598bc9ec0
}

Java Threads: ( => current thread )
  0x00000155f3a10be0 JavaThread "main" [_thread_blocked, id=14300, stack(0x0000001cf9600000,0x0000001cf9700000)]
  0x00000155971cd8e0 JavaThread "Reference Handler" daemon [_thread_blocked, id=15984, stack(0x0000001cf9d00000,0x0000001cf9e00000)]
  0x00000155971ceaa0 JavaThread "Finalizer" daemon [_thread_blocked, id=9496, stack(0x0000001cf9e00000,0x0000001cf9f00000)]
  0x00000155971dfac0 JavaThread "Signal Dispatcher" daemon [_thread_blocked, id=5340, stack(0x0000001cf9f00000,0x0000001cfa000000)]
  0x00000155971e2480 JavaThread "Attach Listener" daemon [_thread_blocked, id=27740, stack(0x0000001cfa000000,0x0000001cfa100000)]
  0x00000155971e4e40 JavaThread "Service Thread" daemon [_thread_blocked, id=20568, stack(0x0000001cfa100000,0x0000001cfa200000)]
  0x00000155971e5c00 JavaThread "Monitor Deflation Thread" daemon [_thread_blocked, id=26452, stack(0x0000001cfa200000,0x0000001cfa300000)]
  0x00000155971eaea0 JavaThread "C2 CompilerThread0" daemon [_thread_in_native, id=5080, stack(0x0000001cfa300000,0x0000001cfa400000)]
  0x00000155971f4c70 JavaThread "C1 CompilerThread0" daemon [_thread_in_native, id=18336, stack(0x0000001cfa400000,0x0000001cfa500000)]
  0x00000155971f5570 JavaThread "Sweeper thread" daemon [_thread_blocked, id=26956, stack(0x0000001cfa500000,0x0000001cfa600000)]
  0x0000015597ce5f40 JavaThread "Common-Cleaner" daemon [_thread_blocked, id=26592, stack(0x0000001cfa600000,0x0000001cfa700000)]
  0x0000015597ce9370 JavaThread "C1 CompilerThread1" daemon [_thread_blocked, id=6112, stack(0x0000001cfa700000,0x0000001cfa800000)]
  0x0000015597d75e60 JavaThread "C1 CompilerThread2" daemon [_thread_in_vm, id=28596, stack(0x0000001cfa800000,0x0000001cfa900000)]
  0x0000015597d76370 JavaThread "C1 CompilerThread3" daemon [_thread_blocked, id=27312, stack(0x0000001cfa900000,0x0000001cfaa00000)]
=>0x0000015597cf6fe0 JavaThread "C2 CompilerThread1" daemon [_thread_in_native, id=9780, stack(0x0000001cfaa00000,0x0000001cfab00000)]
  0x0000015597e6ac40 JavaThread "C2 CompilerThread2" daemon [_thread_in_native, id=12716, stack(0x0000001cfab00000,0x0000001cfac00000)]
  0x0000015597e6d210 JavaThread "C2 CompilerThread3" daemon [_thread_blocked, id=11492, stack(0x0000001cfac00000,0x0000001cfad00000)]
  0x0000015597e6f360 JavaThread "C2 CompilerThread4" daemon [_thread_blocked, id=15484, stack(0x0000001cfad00000,0x0000001cfae00000)]
  0x0000015598aecdb0 JavaThread "Monitor Ctrl-Break" daemon [_thread_in_native, id=26852, stack(0x0000001cfaf00000,0x0000001cfb000000)]
  0x0000015598ad04f0 JavaThread "Notification Thread" daemon [_thread_blocked, id=17228, stack(0x0000001cfb000000,0x0000001cfb100000)]
  0x0000015598bcdb50 JavaThread "QuantumRenderer-0" daemon [_thread_blocked, id=27996, stack(0x0000001cfb200000,0x0000001cfb300000)]
  0x0000015598cb4650 JavaThread "InvokeLaterDispatcher" daemon [_thread_blocked, id=18716, stack(0x0000001cfae00000,0x0000001cfaf00000)]
  0x00000155984ebc90 JavaThread "JavaFX Application Thread" [_thread_in_Java, id=18456, stack(0x0000001cfb300000,0x0000001cfb400000)]
  0x000001559897cb90 JavaThread "JavaFX-Launcher" [_thread_blocked, id=26900, stack(0x0000001cfb800000,0x0000001cfb900000)]
  0x0000015598f66c50 JavaThread "Thread-2" daemon [_thread_in_native, id=11540, stack(0x0000001cfb700000,0x0000001cfb800000)]
  0x0000015598bc9ec0 JavaThread "Prism Font Disposer" daemon [_thread_blocked, id=8168, stack(0x0000001cfbe00000,0x0000001cfbf00000)]

Other Threads:
  0x00000155971c7e40 VMThread "VM Thread" [stack: 0x0000001cf9c00000,0x0000001cf9d00000] [id=15256]
  0x00000155f3a7ecb0 WatcherThread [stack: 0x0000001cfb100000,0x0000001cfb200000] [id=23140]
  0x00000155f3a5fec0 GCTaskThread "GC Thread#0" [stack: 0x0000001cf9700000,0x0000001cf9800000] [id=9480]
  0x00000155984ceba0 GCTaskThread "GC Thread#1" [stack: 0x0000001cfb900000,0x0000001cfba00000] [id=18268]
  0x0000015598e1b350 GCTaskThread "GC Thread#2" [stack: 0x0000001cfba00000,0x0000001cfbb00000] [id=25780]
  0x00000155989804f0 GCTaskThread "GC Thread#3" [stack: 0x0000001cfbb00000,0x0000001cfbc00000] [id=10652]
  0x00000155990fdcd0 GCTaskThread "GC Thread#4" [stack: 0x0000001cfbc00000,0x0000001cfbd00000] [id=28228]
  0x00000155991019f0 GCTaskThread "GC Thread#5" [stack: 0x0000001cfbd00000,0x0000001cfbe00000] [id=18056]
  0x00000155f3a729b0 ConcurrentGCThread "G1 Main Marker" [stack: 0x0000001cf9800000,0x0000001cf9900000] [id=5768]
  0x00000155f3a733c0 ConcurrentGCThread "G1 Conc#0" [stack: 0x0000001cf9900000,0x0000001cf9a00000] [id=23188]
  0x00000155970930e0 ConcurrentGCThread "G1 Refine#0" [stack: 0x0000001cf9a00000,0x0000001cf9b00000] [id=18392]
  0x0000015597093b00 ConcurrentGCThread "G1 Service" [stack: 0x0000001cf9b00000,0x0000001cf9c00000] [id=24028]

Threads with active compile tasks:
C2 CompilerThread0      600 1320       4       java.util.HashSet::add (20 bytes)
C1 CompilerThread0      600 1387       3       javafx.scene.CssStyleHelper::resolveLookups (463 bytes)
C1 CompilerThread1      600 1407       3       java.lang.String::contains (19 bytes)
C1 CompilerThread2      600 1405       3       com.sun.javafx.css.StyleCacheEntry::get (37 bytes)
C2 CompilerThread1      600 1176   !   4       com.sun.javafx.css.ParsedValueImpl::readBinary (688 bytes)
C2 CompilerThread2      600 1371       4       jdk.internal.org.objectweb.asm.SymbolTable::addConstantUtf8 (98 bytes)

VM state: not at safepoint (normal execution)

VM Mutex/Monitor currently owned by a thread: None

Heap address: 0x0000000704600000, size: 4026 MB, Compressed Oops mode: Zero based, Oop shift amount: 3

CDS archive(s) mapped at: [0x0000000800000000-0x0000000800bc0000-0x0000000800bc0000), size 12320768, SharedBaseAddress: 0x0000000800000000, ArchiveRelocationMode: 0.
Compressed class space mapped at: 0x0000000800c00000-0x0000000840c00000, reserved size: 1073741824
Narrow klass base: 0x0000000800000000, Narrow klass shift: 0, Narrow klass range: 0x100000000

GC Precious Log:
 CPUs: 16 total, 16 available
 Memory: 16103M
 Large Page Support: Disabled
 NUMA Support: Disabled
 Compressed Oops: Enabled (Zero based)
 Heap Region Size: 2M
 Heap Min Capacity: 8M
 Heap Initial Capacity: 252M
 Heap Max Capacity: 4026M
 Pre-touch: Disabled
 Parallel Workers: 13
 Concurrent Workers: 3
 Concurrent Refinement Workers: 13
 Periodic GC: Disabled

Heap:
 garbage-first heap   total 258048K, used 19214K [0x0000000704600000, 0x0000000800000000)
  region size 2048K, 11 young (22528K), 2 survivors (4096K)
 Metaspace       used 8859K, committed 9024K, reserved 1064960K
  class space    used 1212K, committed 1280K, reserved 1048576K

Heap Regions: E=young(eden), S=young(survivor), O=old, HS=humongous(starts), HC=humongous(continues), CS=collection set, F=free, OA=open archive, CA=closed archive, TAMS=top-at-mark-start (previous, next)
|   0|0x0000000704600000, 0x0000000704600000, 0x0000000704800000|  0%| F|  |TAMS 0x0000000704600000, 0x0000000704600000| Untracked 
|   1|0x0000000704800000, 0x0000000704800000, 0x0000000704a00000|  0%| F|  |TAMS 0x0000000704800000, 0x0000000704800000| Untracked 
|   2|0x0000000704a00000, 0x0000000704a00000, 0x0000000704c00000|  0%| F|  |TAMS 0x0000000704a00000, 0x0000000704a00000| Untracked 
|   3|0x0000000704c00000, 0x0000000704c00000, 0x0000000704e00000|  0%| F|  |TAMS 0x0000000704c00000, 0x0000000704c00000| Untracked 
|   4|0x0000000704e00000, 0x0000000704e00000, 0x0000000705000000|  0%| F|  |TAMS 0x0000000704e00000, 0x0000000704e00000| Untracked 
|   5|0x0000000705000000, 0x0000000705000000, 0x0000000705200000|  0%| F|  |TAMS 0x0000000705000000, 0x0000000705000000| Untracked 
|   6|0x0000000705200000, 0x0000000705200000, 0x0000000705400000|  0%| F|  |TAMS 0x0000000705200000, 0x0000000705200000| Untracked 
|   7|0x0000000705400000, 0x0000000705400000, 0x0000000705600000|  0%| F|  |TAMS 0x0000000705400000, 0x0000000705400000| Untracked 
|   8|0x0000000705600000, 0x0000000705600000, 0x0000000705800000|  0%| F|  |TAMS 0x0000000705600000, 0x0000000705600000| Untracked 
|   9|0x0000000705800000, 0x0000000705800000, 0x0000000705a00000|  0%| F|  |TAMS 0x0000000705800000, 0x0000000705800000| Untracked 
|  10|0x0000000705a00000, 0x0000000705a00000, 0x0000000705c00000|  0%| F|  |TAMS 0x0000000705a00000, 0x0000000705a00000| Untracked 
|  11|0x0000000705c00000, 0x0000000705c00000, 0x0000000705e00000|  0%| F|  |TAMS 0x0000000705c00000, 0x0000000705c00000| Untracked 
|  12|0x0000000705e00000, 0x0000000705e00000, 0x0000000706000000|  0%| F|  |TAMS 0x0000000705e00000, 0x0000000705e00000| Untracked 
|  13|0x0000000706000000, 0x0000000706000000, 0x0000000706200000|  0%| F|  |TAMS 0x0000000706000000, 0x0000000706000000| Untracked 
|  14|0x0000000706200000, 0x0000000706200000, 0x0000000706400000|  0%| F|  |TAMS 0x0000000706200000, 0x0000000706200000| Untracked 
|  15|0x0000000706400000, 0x0000000706400000, 0x0000000706600000|  0%| F|  |TAMS 0x0000000706400000, 0x0000000706400000| Untracked 
|  16|0x0000000706600000, 0x0000000706600000, 0x0000000706800000|  0%| F|  |TAMS 0x0000000706600000, 0x0000000706600000| Untracked 
|  17|0x0000000706800000, 0x0000000706800000, 0x0000000706a00000|  0%| F|  |TAMS 0x0000000706800000, 0x0000000706800000| Untracked 
|  18|0x0000000706a00000, 0x0000000706a00000, 0x0000000706c00000|  0%| F|  |TAMS 0x0000000706a00000, 0x0000000706a00000| Untracked 
|  19|0x0000000706c00000, 0x0000000706c00000, 0x0000000706e00000|  0%| F|  |TAMS 0x0000000706c00000, 0x0000000706c00000| Untracked 
|  20|0x0000000706e00000, 0x0000000706e00000, 0x0000000707000000|  0%| F|  |TAMS 0x0000000706e00000, 0x0000000706e00000| Untracked 
|  21|0x0000000707000000, 0x0000000707000000, 0x0000000707200000|  0%| F|  |TAMS 0x0000000707000000, 0x0000000707000000| Untracked 
|  22|0x0000000707200000, 0x0000000707200000, 0x0000000707400000|  0%| F|  |TAMS 0x0000000707200000, 0x0000000707200000| Untracked 
|  23|0x0000000707400000, 0x0000000707400000, 0x0000000707600000|  0%| F|  |TAMS 0x0000000707400000, 0x0000000707400000| Untracked 
|  24|0x0000000707600000, 0x0000000707600000, 0x0000000707800000|  0%| F|  |TAMS 0x0000000707600000, 0x0000000707600000| Untracked 
|  25|0x0000000707800000, 0x0000000707800000, 0x0000000707a00000|  0%| F|  |TAMS 0x0000000707800000, 0x0000000707800000| Untracked 
|  26|0x0000000707a00000, 0x0000000707a00000, 0x0000000707c00000|  0%| F|  |TAMS 0x0000000707a00000, 0x0000000707a00000| Untracked 
|  27|0x0000000707c00000, 0x0000000707c00000, 0x0000000707e00000|  0%| F|  |TAMS 0x0000000707c00000, 0x0000000707c00000| Untracked 
|  28|0x0000000707e00000, 0x0000000707e00000, 0x0000000708000000|  0%| F|  |TAMS 0x0000000707e00000, 0x0000000707e00000| Untracked 
|  29|0x0000000708000000, 0x0000000708000000, 0x0000000708200000|  0%| F|  |TAMS 0x0000000708000000, 0x0000000708000000| Untracked 
|  30|0x0000000708200000, 0x0000000708200000, 0x0000000708400000|  0%| F|  |TAMS 0x0000000708200000, 0x0000000708200000| Untracked 
|  31|0x0000000708400000, 0x0000000708400000, 0x0000000708600000|  0%| F|  |TAMS 0x0000000708400000, 0x0000000708400000| Untracked 
|  32|0x0000000708600000, 0x0000000708600000, 0x0000000708800000|  0%| F|  |TAMS 0x0000000708600000, 0x0000000708600000| Untracked 
|  33|0x0000000708800000, 0x0000000708800000, 0x0000000708a00000|  0%| F|  |TAMS 0x0000000708800000, 0x0000000708800000| Untracked 
|  34|0x0000000708a00000, 0x0000000708a00000, 0x0000000708c00000|  0%| F|  |TAMS 0x0000000708a00000, 0x0000000708a00000| Untracked 
|  35|0x0000000708c00000, 0x0000000708c00000, 0x0000000708e00000|  0%| F|  |TAMS 0x0000000708c00000, 0x0000000708c00000| Untracked 
|  36|0x0000000708e00000, 0x0000000708e00000, 0x0000000709000000|  0%| F|  |TAMS 0x0000000708e00000, 0x0000000708e00000| Untracked 
|  37|0x0000000709000000, 0x0000000709000000, 0x0000000709200000|  0%| F|  |TAMS 0x0000000709000000, 0x0000000709000000| Untracked 
|  38|0x0000000709200000, 0x0000000709200000, 0x0000000709400000|  0%| F|  |TAMS 0x0000000709200000, 0x0000000709200000| Untracked 
|  39|0x0000000709400000, 0x0000000709400000, 0x0000000709600000|  0%| F|  |TAMS 0x0000000709400000, 0x0000000709400000| Untracked 
|  40|0x0000000709600000, 0x0000000709600000, 0x0000000709800000|  0%| F|  |TAMS 0x0000000709600000, 0x0000000709600000| Untracked 
|  41|0x0000000709800000, 0x0000000709800000, 0x0000000709a00000|  0%| F|  |TAMS 0x0000000709800000, 0x0000000709800000| Untracked 
|  42|0x0000000709a00000, 0x0000000709a00000, 0x0000000709c00000|  0%| F|  |TAMS 0x0000000709a00000, 0x0000000709a00000| Untracked 
|  43|0x0000000709c00000, 0x0000000709c00000, 0x0000000709e00000|  0%| F|  |TAMS 0x0000000709c00000, 0x0000000709c00000| Untracked 
|  44|0x0000000709e00000, 0x0000000709e00000, 0x000000070a000000|  0%| F|  |TAMS 0x0000000709e00000, 0x0000000709e00000| Untracked 
|  45|0x000000070a000000, 0x000000070a000000, 0x000000070a200000|  0%| F|  |TAMS 0x000000070a000000, 0x000000070a000000| Untracked 
|  46|0x000000070a200000, 0x000000070a200000, 0x000000070a400000|  0%| F|  |TAMS 0x000000070a200000, 0x000000070a200000| Untracked 
|  47|0x000000070a400000, 0x000000070a400000, 0x000000070a600000|  0%| F|  |TAMS 0x000000070a400000, 0x000000070a400000| Untracked 
|  48|0x000000070a600000, 0x000000070a600000, 0x000000070a800000|  0%| F|  |TAMS 0x000000070a600000, 0x000000070a600000| Untracked 
|  49|0x000000070a800000, 0x000000070a800000, 0x000000070aa00000|  0%| F|  |TAMS 0x000000070a800000, 0x000000070a800000| Untracked 
|  50|0x000000070aa00000, 0x000000070aa00000, 0x000000070ac00000|  0%| F|  |TAMS 0x000000070aa00000, 0x000000070aa00000| Untracked 
|  51|0x000000070ac00000, 0x000000070ac00000, 0x000000070ae00000|  0%| F|  |TAMS 0x000000070ac00000, 0x000000070ac00000| Untracked 
|  52|0x000000070ae00000, 0x000000070ae00000, 0x000000070b000000|  0%| F|  |TAMS 0x000000070ae00000, 0x000000070ae00000| Untracked 
|  53|0x000000070b000000, 0x000000070b000000, 0x000000070b200000|  0%| F|  |TAMS 0x000000070b000000, 0x000000070b000000| Untracked 
|  54|0x000000070b200000, 0x000000070b200000, 0x000000070b400000|  0%| F|  |TAMS 0x000000070b200000, 0x000000070b200000| Untracked 
|  55|0x000000070b400000, 0x000000070b400000, 0x000000070b600000|  0%| F|  |TAMS 0x000000070b400000, 0x000000070b400000| Untracked 
|  56|0x000000070b600000, 0x000000070b600000, 0x000000070b800000|  0%| F|  |TAMS 0x000000070b600000, 0x000000070b600000| Untracked 
|  57|0x000000070b800000, 0x000000070b800000, 0x000000070ba00000|  0%| F|  |TAMS 0x000000070b800000, 0x000000070b800000| Untracked 
|  58|0x000000070ba00000, 0x000000070ba00000, 0x000000070bc00000|  0%| F|  |TAMS 0x000000070ba00000, 0x000000070ba00000| Untracked 
|  59|0x000000070bc00000, 0x000000070bc00000, 0x000000070be00000|  0%| F|  |TAMS 0x000000070bc00000, 0x000000070bc00000| Untracked 
|  60|0x000000070be00000, 0x000000070be00000, 0x000000070c000000|  0%| F|  |TAMS 0x000000070be00000, 0x000000070be00000| Untracked 
|  61|0x000000070c000000, 0x000000070c000000, 0x000000070c200000|  0%| F|  |TAMS 0x000000070c000000, 0x000000070c000000| Untracked 
|  62|0x000000070c200000, 0x000000070c200000, 0x000000070c400000|  0%| F|  |TAMS 0x000000070c200000, 0x000000070c200000| Untracked 
|  63|0x000000070c400000, 0x000000070c400000, 0x000000070c600000|  0%| F|  |TAMS 0x000000070c400000, 0x000000070c400000| Untracked 
|  64|0x000000070c600000, 0x000000070c600000, 0x000000070c800000|  0%| F|  |TAMS 0x000000070c600000, 0x000000070c600000| Untracked 
|  65|0x000000070c800000, 0x000000070c800000, 0x000000070ca00000|  0%| F|  |TAMS 0x000000070c800000, 0x000000070c800000| Untracked 
|  66|0x000000070ca00000, 0x000000070ca00000, 0x000000070cc00000|  0%| F|  |TAMS 0x000000070ca00000, 0x000000070ca00000| Untracked 
|  67|0x000000070cc00000, 0x000000070cc00000, 0x000000070ce00000|  0%| F|  |TAMS 0x000000070cc00000, 0x000000070cc00000| Untracked 
|  68|0x000000070ce00000, 0x000000070ce00000, 0x000000070d000000|  0%| F|  |TAMS 0x000000070ce00000, 0x000000070ce00000| Untracked 
|  69|0x000000070d000000, 0x000000070d000000, 0x000000070d200000|  0%| F|  |TAMS 0x000000070d000000, 0x000000070d000000| Untracked 
|  70|0x000000070d200000, 0x000000070d200000, 0x000000070d400000|  0%| F|  |TAMS 0x000000070d200000, 0x000000070d200000| Untracked 
|  71|0x000000070d400000, 0x000000070d400000, 0x000000070d600000|  0%| F|  |TAMS 0x000000070d400000, 0x000000070d400000| Untracked 
|  72|0x000000070d600000, 0x000000070d600000, 0x000000070d800000|  0%| F|  |TAMS 0x000000070d600000, 0x000000070d600000| Untracked 
|  73|0x000000070d800000, 0x000000070d800000, 0x000000070da00000|  0%| F|  |TAMS 0x000000070d800000, 0x000000070d800000| Untracked 
|  74|0x000000070da00000, 0x000000070da00000, 0x000000070dc00000|  0%| F|  |TAMS 0x000000070da00000, 0x000000070da00000| Untracked 
|  75|0x000000070dc00000, 0x000000070dc00000, 0x000000070de00000|  0%| F|  |TAMS 0x000000070dc00000, 0x000000070dc00000| Untracked 
|  76|0x000000070de00000, 0x000000070de00000, 0x000000070e000000|  0%| F|  |TAMS 0x000000070de00000, 0x000000070de00000| Untracked 
|  77|0x000000070e000000, 0x000000070e000000, 0x000000070e200000|  0%| F|  |TAMS 0x000000070e000000, 0x000000070e000000| Untracked 
|  78|0x000000070e200000, 0x000000070e200000, 0x000000070e400000|  0%| F|  |TAMS 0x000000070e200000, 0x000000070e200000| Untracked 
|  79|0x000000070e400000, 0x000000070e400000, 0x000000070e600000|  0%| F|  |TAMS 0x000000070e400000, 0x000000070e400000| Untracked 
|  80|0x000000070e600000, 0x000000070e600000, 0x000000070e800000|  0%| F|  |TAMS 0x000000070e600000, 0x000000070e600000| Untracked 
|  81|0x000000070e800000, 0x000000070e800000, 0x000000070ea00000|  0%| F|  |TAMS 0x000000070e800000, 0x000000070e800000| Untracked 
|  82|0x000000070ea00000, 0x000000070ea00000, 0x000000070ec00000|  0%| F|  |TAMS 0x000000070ea00000, 0x000000070ea00000| Untracked 
|  83|0x000000070ec00000, 0x000000070ec00000, 0x000000070ee00000|  0%| F|  |TAMS 0x000000070ec00000, 0x000000070ec00000| Untracked 
|  84|0x000000070ee00000, 0x000000070ee00000, 0x000000070f000000|  0%| F|  |TAMS 0x000000070ee00000, 0x000000070ee00000| Untracked 
|  85|0x000000070f000000, 0x000000070f000000, 0x000000070f200000|  0%| F|  |TAMS 0x000000070f000000, 0x000000070f000000| Untracked 
|  86|0x000000070f200000, 0x000000070f200000, 0x000000070f400000|  0%| F|  |TAMS 0x000000070f200000, 0x000000070f200000| Untracked 
|  87|0x000000070f400000, 0x000000070f400000, 0x000000070f600000|  0%| F|  |TAMS 0x000000070f400000, 0x000000070f400000| Untracked 
|  88|0x000000070f600000, 0x000000070f600000, 0x000000070f800000|  0%| F|  |TAMS 0x000000070f600000, 0x000000070f600000| Untracked 
|  89|0x000000070f800000, 0x000000070f800000, 0x000000070fa00000|  0%| F|  |TAMS 0x000000070f800000, 0x000000070f800000| Untracked 
|  90|0x000000070fa00000, 0x000000070fa00000, 0x000000070fc00000|  0%| F|  |TAMS 0x000000070fa00000, 0x000000070fa00000| Untracked 
|  91|0x000000070fc00000, 0x000000070fc00000, 0x000000070fe00000|  0%| F|  |TAMS 0x000000070fc00000, 0x000000070fc00000| Untracked 
|  92|0x000000070fe00000, 0x000000070fe00000, 0x0000000710000000|  0%| F|  |TAMS 0x000000070fe00000, 0x000000070fe00000| Untracked 
|  93|0x0000000710000000, 0x0000000710000000, 0x0000000710200000|  0%| F|  |TAMS 0x0000000710000000, 0x0000000710000000| Untracked 
|  94|0x0000000710200000, 0x0000000710200000, 0x0000000710400000|  0%| F|  |TAMS 0x0000000710200000, 0x0000000710200000| Untracked 
|  95|0x0000000710400000, 0x0000000710400000, 0x0000000710600000|  0%| F|  |TAMS 0x0000000710400000, 0x0000000710400000| Untracked 
|  96|0x0000000710600000, 0x0000000710600000, 0x0000000710800000|  0%| F|  |TAMS 0x0000000710600000, 0x0000000710600000| Untracked 
|  97|0x0000000710800000, 0x0000000710800000, 0x0000000710a00000|  0%| F|  |TAMS 0x0000000710800000, 0x0000000710800000| Untracked 
|  98|0x0000000710a00000, 0x0000000710a00000, 0x0000000710c00000|  0%| F|  |TAMS 0x0000000710a00000, 0x0000000710a00000| Untracked 
|  99|0x0000000710c00000, 0x0000000710c00000, 0x0000000710e00000|  0%| F|  |TAMS 0x0000000710c00000, 0x0000000710c00000| Untracked 
| 100|0x0000000710e00000, 0x0000000710e00000, 0x0000000711000000|  0%| F|  |TAMS 0x0000000710e00000, 0x0000000710e00000| Untracked 
| 101|0x0000000711000000, 0x0000000711000000, 0x0000000711200000|  0%| F|  |TAMS 0x0000000711000000, 0x0000000711000000| Untracked 
| 102|0x0000000711200000, 0x0000000711200000, 0x0000000711400000|  0%| F|  |TAMS 0x0000000711200000, 0x0000000711200000| Untracked 
| 103|0x0000000711400000, 0x0000000711400000, 0x0000000711600000|  0%| F|  |TAMS 0x0000000711400000, 0x0000000711400000| Untracked 
| 104|0x0000000711600000, 0x0000000711600000, 0x0000000711800000|  0%| F|  |TAMS 0x0000000711600000, 0x0000000711600000| Untracked 
| 105|0x0000000711800000, 0x0000000711800000, 0x0000000711a00000|  0%| F|  |TAMS 0x0000000711800000, 0x0000000711800000| Untracked 
| 106|0x0000000711a00000, 0x0000000711a00000, 0x0000000711c00000|  0%| F|  |TAMS 0x0000000711a00000, 0x0000000711a00000| Untracked 
| 107|0x0000000711c00000, 0x0000000711c00000, 0x0000000711e00000|  0%| F|  |TAMS 0x0000000711c00000, 0x0000000711c00000| Untracked 
| 108|0x0000000711e00000, 0x0000000711e00000, 0x0000000712000000|  0%| F|  |TAMS 0x0000000711e00000, 0x0000000711e00000| Untracked 
| 109|0x0000000712000000, 0x0000000712000000, 0x0000000712200000|  0%| F|  |TAMS 0x0000000712000000, 0x0000000712000000| Untracked 
| 110|0x0000000712200000, 0x0000000712200000, 0x0000000712400000|  0%| F|  |TAMS 0x0000000712200000, 0x0000000712200000| Untracked 
| 111|0x0000000712400000, 0x0000000712400000, 0x0000000712600000|  0%| F|  |TAMS 0x0000000712400000, 0x0000000712400000| Untracked 
| 112|0x0000000712600000, 0x0000000712600000, 0x0000000712800000|  0%| F|  |TAMS 0x0000000712600000, 0x0000000712600000| Untracked 
| 113|0x0000000712800000, 0x00000007128c3820, 0x0000000712a00000| 38%| S|CS|TAMS 0x0000000712800000, 0x0000000712800000| Complete 
| 114|0x0000000712a00000, 0x0000000712c00000, 0x0000000712c00000|100%| S|CS|TAMS 0x0000000712a00000, 0x0000000712a00000| Complete 
| 115|0x0000000712c00000, 0x0000000712c00000, 0x0000000712e00000|  0%| F|  |TAMS 0x0000000712c00000, 0x0000000712c00000| Untracked 
| 116|0x0000000712e00000, 0x0000000712e00000, 0x0000000713000000|  0%| F|  |TAMS 0x0000000712e00000, 0x0000000712e00000| Untracked 
| 117|0x0000000713000000, 0x00000007131c5858, 0x0000000713200000| 88%| E|  |TAMS 0x0000000713000000, 0x0000000713000000| Complete 
| 118|0x0000000713200000, 0x0000000713400000, 0x0000000713400000|100%| E|CS|TAMS 0x0000000713200000, 0x0000000713200000| Complete 
| 119|0x0000000713400000, 0x0000000713600000, 0x0000000713600000|100%| E|CS|TAMS 0x0000000713400000, 0x0000000713400000| Complete 
| 120|0x0000000713600000, 0x0000000713800000, 0x0000000713800000|100%| E|CS|TAMS 0x0000000713600000, 0x0000000713600000| Complete 
| 121|0x0000000713800000, 0x0000000713a00000, 0x0000000713a00000|100%| E|CS|TAMS 0x0000000713800000, 0x0000000713800000| Complete 
| 122|0x0000000713a00000, 0x0000000713c00000, 0x0000000713c00000|100%| E|CS|TAMS 0x0000000713a00000, 0x0000000713a00000| Complete 
| 123|0x0000000713c00000, 0x0000000713e00000, 0x0000000713e00000|100%| E|CS|TAMS 0x0000000713c00000, 0x0000000713c00000| Complete 
| 124|0x0000000713e00000, 0x0000000714000000, 0x0000000714000000|100%| E|CS|TAMS 0x0000000713e00000, 0x0000000713e00000| Complete 
| 125|0x0000000714000000, 0x0000000714200000, 0x0000000714200000|100%| E|CS|TAMS 0x0000000714000000, 0x0000000714000000| Complete 

Card table byte_map: [0x00000155fc2e0000,0x00000155fcac0000] _byte_map_base: 0x00000155f8abd000

Marking Bits (Prev, Next): (CMBitMap*) 0x00000155f3a614e0, (CMBitMap*) 0x00000155f3a61520
 Prev Bits: [0x000001558f000000, 0x0000015592ee8000)
 Next Bits: [0x0000015592ef0000, 0x0000015596dd8000)

Polling page: 0x00000155f31f0000

Metaspace:

Usage:
  Non-class:      7.50 MB used.
      Class:      1.18 MB used.
       Both:      8.69 MB used.

Virtual space:
  Non-class space:       16.00 MB reserved,       7.62 MB ( 48%) committed,  2 nodes.
      Class space:        1.00 GB reserved,       1.25 MB ( <1%) committed,  1 nodes.
             Both:        1.02 GB reserved,       8.88 MB ( <1%) committed. 

Chunk freelists:
   Non-Class:  2.42 MB
       Class:  2.70 MB
        Both:  5.12 MB

MaxMetaspaceSize: unlimited
CompressedClassSpaceSize: 1.00 GB
Initial GC threshold: 21.00 MB
Current GC threshold: 21.00 MB
CDS: on
MetaspaceReclaimPolicy: balanced
 - commit_granule_bytes: 65536.
 - commit_granule_words: 8192.
 - virtual_space_node_default_size: 1048576.
 - enlarge_chunks_in_place: 1.
 - new_chunks_are_fully_committed: 0.
 - uncommit_free_chunks: 1.
 - use_allocation_guard: 0.
 - handle_deallocations: 1.


Internal statistics:

num_allocs_failed_limit: 0.
num_arena_births: 114.
num_arena_deaths: 0.
num_vsnodes_births: 3.
num_vsnodes_deaths: 0.
num_space_committed: 142.
num_space_uncommitted: 0.
num_chunks_returned_to_freelist: 0.
num_chunks_taken_from_freelist: 398.
num_chunk_merges: 0.
num_chunk_splits: 286.
num_chunks_enlarged: 238.
num_purges: 0.
num_inconsistent_stats: 0.

CodeHeap 'non-profiled nmethods': size=119168Kb used=491Kb max_used=491Kb free=118676Kb
 bounds [0x0000015587ba0000, 0x0000015587e10000, 0x000001558f000000]
CodeHeap 'profiled nmethods': size=119104Kb used=2454Kb max_used=2454Kb free=116649Kb
 bounds [0x0000015580750000, 0x00000155809c0000, 0x0000015587ba0000]
CodeHeap 'non-nmethods': size=7488Kb used=3030Kb max_used=3053Kb free=4457Kb
 bounds [0x0000015580000000, 0x0000015580300000, 0x0000015580750000]
 total_blobs=2092 nmethods=1422 adapters=580
 compilation: enabled
              stopped_count=0, restarted_count=0
 full_count=0

Compilation events (20 events):
Event: 0.577 Thread 0x00000155971eaea0 1320       4       java.util.HashSet::add (20 bytes)
Event: 0.578 Thread 0x00000155971f4c70 1321       3       java.util.ArrayList$SubList::checkForComodification (23 bytes)
Event: 0.578 Thread 0x0000015597d75e60 1322       1       com.sun.javafx.css.ParsedValueImpl::isLookup (5 bytes)
Event: 0.578 Thread 0x0000015597ce9370 1323       1       javafx.css.Style::getSelector (5 bytes)
Event: 0.578 Thread 0x00000155971f4c70 nmethod 1321 0x0000015580979610 code [0x00000155809797c0, 0x00000155809799e8]
Event: 0.578 Thread 0x0000015597d75e60 nmethod 1322 0x0000015587c11810 code [0x0000015587c119a0, 0x0000015587c11a78]
Event: 0.578 Thread 0x00000155971f4c70 1324       1       javafx.css.ParsedValue::getValue (5 bytes)
Event: 0.578 Thread 0x0000015597ce9370 nmethod 1323 0x0000015587c11b10 code [0x0000015587c11ca0, 0x0000015587c11d78]
Event: 0.578 Thread 0x0000015597d75e60 1325       3       java.util.ArrayList$SubList::size (9 bytes)
Event: 0.578 Thread 0x00000155971f4c70 nmethod 1324 0x0000015587c11e10 code [0x0000015587c11fa0, 0x0000015587c12078]
Event: 0.578 Thread 0x00000155971f4c70 1326       1       com.sun.javafx.css.ParsedValueImpl::isContainsLookups (5 bytes)
Event: 0.578 Thread 0x0000015597ce9370 1327       3       javafx.scene.CssStyleHelper::getStyle (162 bytes)
Event: 0.578 Thread 0x00000155971f4c70 nmethod 1326 0x0000015587c12110 code [0x0000015587c122a0, 0x0000015587c12378]
Event: 0.578 Thread 0x0000015597d75e60 nmethod 1325 0x0000015580979b10 code [0x0000015580979cc0, 0x0000015580979f48]
Event: 0.578 Thread 0x0000015597ce9370 nmethod 1327 0x000001558097a090 code [0x000001558097a320, 0x000001558097b058]
Event: 0.578 Thread 0x0000015597d76370 nmethod 1319 0x000001558097b490 code [0x000001558097b7c0, 0x000001558097d2a8]
Event: 0.578 Thread 0x0000015597d76370 1328       1       javafx.css.Size::getUnits (5 bytes)
Event: 0.578 Thread 0x0000015597d76370 nmethod 1328 0x0000015587c12410 code [0x0000015587c125a0, 0x0000015587c12678]
Event: 0.580 Thread 0x0000015597e6d210 1329       4       java.lang.String::equals (56 bytes)
Event: 0.581 Thread 0x0000015597e6d210 nmethod 1329 0x0000015587c12710 code [0x0000015587c12880, 0x0000015587c12a58]

GC Heap History (2 events):
Event: 0.416 GC heap before
{Heap before GC invocations=0 (full 0):
 garbage-first heap   total 258048K, used 20480K [0x0000000704600000, 0x0000000800000000)
  region size 2048K, 11 young (22528K), 0 survivors (0K)
 Metaspace       used 4740K, committed 4864K, reserved 1056768K
  class space    used 605K, committed 640K, reserved 1048576K
}
Event: 0.419 GC heap after
{Heap after GC invocations=1 (full 0):
 garbage-first heap   total 258048K, used 2830K [0x0000000704600000, 0x0000000800000000)
  region size 2048K, 2 young (4096K), 2 survivors (4096K)
 Metaspace       used 4740K, committed 4864K, reserved 1056768K
  class space    used 605K, committed 640K, reserved 1048576K
}

Deoptimization events (20 events):
Event: 0.564 Thread 0x00000155984ebc90 Uncommon trap: trap_request=0xffffff45 fr.pc=0x0000015587bbd818 relative=0x0000000000000098
Event: 0.564 Thread 0x00000155984ebc90 Uncommon trap: reason=unstable_if action=reinterpret pc=0x0000015587bbd818 method=java.util.HashMap.hash(Ljava/lang/Object;)I @ 1 c2
Event: 0.564 Thread 0x00000155984ebc90 DEOPT PACKING pc=0x0000015587bbd818 sp=0x0000001cfb3fdce0
Event: 0.564 Thread 0x00000155984ebc90 DEOPT UNPACKING pc=0x0000015580055c23 sp=0x0000001cfb3fdc78 mode 2
Event: 0.577 Thread 0x00000155984ebc90 Uncommon trap: trap_request=0xffffffde fr.pc=0x0000015587bb0b2c relative=0x00000000000001ac
Event: 0.577 Thread 0x00000155984ebc90 Uncommon trap: reason=class_check action=maybe_recompile pc=0x0000015587bb0b2c method=java.lang.String.equals(Ljava/lang/Object;)Z @ 8 c2
Event: 0.577 Thread 0x00000155984ebc90 DEOPT PACKING pc=0x0000015587bb0b2c sp=0x0000001cfb3fdcc0
Event: 0.577 Thread 0x00000155984ebc90 DEOPT UNPACKING pc=0x0000015580055c23 sp=0x0000001cfb3fdc68 mode 2
Event: 0.577 Thread 0x00000155984ebc90 Uncommon trap: trap_request=0xffffffde fr.pc=0x0000015587bb0b2c relative=0x00000000000001ac
Event: 0.577 Thread 0x00000155984ebc90 Uncommon trap: reason=class_check action=maybe_recompile pc=0x0000015587bb0b2c method=java.lang.String.equals(Ljava/lang/Object;)Z @ 8 c2
Event: 0.577 Thread 0x00000155984ebc90 DEOPT PACKING pc=0x0000015587bb0b2c sp=0x0000001cfb3fdbd0
Event: 0.577 Thread 0x00000155984ebc90 DEOPT UNPACKING pc=0x0000015580055c23 sp=0x0000001cfb3fdb78 mode 2
Event: 0.577 Thread 0x00000155984ebc90 Uncommon trap: trap_request=0xffffffde fr.pc=0x0000015587bb0b2c relative=0x00000000000001ac
Event: 0.577 Thread 0x00000155984ebc90 Uncommon trap: reason=class_check action=maybe_recompile pc=0x0000015587bb0b2c method=java.lang.String.equals(Ljava/lang/Object;)Z @ 8 c2
Event: 0.577 Thread 0x00000155984ebc90 DEOPT PACKING pc=0x0000015587bb0b2c sp=0x0000001cfb3fdbd0
Event: 0.577 Thread 0x00000155984ebc90 DEOPT UNPACKING pc=0x0000015580055c23 sp=0x0000001cfb3fdb78 mode 2
Event: 0.577 Thread 0x00000155984ebc90 Uncommon trap: trap_request=0xffffffde fr.pc=0x0000015587bb0b2c relative=0x00000000000001ac
Event: 0.577 Thread 0x00000155984ebc90 Uncommon trap: reason=class_check action=maybe_recompile pc=0x0000015587bb0b2c method=java.lang.String.equals(Ljava/lang/Object;)Z @ 8 c2
Event: 0.577 Thread 0x00000155984ebc90 DEOPT PACKING pc=0x0000015587bb0b2c sp=0x0000001cfb3fdbd0
Event: 0.577 Thread 0x00000155984ebc90 DEOPT UNPACKING pc=0x0000015580055c23 sp=0x0000001cfb3fdb78 mode 2

Classes unloaded (0 events):
No events

Classes redefined (0 events):
No events

Internal exceptions (20 events):
Event: 0.103 Thread 0x0000015598aecdb0 Exception <a 'java/lang/NoSuchMethodError'{0x00000007138f1bf8}: 'void java.lang.invoke.DirectMethodHandle$Holder.invokeStatic(java.lang.Object, java.lang.Object)'> (0x00000007138f1bf8) 
thrown [t:\workspace\open\src\hotspot\share\interpreter\linkResolver.cpp, line 766]
Event: 0.169 Thread 0x00000155f3a10be0 Exception <a 'java/lang/NoSuchMethodError'{0x0000000713488ad8}: 'void java.lang.invoke.DirectMethodHandle$Holder.invokeSpecial(java.lang.Object, java.lang.Object, java.lang.Object)'> (0x0000000713488ad8) 
thrown [t:\workspace\open\src\hotspot\share\interpreter\linkResolver.cpp, line 766]
Event: 0.174 Thread 0x00000155f3a10be0 Exception <a 'java/lang/NoSuchMethodError'{0x00000007134bf258}: 'void java.lang.invoke.DirectMethodHandle$Holder.invokeStatic(java.lang.Object, java.lang.Object, java.lang.Object)'> (0x00000007134bf258) 
thrown [t:\workspace\open\src\hotspot\share\interpreter\linkResolver.cpp, line 766]
Event: 0.221 Thread 0x00000155f3a10be0 Exception <a 'java/lang/NoSuchMethodError'{0x00000007134dbd98}: 'int java.lang.invoke.DirectMethodHandle$Holder.invokeStaticInit(java.lang.Object, java.lang.Object, java.lang.Object)'> (0x00000007134dbd98) 
thrown [t:\workspace\open\src\hotspot\share\interpreter\linkResolver.cpp, line 766]
Event: 0.276 Thread 0x00000155f3a10be0 Exception <a 'java/lang/NoSuchMethodError'{0x00000007135ffb48}: 'java.lang.Object java.lang.invoke.DirectMethodHandle$Holder.newInvokeSpecial(java.lang.Object, java.lang.Object, int, java.lang.Object)'> (0x00000007135ffb48) 
thrown [t:\workspace\open\src\hotspot\share\interpreter\linkResolver.cpp, line 766]
Event: 0.277 Thread 0x00000155f3a10be0 Exception <a 'java/lang/NoSuchMethodError'{0x0000000713204a20}: 'java.lang.Object java.lang.invoke.DirectMethodHandle$Holder.invokeSpecial(java.lang.Object, java.lang.Object, java.lang.Object, int, java.lang.Object)'> (0x0000000713204a20) 
thrown [t:\workspace\open\src\hotspot\share\interpreter\linkResolver.cpp, line 766]
Event: 0.384 Thread 0x00000155984ebc90 Exception <a 'java/lang/NoSuchMethodError'{0x00000007130a0ce8}: 'void java.lang.invoke.DirectMethodHandle$Holder.invokeStaticInit(java.lang.Object)'> (0x00000007130a0ce8) 
thrown [t:\workspace\open\src\hotspot\share\interpreter\linkResolver.cpp, line 766]
Event: 0.386 Thread 0x00000155f3a10be0 Exception <a 'java/lang/NoSuchMethodError'{0x0000000713219ae8}: 'java.lang.Object java.lang.invoke.DirectMethodHandle$Holder.newInvokeSpecial(java.lang.Object, java.lang.Object, java.lang.Object, java.lang.Object, java.lang.Object, java.lang.Object)'> (0x0000000713219ae8) 
thrown [t:\workspace\open\src\hotspot\share\interpreter\linkResolver.cpp, line 766]
Event: 0.392 Thread 0x00000155f3a10be0 Exception <a 'java/lang/NoSuchMethodError'{0x000000071324ff38}: 'java.lang.Object java.lang.invoke.DirectMethodHandle$Holder.newInvokeSpecial(java.lang.Object, java.lang.Object, java.lang.Object, java.lang.Object, java.lang.Object)'> (0x000000071324ff38) 
thrown [t:\workspace\open\src\hotspot\share\interpreter\linkResolver.cpp, line 766]
Event: 0.392 Thread 0x000001559897cb90 Exception <a 'java/lang/NoSuchMethodError'{0x00000007131c81b0}: 'void java.lang.invoke.DirectMethodHandle$Holder.invokeStatic(java.lang.Object, java.lang.Object, java.lang.Object, java.lang.Object)'> (0x00000007131c81b0) 
thrown [t:\workspace\open\src\hotspot\share\interpreter\linkResolver.cpp, line 766]
Event: 0.409 Thread 0x00000155984ebc90 Exception <a 'java/lang/NoSuchMethodError'{0x0000000712cb0b28}: 'java.lang.Object java.lang.invoke.DirectMethodHandle$Holder.invokeStaticInit(java.lang.Object, java.lang.Object, java.lang.Object, java.lang.Object)'> (0x0000000712cb0b28) 
thrown [t:\workspace\open\src\hotspot\share\interpreter\linkResolver.cpp, line 766]
Event: 0.409 Thread 0x00000155984ebc90 Exception <a 'java/lang/NullPointerException'{0x0000000712cbc740}> (0x0000000712cbc740) 
thrown [t:\workspace\open\src\hotspot\share\interpreter\linkResolver.cpp, line 1357]
Event: 0.503 Thread 0x00000155984ebc90 Exception <a 'java/lang/NoSuchMethodError'{0x0000000713876c88}: 'java.lang.Object java.lang.invoke.DirectMethodHandle$Holder.newInvokeSpecial(java.lang.Object, java.lang.Object, int)'> (0x0000000713876c88) 
thrown [t:\workspace\open\src\hotspot\share\interpreter\linkResolver.cpp, line 766]
Event: 0.518 Thread 0x00000155984ebc90 Exception <a 'java/lang/ClassNotFoundException'{0x00000007136260b0}: com/sun/glass/ui/win/themes> (0x00000007136260b0) 
thrown [t:\workspace\open\src\hotspot\share\prims\jni.cpp, line 535]
Event: 0.518 Thread 0x00000155984ebc90 Exception <a 'java/lang/ClassNotFoundException'{0x000000071362dd78}: com/sun/glass/ui/win/themes_en> (0x000000071362dd78) 
thrown [t:\workspace\open\src\hotspot\share\prims\jni.cpp, line 535]
Event: 0.518 Thread 0x00000155984ebc90 Exception <a 'java/lang/ClassNotFoundException'{0x0000000713635b08}: com/sun/glass/ui/win/themes_en_US> (0x0000000713635b08) 
thrown [t:\workspace\open\src\hotspot\share\prims\jni.cpp, line 535]
Event: 0.547 Thread 0x00000155984ebc90 Exception <a 'java/lang/NoSuchMethodError'{0x0000000713567168}: 'void java.lang.invoke.DirectMethodHandle$Holder.invokeStaticInit(java.lang.Object, java.lang.Object)'> (0x0000000713567168) 
thrown [t:\workspace\open\src\hotspot\share\interpreter\linkResolver.cpp, line 766]
Event: 0.564 Thread 0x00000155984ebc90 Implicit null exception at 0x0000015587c09194 to 0x0000015587c09594
Event: 0.564 Thread 0x00000155984ebc90 Implicit null exception at 0x0000015587c0578f to 0x0000015587c05b6c
Event: 0.564 Thread 0x00000155984ebc90 Implicit null exception at 0x0000015587bbd78f to 0x0000015587bbd809

VM Operations (16 events):
Event: 0.040 Executing VM operation: HandshakeAllThreads
Event: 0.040 Executing VM operation: HandshakeAllThreads done
Event: 0.074 Executing VM operation: HandshakeAllThreads
Event: 0.074 Executing VM operation: HandshakeAllThreads done
Event: 0.097 Executing VM operation: HandshakeAllThreads
Event: 0.097 Executing VM operation: HandshakeAllThreads done
Event: 0.251 Executing VM operation: HandshakeAllThreads
Event: 0.251 Executing VM operation: HandshakeAllThreads done
Event: 0.416 Executing VM operation: G1CollectForAllocation
Event: 0.419 Executing VM operation: G1CollectForAllocation done
Event: 0.524 Executing VM operation: HandshakeAllThreads
Event: 0.524 Executing VM operation: HandshakeAllThreads done
Event: 0.572 Executing VM operation: ICBufferFull
Event: 0.572 Executing VM operation: ICBufferFull done
Event: 0.581 Executing VM operation: HandshakeAllThreads
Event: 0.581 Executing VM operation: HandshakeAllThreads done

Events (20 events):
Event: 0.524 loading class sun/net/www/protocol/jar/URLJarFile
Event: 0.524 loading class sun/net/www/protocol/jar/URLJarFile done
Event: 0.524 loading class sun/net/www/protocol/jar/URLJarFile$URLJarFileEntry
Event: 0.524 loading class sun/net/www/protocol/jar/URLJarFile$URLJarFileEntry done
Event: 0.524 loading class sun/net/www/protocol/jar/JarURLConnection$JarURLInputStream
Event: 0.524 loading class sun/net/www/protocol/jar/JarURLConnection$JarURLInputStream done
Event: 0.532 loading class java/util/AbstractList$RandomAccessSubList
Event: 0.532 loading class java/util/AbstractList$SubList
Event: 0.532 loading class java/util/AbstractList$SubList done
Event: 0.532 loading class java/util/AbstractList$RandomAccessSubList done
Event: 0.533 loading class java/util/AbstractList$SubList$1
Event: 0.533 loading class java/util/AbstractList$SubList$1 done
Event: 0.533 loading class java/util/AbstractList$ListItr
Event: 0.533 loading class java/util/AbstractList$ListItr done
Event: 0.546 loading class java/util/WeakHashMap$Values
Event: 0.546 loading class java/util/WeakHashMap$Values done
Event: 0.546 loading class java/util/WeakHashMap$ValueIterator
Event: 0.546 loading class java/util/WeakHashMap$ValueIterator done
Event: 0.574 loading class java/lang/System$Logger$Level
Event: 0.574 loading class java/lang/System$Logger$Level done


Dynamic libraries:
0x00007ff743c20000 - 0x00007ff743c30000 	C:\Java\jdk-17.0.2\bin\java.exe
0x00007ffe5d400000 - 0x00007ffe5d609000 	C:\WINDOWS\SYSTEM32\ntdll.dll
0x00007ffe5b2a0000 - 0x00007ffe5b35d000 	C:\WINDOWS\System32\KERNEL32.DLL
0x00007ffe5aa80000 - 0x00007ffe5adf4000 	C:\WINDOWS\System32\KERNELBASE.dll
0x00007ffe5a8f0000 - 0x00007ffe5aa01000 	C:\WINDOWS\System32\ucrtbase.dll
0x00007ffe54cc0000 - 0x00007ffe54cd8000 	C:\Java\jdk-17.0.2\bin\jli.dll
0x00007ffe54c80000 - 0x00007ffe54c9a000 	C:\Java\jdk-17.0.2\bin\VCRUNTIME140.dll
0x00007ffe5b3d0000 - 0x00007ffe5b47e000 	C:\WINDOWS\System32\ADVAPI32.dll
0x00007ffe5b850000 - 0x00007ffe5b8f3000 	C:\WINDOWS\System32\msvcrt.dll
0x00007ffe5b6a0000 - 0x00007ffe5b73e000 	C:\WINDOWS\System32\sechost.dll
0x00007ffe5c4d0000 - 0x00007ffe5c5f0000 	C:\WINDOWS\System32\RPCRT4.dll
0x00007ffe5c870000 - 0x00007ffe5ca1c000 	C:\WINDOWS\System32\USER32.dll
0x00007ffe5b150000 - 0x00007ffe5b176000 	C:\WINDOWS\System32\win32u.dll
0x00007ffe3d540000 - 0x00007ffe3d7e5000 	C:\WINDOWS\WinSxS\amd64_microsoft.windows.common-controls_6595b64144ccf1df_6.0.22000.120_none_9d947278b86cc467\COMCTL32.dll
0x00007ffe5d390000 - 0x00007ffe5d3b9000 	C:\WINDOWS\System32\GDI32.dll
0x00007ffe5af70000 - 0x00007ffe5b082000 	C:\WINDOWS\System32\gdi32full.dll
0x00007ffe5b200000 - 0x00007ffe5b29d000 	C:\WINDOWS\System32\msvcp_win.dll
0x00007ffe54570000 - 0x00007ffe5457a000 	C:\WINDOWS\SYSTEM32\VERSION.dll
0x00007ffe5d350000 - 0x00007ffe5d381000 	C:\WINDOWS\System32\IMM32.DLL
0x00007ffe54eb0000 - 0x00007ffe54ebc000 	C:\Java\jdk-17.0.2\bin\vcruntime140_1.dll
0x00007ffe43b80000 - 0x00007ffe43c0d000 	C:\Java\jdk-17.0.2\bin\msvcp140.dll
0x00007ffddc080000 - 0x00007ffddcc41000 	C:\Java\jdk-17.0.2\bin\server\jvm.dll
0x00007ffe5c5f0000 - 0x00007ffe5c5f8000 	C:\WINDOWS\System32\PSAPI.DLL
0x00007ffe54b50000 - 0x00007ffe54b83000 	C:\WINDOWS\SYSTEM32\WINMM.dll
0x00007ffe3e780000 - 0x00007ffe3e789000 	C:\WINDOWS\SYSTEM32\WSOCK32.dll
0x00007ffe5b360000 - 0x00007ffe5b3cf000 	C:\WINDOWS\System32\WS2_32.dll
0x00007ffe59aa0000 - 0x00007ffe59ab8000 	C:\WINDOWS\SYSTEM32\kernel.appcore.dll
0x00007ffe54c50000 - 0x00007ffe54c5a000 	C:\Java\jdk-17.0.2\bin\jimage.dll
0x00007ffe58430000 - 0x00007ffe58651000 	C:\WINDOWS\SYSTEM32\DBGHELP.DLL
0x00007ffe4ada0000 - 0x00007ffe4add1000 	C:\WINDOWS\SYSTEM32\dbgcore.DLL
0x00007ffe5b180000 - 0x00007ffe5b1ff000 	C:\WINDOWS\System32\bcryptPrimitives.dll
0x00007ffe55700000 - 0x00007ffe5570e000 	C:\Java\jdk-17.0.2\bin\instrument.dll
0x00007ffe4af20000 - 0x00007ffe4af45000 	C:\Java\jdk-17.0.2\bin\java.dll
0x00007ffe30600000 - 0x00007ffe306d6000 	C:\Java\jdk-17.0.2\bin\jsvml.dll
0x00007ffe5bcb0000 - 0x00007ffe5c45e000 	C:\WINDOWS\System32\SHELL32.dll
0x00007ffe58a30000 - 0x00007ffe59298000 	C:\WINDOWS\SYSTEM32\windows.storage.dll
0x00007ffe5cad0000 - 0x00007ffe5ce48000 	C:\WINDOWS\System32\combase.dll
0x00007ffe588c0000 - 0x00007ffe58a26000 	C:\WINDOWS\SYSTEM32\wintypes.dll
0x00007ffe5b740000 - 0x00007ffe5b82a000 	C:\WINDOWS\System32\SHCORE.dll
0x00007ffe5c600000 - 0x00007ffe5c65d000 	C:\WINDOWS\System32\shlwapi.dll
0x00007ffe5a820000 - 0x00007ffe5a841000 	C:\WINDOWS\SYSTEM32\profapi.dll
0x00007ffe54c20000 - 0x00007ffe54c39000 	C:\Java\jdk-17.0.2\bin\net.dll
0x00007ffe55b50000 - 0x00007ffe55c5c000 	C:\WINDOWS\SYSTEM32\WINHTTP.dll
0x00007ffe59ec0000 - 0x00007ffe59f27000 	C:\WINDOWS\system32\mswsock.dll
0x00007ffe54b90000 - 0x00007ffe54ba6000 	C:\Java\jdk-17.0.2\bin\nio.dll
0x00007ffe54640000 - 0x00007ffe54658000 	C:\Java\jdk-17.0.2\bin\zip.dll
0x00007ffe54ef0000 - 0x00007ffe54f0a000 	C:\Program Files\JetBrains\IntelliJ IDEA Educational Edition 2021.3.3\bin\breakgen64.dll
0x0000015597350000 - 0x0000015597353000 	C:\Users\Wang Liu\Downloads\openjfx-18_windows-x64_bin-sdk\javafx-sdk-18\bin\api-ms-win-core-console-l1-1-0.dll
0x0000015597360000 - 0x0000015597363000 	C:\Users\Wang Liu\Downloads\openjfx-18_windows-x64_bin-sdk\javafx-sdk-18\bin\api-ms-win-core-console-l1-2-0.dll
0x0000015597370000 - 0x0000015597373000 	C:\Users\Wang Liu\Downloads\openjfx-18_windows-x64_bin-sdk\javafx-sdk-18\bin\api-ms-win-core-datetime-l1-1-0.dll
0x0000015597380000 - 0x0000015597383000 	C:\Users\Wang Liu\Downloads\openjfx-18_windows-x64_bin-sdk\javafx-sdk-18\bin\api-ms-win-core-debug-l1-1-0.dll
0x0000015597390000 - 0x0000015597393000 	C:\Users\Wang Liu\Downloads\openjfx-18_windows-x64_bin-sdk\javafx-sdk-18\bin\api-ms-win-core-errorhandling-l1-1-0.dll
0x00000155973a0000 - 0x00000155973a4000 	C:\Users\Wang Liu\Downloads\openjfx-18_windows-x64_bin-sdk\javafx-sdk-18\bin\api-ms-win-core-file-l1-1-0.dll
0x00000155973b0000 - 0x00000155973b3000 	C:\Users\Wang Liu\Downloads\openjfx-18_windows-x64_bin-sdk\javafx-sdk-18\bin\api-ms-win-core-file-l1-2-0.dll
0x00000155973c0000 - 0x00000155973c3000 	C:\Users\Wang Liu\Downloads\openjfx-18_windows-x64_bin-sdk\javafx-sdk-18\bin\api-ms-win-core-file-l2-1-0.dll
0x00000155973d0000 - 0x00000155973d3000 	C:\Users\Wang Liu\Downloads\openjfx-18_windows-x64_bin-sdk\javafx-sdk-18\bin\api-ms-win-core-handle-l1-1-0.dll
0x00000155973e0000 - 0x00000155973e3000 	C:\Users\Wang Liu\Downloads\openjfx-18_windows-x64_bin-sdk\javafx-sdk-18\bin\api-ms-win-core-heap-l1-1-0.dll
0x00000155973f0000 - 0x00000155973f3000 	C:\Users\Wang Liu\Downloads\openjfx-18_windows-x64_bin-sdk\javafx-sdk-18\bin\api-ms-win-core-interlocked-l1-1-0.dll
0x00000155997d0000 - 0x00000155997d3000 	C:\Users\Wang Liu\Downloads\openjfx-18_windows-x64_bin-sdk\javafx-sdk-18\bin\api-ms-win-core-libraryloader-l1-1-0.dll
0x00000155997e0000 - 0x00000155997e3000 	C:\Users\Wang Liu\Downloads\openjfx-18_windows-x64_bin-sdk\javafx-sdk-18\bin\api-ms-win-core-localization-l1-2-0.dll
0x00000155997f0000 - 0x00000155997f3000 	C:\Users\Wang Liu\Downloads\openjfx-18_windows-x64_bin-sdk\javafx-sdk-18\bin\api-ms-win-core-memory-l1-1-0.dll
0x0000015599800000 - 0x0000015599803000 	C:\Users\Wang Liu\Downloads\openjfx-18_windows-x64_bin-sdk\javafx-sdk-18\bin\api-ms-win-core-namedpipe-l1-1-0.dll
0x0000015599810000 - 0x0000015599813000 	C:\Users\Wang Liu\Downloads\openjfx-18_windows-x64_bin-sdk\javafx-sdk-18\bin\api-ms-win-core-processenvironment-l1-1-0.dll
0x0000015599820000 - 0x0000015599823000 	C:\Users\Wang Liu\Downloads\openjfx-18_windows-x64_bin-sdk\javafx-sdk-18\bin\api-ms-win-core-processthreads-l1-1-0.dll
0x0000015599830000 - 0x0000015599833000 	C:\Users\Wang Liu\Downloads\openjfx-18_windows-x64_bin-sdk\javafx-sdk-18\bin\api-ms-win-core-processthreads-l1-1-1.dll
0x0000015599840000 - 0x0000015599843000 	C:\Users\Wang Liu\Downloads\openjfx-18_windows-x64_bin-sdk\javafx-sdk-18\bin\api-ms-win-core-profile-l1-1-0.dll
0x0000015599850000 - 0x0000015599853000 	C:\Users\Wang Liu\Downloads\openjfx-18_windows-x64_bin-sdk\javafx-sdk-18\bin\api-ms-win-core-rtlsupport-l1-1-0.dll
0x0000015599860000 - 0x0000015599863000 	C:\Users\Wang Liu\Downloads\openjfx-18_windows-x64_bin-sdk\javafx-sdk-18\bin\api-ms-win-core-string-l1-1-0.dll
0x0000015599870000 - 0x0000015599873000 	C:\Users\Wang Liu\Downloads\openjfx-18_windows-x64_bin-sdk\javafx-sdk-18\bin\api-ms-win-core-synch-l1-1-0.dll
0x0000015599880000 - 0x0000015599883000 	C:\Users\Wang Liu\Downloads\openjfx-18_windows-x64_bin-sdk\javafx-sdk-18\bin\api-ms-win-core-synch-l1-2-0.dll
0x0000015599890000 - 0x0000015599893000 	C:\Users\Wang Liu\Downloads\openjfx-18_windows-x64_bin-sdk\javafx-sdk-18\bin\api-ms-win-core-sysinfo-l1-1-0.dll
0x00000155998a0000 - 0x00000155998a3000 	C:\Users\Wang Liu\Downloads\openjfx-18_windows-x64_bin-sdk\javafx-sdk-18\bin\api-ms-win-core-timezone-l1-1-0.dll
0x00000155998b0000 - 0x00000155998b3000 	C:\Users\Wang Liu\Downloads\openjfx-18_windows-x64_bin-sdk\javafx-sdk-18\bin\api-ms-win-core-util-l1-1-0.dll
0x00000155998c0000 - 0x00000155998c3000 	C:\Users\Wang Liu\Downloads\openjfx-18_windows-x64_bin-sdk\javafx-sdk-18\bin\api-ms-win-crt-conio-l1-1-0.dll
0x00000155998d0000 - 0x00000155998d4000 	C:\Users\Wang Liu\Downloads\openjfx-18_windows-x64_bin-sdk\javafx-sdk-18\bin\api-ms-win-crt-convert-l1-1-0.dll
0x00000155998e0000 - 0x00000155998e3000 	C:\Users\Wang Liu\Downloads\openjfx-18_windows-x64_bin-sdk\javafx-sdk-18\bin\api-ms-win-crt-environment-l1-1-0.dll
0x00000155998f0000 - 0x00000155998f3000 	C:\Users\Wang Liu\Downloads\openjfx-18_windows-x64_bin-sdk\javafx-sdk-18\bin\api-ms-win-crt-filesystem-l1-1-0.dll
0x0000015599900000 - 0x0000015599903000 	C:\Users\Wang Liu\Downloads\openjfx-18_windows-x64_bin-sdk\javafx-sdk-18\bin\api-ms-win-crt-heap-l1-1-0.dll
0x0000015599910000 - 0x0000015599913000 	C:\Users\Wang Liu\Downloads\openjfx-18_windows-x64_bin-sdk\javafx-sdk-18\bin\api-ms-win-crt-locale-l1-1-0.dll
0x0000015599920000 - 0x0000015599925000 	C:\Users\Wang Liu\Downloads\openjfx-18_windows-x64_bin-sdk\javafx-sdk-18\bin\api-ms-win-crt-math-l1-1-0.dll
0x0000015599930000 - 0x0000015599935000 	C:\Users\Wang Liu\Downloads\openjfx-18_windows-x64_bin-sdk\javafx-sdk-18\bin\api-ms-win-crt-multibyte-l1-1-0.dll
0x0000015599940000 - 0x0000015599950000 	C:\Users\Wang Liu\Downloads\openjfx-18_windows-x64_bin-sdk\javafx-sdk-18\bin\api-ms-win-crt-private-l1-1-0.dll
0x0000015599950000 - 0x0000015599953000 	C:\Users\Wang Liu\Downloads\openjfx-18_windows-x64_bin-sdk\javafx-sdk-18\bin\api-ms-win-crt-process-l1-1-0.dll
0x0000015599960000 - 0x0000015599964000 	C:\Users\Wang Liu\Downloads\openjfx-18_windows-x64_bin-sdk\javafx-sdk-18\bin\api-ms-win-crt-runtime-l1-1-0.dll
0x0000015599cd0000 - 0x0000015599cd4000 	C:\Users\Wang Liu\Downloads\openjfx-18_windows-x64_bin-sdk\javafx-sdk-18\bin\api-ms-win-crt-stdio-l1-1-0.dll
0x0000015599ce0000 - 0x0000015599ce4000 	C:\Users\Wang Liu\Downloads\openjfx-18_windows-x64_bin-sdk\javafx-sdk-18\bin\api-ms-win-crt-string-l1-1-0.dll
0x0000015599cf0000 - 0x0000015599cf3000 	C:\Users\Wang Liu\Downloads\openjfx-18_windows-x64_bin-sdk\javafx-sdk-18\bin\api-ms-win-crt-time-l1-1-0.dll
0x0000015599d00000 - 0x0000015599d03000 	C:\Users\Wang Liu\Downloads\openjfx-18_windows-x64_bin-sdk\javafx-sdk-18\bin\api-ms-win-crt-utility-l1-1-0.dll
0x00007ffe3a920000 - 0x00007ffe3aa1c000 	C:\Users\Wang Liu\Downloads\openjfx-18_windows-x64_bin-sdk\javafx-sdk-18\bin\ucrtbase.dll
0x00007ffe54590000 - 0x00007ffe545aa000 	C:\Users\Wang Liu\Downloads\openjfx-18_windows-x64_bin-sdk\javafx-sdk-18\bin\vcruntime140.dll
0x00007ffe556f0000 - 0x00007ffe556fc000 	C:\Users\Wang Liu\Downloads\openjfx-18_windows-x64_bin-sdk\javafx-sdk-18\bin\vcruntime140_1.dll
0x00007ffe3a890000 - 0x00007ffe3a91d000 	C:\Users\Wang Liu\Downloads\openjfx-18_windows-x64_bin-sdk\javafx-sdk-18\bin\msvcp140.dll
0x00007ffe531f0000 - 0x00007ffe5321c000 	C:\Users\Wang Liu\Downloads\openjfx-18_windows-x64_bin-sdk\javafx-sdk-18\bin\prism_d3d.dll
0x00007ffe37ce0000 - 0x00007ffe37e86000 	C:\WINDOWS\system32\d3d9.dll
0x00007ffe57be0000 - 0x00007ffe57c0f000 	C:\WINDOWS\SYSTEM32\dwmapi.dll
0x00007ffe57d20000 - 0x00007ffe57d58000 	C:\WINDOWS\SYSTEM32\dxcore.dll
0x00007ffe57950000 - 0x00007ffe579fc000 	C:\WINDOWS\system32\uxtheme.dll
0x00007ffe15bd0000 - 0x00007ffe15d35000 	C:\WINDOWS\System32\DriverStore\FileRepository\iigd_dch.inf_amd64_b9461df4c727b3ee\igdumdim64.dll
0x00007ffe5b4a0000 - 0x00007ffe5b63a000 	C:\WINDOWS\System32\ole32.dll
0x00007ffdd1380000 - 0x00007ffdd4fd6000 	C:\WINDOWS\System32\DriverStore\FileRepository\iigd_dch.inf_amd64_b9461df4c727b3ee\igd9dxva64.dll
0x00007ffe5b9a0000 - 0x00007ffe5ba76000 	C:\WINDOWS\System32\OLEAUT32.dll
0x00007ffe5cee0000 - 0x00007ffe5d34c000 	C:\WINDOWS\System32\SETUPAPI.dll
0x00007ffe5a5f0000 - 0x00007ffe5a63c000 	C:\WINDOWS\SYSTEM32\cfgmgr32.dll
0x00007ffe4e4e0000 - 0x00007ffe4e8a1000 	C:\WINDOWS\System32\DriverStore\FileRepository\iigd_dch.inf_amd64_b9461df4c727b3ee\igdgmm64.dll
0x00007ffe52890000 - 0x00007ffe528d4000 	C:\WINDOWS\SYSTEM32\directxdatabasehelper.dll
0x00007ffe57ee0000 - 0x00007ffe57f14000 	C:\WINDOWS\SYSTEM32\ntmarta.dll
0x00007ffe3c040000 - 0x00007ffe3c082000 	C:\Users\Wang Liu\Downloads\openjfx-18_windows-x64_bin-sdk\javafx-sdk-18\bin\glass.dll
0x00007ffe5c660000 - 0x00007ffe5c74c000 	C:\WINDOWS\System32\COMDLG32.dll
0x00007ffe5c750000 - 0x00007ffe5c86e000 	C:\WINDOWS\System32\MSCTF.dll
0x00007ffe53220000 - 0x00007ffe53247000 	C:\WINDOWS\System32\DriverStore\FileRepository\iigd_dch.inf_amd64_b9461df4c727b3ee\igdinfo64.dll
0x00007ffe5a190000 - 0x00007ffe5a1a8000 	C:\WINDOWS\SYSTEM32\CRYPTSP.dll
0x00007ffe59a00000 - 0x00007ffe59a35000 	C:\WINDOWS\system32\rsaenh.dll
0x00007ffe5a0b0000 - 0x00007ffe5a0bc000 	C:\WINDOWS\SYSTEM32\CRYPTBASE.dll
0x00007ffe5a2d0000 - 0x00007ffe5a2f7000 	C:\WINDOWS\SYSTEM32\bcrypt.dll
0x00007ffe4b0d0000 - 0x00007ffe4e2d6000 	C:\WINDOWS\System32\DriverStore\FileRepository\iigd_dch.inf_amd64_b9461df4c727b3ee\igc64.dll
0x00007ffe531d0000 - 0x00007ffe531e4000 	C:\Users\Wang Liu\Downloads\openjfx-18_windows-x64_bin-sdk\javafx-sdk-18\bin\javafx_font.dll
0x00007ffe2c5b0000 - 0x00007ffe2c80f000 	C:\WINDOWS\SYSTEM32\dwrite.dll
0x00007ffe5ca20000 - 0x00007ffe5cacf000 	C:\WINDOWS\System32\clbcatq.dll
0x00007ffe51350000 - 0x00007ffe514fe000 	C:\WINDOWS\SYSTEM32\WindowsCodecs.dll
0x00007ffe2a1c0000 - 0x00007ffe2a21d000 	C:\WINDOWS\system32\dataexchange.dll
0x00007ffe52e30000 - 0x00007ffe53096000 	C:\WINDOWS\system32\twinapi.appcore.dll
0x00007ffe43d10000 - 0x00007ffe43d42000 	C:\Program Files\Common Files\Microsoft Shared\Ink\rtscom.dll
0x00007ffe2d1e0000 - 0x00007ffe2d30d000 	C:\WINDOWS\SYSTEM32\textinputframework.dll
0x00007ffe57560000 - 0x00007ffe57692000 	C:\WINDOWS\SYSTEM32\CoreMessaging.dll
0x00007ffe52ac0000 - 0x00007ffe52e2d000 	C:\WINDOWS\SYSTEM32\CoreUIComponents.dll

dbghelp: loaded successfully - version: 4.0.5 - missing functions: none
symbol engine: initialized successfully - sym options: 0x614 - pdb path: .;C:\Java\jdk-17.0.2\bin;C:\WINDOWS\SYSTEM32;C:\WINDOWS\WinSxS\amd64_microsoft.windows.common-controls_6595b64144ccf1df_6.0.22000.120_none_9d947278b86cc467;C:\Java\jdk-17.0.2\bin\server;C:\Program Files\JetBrains\IntelliJ IDEA Educational Edition 2021.3.3\bin;C:\Users\Wang Liu\Downloads\openjfx-18_windows-x64_bin-sdk\javafx-sdk-18\bin;C:\WINDOWS\System32\DriverStore\FileRepository\iigd_dch.inf_amd64_b9461df4c727b3ee;C:\Program Files\Common Files\Microsoft Shared\Ink

VM Arguments:
jvm_args: --module-path=C:\Users\Wang Liu\Downloads\openjfx-18_windows-x64_bin-sdk\javafx-sdk-18\lib --add-modules=javafx.controls,javafx.fxml,javafx.base,javafx.graphics,javafx.swing,javafx.media -javaagent:C:\Program Files\JetBrains\IntelliJ IDEA Educational Edition 2021.3.3\lib\idea_rt.jar=64899:C:\Program Files\JetBrains\IntelliJ IDEA Educational Edition 2021.3.3\bin -Dfile.encoding=UTF-8 
java_command: Sudoku.Render
java_class_path (initial): C:\Users\Wang Liu\IdeaProjects\Solveur-de-Suzoku\out\production\Solveur-de-Suzoku;C:\Users\Wang Liu\Downloads\openjfx-18_windows-x64_bin-sdk\javafx-sdk-18\lib\javafx-swt.jar;C:\Users\Wang Liu\Downloads\openjfx-18_windows-x64_bin-sdk\javafx-sdk-18\lib\javafx.web.jar;C:\Users\Wang Liu\Downloads\openjfx-18_windows-x64_bin-sdk\javafx-sdk-18\lib\javafx.base.jar;C:\Users\Wang Liu\Downloads\openjfx-18_windows-x64_bin-sdk\javafx-sdk-18\lib\javafx.fxml.jar;C:\Users\Wang Liu\Downloads\openjfx-18_windows-x64_bin-sdk\javafx-sdk-18\lib\javafx.media.jar;C:\Users\Wang Liu\Downloads\openjfx-18_windows-x64_bin-sdk\javafx-sdk-18\lib\javafx.swing.jar;C:\Users\Wang Liu\Downloads\openjfx-18_windows-x64_bin-sdk\javafx-sdk-18\lib\javafx.controls.jar;C:\Users\Wang Liu\Downloads\openjfx-18_windows-x64_bin-sdk\javafx-sdk-18\lib\javafx.graphics.jar
Launcher Type: SUN_STANDARD

[Global flags]
     intx CICompilerCount                          = 12                                        {product} {ergonomic}
     uint ConcGCThreads                            = 3                                         {product} {ergonomic}
     uint G1ConcRefinementThreads                  = 13                                        {product} {ergonomic}
   size_t G1HeapRegionSize                         = 2097152                                   {product} {ergonomic}
    uintx GCDrainStackTargetSize                   = 64                                        {product} {ergonomic}
   size_t InitialHeapSize                          = 264241152                                 {product} {ergonomic}
   size_t MarkStackSize                            = 4194304                                   {product} {ergonomic}
   size_t MaxHeapSize                              = 4221566976                                {product} {ergonomic}
   size_t MaxNewSize                               = 2531262464                                {product} {ergonomic}
   size_t MinHeapDeltaBytes                        = 2097152                                   {product} {ergonomic}
   size_t MinHeapSize                              = 8388608                                   {product} {ergonomic}
    uintx NonNMethodCodeHeapSize                   = 7602480                                {pd product} {ergonomic}
    uintx NonProfiledCodeHeapSize                  = 122027880                              {pd product} {ergonomic}
    uintx ProfiledCodeHeapSize                     = 122027880                              {pd product} {ergonomic}
    uintx ReservedCodeCacheSize                    = 251658240                              {pd product} {ergonomic}
     bool SegmentedCodeCache                       = true                                      {product} {ergonomic}
   size_t SoftMaxHeapSize                          = 4221566976                             {manageable} {ergonomic}
     bool UseCompressedClassPointers               = true                           {product lp64_product} {ergonomic}
     bool UseCompressedOops                        = true                           {product lp64_product} {ergonomic}
     bool UseG1GC                                  = true                                      {product} {ergonomic}
     bool UseLargePagesIndividualAllocation        = false                                  {pd product} {ergonomic}

Logging:
Log output configuration:
 #0: stdout all=warning uptime,level,tags
 #1: stderr all=off uptime,level,tags

Environment Variables:
JAVA_HOME=C:\Java\jdk-17.0.2
PATH=%JAVA_HOME%\bin;C:\Program Files\Common Files\Oracle\Java\javapath;C:\oraclexe\app\oracle\product\11.2.0\server\bin;C:\WINDOWS\system32;C:\WINDOWS;C:\WINDOWS\System32\Wbem;C:\WINDOWS\System32\WindowsPowerShell\v1.0\;C:\WINDOWS\System32\OpenSSH\;C:\Program Files\Git\cmd;C:\Users\Wang Liu\AppData\Local\Microsoft\WindowsApps;;C:\Program Files\JetBrains\IntelliJ IDEA Educational Edition 2021.3.3\bin;
USERNAME=Wang Liu
OS=Windows_NT
PROCESSOR_IDENTIFIER=Intel64 Family 6 Model 141 Stepping 1, GenuineIntel



---------------  S Y S T E M  ---------------

OS:
 Windows 11 , 64 bit Build 22000 (10.0.22000.434)
OS uptime: 10 days 0:47 hours
Hyper-V role detected

CPU: total 16 (initial active 16) (8 cores per cpu, 2 threads per core) family 6 model 141 stepping 1 microcode 0x34, cx8, cmov, fxsr, ht, mmx, 3dnowpref, sse, sse2, sse3, ssse3, sse4.1, sse4.2, popcnt, lzcnt, tsc, tscinvbit, avx, avx2, aes, erms, clmul, bmi1, bmi2, adx, avx512f, avx512dq, avx512cd, avx512bw, avx512vl, sha, fma, vzeroupper, avx512_vpopcntdq, avx512_vpclmulqdq, avx512_vaes, avx512_vnni, clflush, clflushopt, clwb, avx512_vbmi2, avx512_vbmi, hv

Memory: 4k page, system-wide physical 16103M (1221M free)
TotalPageFile size 65255M (AvailPageFile size 6M)
current process WorkingSet (physical memory assigned to process): 130M, peak: 130M
current process commit charge ("private bytes"): 414M, peak: 414M

vm_info: Java HotSpot(TM) 64-Bit Server VM (17.0.2+8-LTS-86) for windows-amd64 JRE (17.0.2+8-LTS-86), built on Dec  7 2021 21:51:03 by "mach5one" with MS VC++ 16.8 / 16.9 (VS2019)

END.
