#
# There is insufficient memory for the Java Runtime Environment to continue.
# Native memory allocation (malloc) failed to allocate 1961536 bytes for Chunk::new
# Possible reasons:
#   The system is out of physical RAM or swap space
#   The process is running with CompressedOops enabled, and the Java Heap may be blocking the growth of the native heap
# Possible solutions:
#   Reduce memory load on the system
#   Increase physical memory or swap space
#   Check if swap backing store is full
#   Decrease Java heap size (-Xmx/-Xms)
#   Decrease number of Java threads
#   Decrease Java thread stack sizes (-Xss)
#   Set larger code cache with -XX:ReservedCodeCacheSize=
#   JVM is running with Zero Based Compressed Oops mode in which the Java heap is
#     placed in the first 32GB address space. The Java Heap base address is the
#     maximum limit for the native heap growth. Please use -XX:HeapBaseMinAddress
#     to set the Java Heap base and to place the Java Heap above 32GB virtual address.
# This output file may be truncated or incomplete.
#
#  Out of Memory Error (arena.cpp:189), pid=2084, tid=17440
#
# JRE version: Java(TM) SE Runtime Environment (17.0.2+8) (build 17.0.2+8-LTS-86)
# Java VM: Java HotSpot(TM) 64-Bit Server VM (17.0.2+8-LTS-86, mixed mode, sharing, tiered, compressed oops, compressed class ptrs, g1 gc, windows-amd64)
# No core dump will be written. Minidumps are not enabled by default on client versions of Windows
#

---------------  S U M M A R Y ------------

Command Line: --module-path=C:\Users\Wang Liu\Downloads\openjfx-18_windows-x64_bin-sdk\javafx-sdk-18\lib --add-modules=javafx.controls,javafx.fxml,javafx.base,javafx.graphics,javafx.swing,javafx.media -javaagent:C:\Program Files\JetBrains\IntelliJ IDEA Educational Edition 2021.3.3\lib\idea_rt.jar=64915:C:\Program Files\JetBrains\IntelliJ IDEA Educational Edition 2021.3.3\bin -Dfile.encoding=UTF-8 Sudoku.Render

Host: 11th Gen Intel(R) Core(TM) i7-11800H @ 2.30GHz, 16 cores, 15G,  Windows 11 , 64 bit Build 22000 (10.0.22000.434)
Time: Tue Mar 29 10:10:02 2022 Romance Daylight Time elapsed time: 0.547642 seconds (0d 0h 0m 0s)

---------------  T H R E A D  ---------------

Current thread (0x000001c24ee51bf0):  JavaThread "C2 CompilerThread2" daemon [_thread_in_native, id=17440, stack(0x0000002f6e800000,0x0000002f6e900000)]


Current CompileTask:
C2:    547 1172   !   4       com.sun.javafx.css.ParsedValueImpl::readBinary (688 bytes)

Stack: [0x0000002f6e800000,0x0000002f6e900000]
Native frames: (J=compiled Java code, j=interpreted, Vv=VM code, C=native code)
V  [jvm.dll+0x670baa]
V  [jvm.dll+0x7cfcb4]
V  [jvm.dll+0x7d145e]
V  [jvm.dll+0x7d1ac3]
V  [jvm.dll+0x242bc5]
V  [jvm.dll+0xaa57b]
V  [jvm.dll+0xaab0c]
V  [jvm.dll+0x35fd07]
V  [jvm.dll+0x1b9b68]
V  [jvm.dll+0x215de9]
V  [jvm.dll+0x2150b1]
V  [jvm.dll+0x1a1bbd]
V  [jvm.dll+0x224908]
V  [jvm.dll+0x222a6c]
V  [jvm.dll+0x7859bb]
V  [jvm.dll+0x77ff7a]
V  [jvm.dll+0x66fa35]
C  [ucrtbase.dll+0x26c0c]
C  [KERNEL32.DLL+0x154e0]
C  [ntdll.dll+0x485b]


---------------  P R O C E S S  ---------------

Threads class SMR info:
_java_thread_list=0x000001c254672d20, length=26, elements={
0x000001c22ab86b20, 0x000001c24e25f310, 0x000001c24e25fcc0, 0x000001c24e2706b0,
0x000001c24e271060, 0x000001c24e273a20, 0x000001c24e2743d0, 0x000001c24e2760c0,
0x000001c24e2779d0, 0x000001c24e2782d0, 0x000001c24ece1680, 0x000001c22ac5dcb0,
0x000001c24ed7b630, 0x000001c24ed7bb40, 0x000001c24ee516e0, 0x000001c24ee51bf0,
0x000001c24ee54110, 0x000001c24ee54620, 0x000001c24f2a72c0, 0x000001c24ee6f150,
0x000001c24f18c640, 0x000001c24f535ff0, 0x000001c24f3f9090, 0x000001c24f75fc00,
0x000001c2545f0ec0, 0x000001c254620330
}

Java Threads: ( => current thread )
  0x000001c22ab86b20 JavaThread "main" [_thread_blocked, id=15624, stack(0x0000002f6d300000,0x0000002f6d400000)]
  0x000001c24e25f310 JavaThread "Reference Handler" daemon [_thread_blocked, id=14660, stack(0x0000002f6da00000,0x0000002f6db00000)]
  0x000001c24e25fcc0 JavaThread "Finalizer" daemon [_thread_blocked, id=13720, stack(0x0000002f6db00000,0x0000002f6dc00000)]
  0x000001c24e2706b0 JavaThread "Signal Dispatcher" daemon [_thread_blocked, id=18288, stack(0x0000002f6dc00000,0x0000002f6dd00000)]
  0x000001c24e271060 JavaThread "Attach Listener" daemon [_thread_blocked, id=4164, stack(0x0000002f6dd00000,0x0000002f6de00000)]
  0x000001c24e273a20 JavaThread "Service Thread" daemon [_thread_blocked, id=25180, stack(0x0000002f6de00000,0x0000002f6df00000)]
  0x000001c24e2743d0 JavaThread "Monitor Deflation Thread" daemon [_thread_blocked, id=11228, stack(0x0000002f6df00000,0x0000002f6e000000)]
  0x000001c24e2760c0 JavaThread "C2 CompilerThread0" daemon [_thread_blocked, id=5524, stack(0x0000002f6e000000,0x0000002f6e100000)]
  0x000001c24e2779d0 JavaThread "C1 CompilerThread0" daemon [_thread_blocked, id=26100, stack(0x0000002f6e100000,0x0000002f6e200000)]
  0x000001c24e2782d0 JavaThread "Sweeper thread" daemon [_thread_blocked, id=22588, stack(0x0000002f6e200000,0x0000002f6e300000)]
  0x000001c24ece1680 JavaThread "Common-Cleaner" daemon [_thread_blocked, id=10340, stack(0x0000002f6e300000,0x0000002f6e400000)]
  0x000001c22ac5dcb0 JavaThread "C1 CompilerThread1" daemon [_thread_blocked, id=24788, stack(0x0000002f6e400000,0x0000002f6e500000)]
  0x000001c24ed7b630 JavaThread "C1 CompilerThread2" daemon [_thread_blocked, id=9800, stack(0x0000002f6e500000,0x0000002f6e600000)]
  0x000001c24ed7bb40 JavaThread "C1 CompilerThread3" daemon [_thread_blocked, id=9284, stack(0x0000002f6e600000,0x0000002f6e700000)]
  0x000001c24ee516e0 JavaThread "C2 CompilerThread1" daemon [_thread_blocked, id=27208, stack(0x0000002f6e700000,0x0000002f6e800000)]
=>0x000001c24ee51bf0 JavaThread "C2 CompilerThread2" daemon [_thread_in_native, id=17440, stack(0x0000002f6e800000,0x0000002f6e900000)]
  0x000001c24ee54110 JavaThread "C2 CompilerThread3" daemon [_thread_blocked, id=18780, stack(0x0000002f6e900000,0x0000002f6ea00000)]
  0x000001c24ee54620 JavaThread "C2 CompilerThread4" daemon [_thread_blocked, id=17200, stack(0x0000002f6ea00000,0x0000002f6eb00000)]
  0x000001c24f2a72c0 JavaThread "Monitor Ctrl-Break" daemon [_thread_in_native, id=26988, stack(0x0000002f6eb00000,0x0000002f6ec00000)]
  0x000001c24ee6f150 JavaThread "Notification Thread" daemon [_thread_blocked, id=19704, stack(0x0000002f6ec00000,0x0000002f6ed00000)]
  0x000001c24f18c640 JavaThread "QuantumRenderer-0" daemon [_thread_blocked, id=22184, stack(0x0000002f6ee00000,0x0000002f6ef00000)]
  0x000001c24f535ff0 JavaThread "InvokeLaterDispatcher" daemon [_thread_blocked, id=16708, stack(0x0000002f6ef00000,0x0000002f6f000000)]
  0x000001c24f3f9090 JavaThread "JavaFX Application Thread" [_thread_in_native, id=14532, stack(0x0000002f6f000000,0x0000002f6f100000)]
  0x000001c24f75fc00 JavaThread "JavaFX-Launcher" [_thread_blocked, id=5628, stack(0x0000002f6f500000,0x0000002f6f600000)]
  0x000001c2545f0ec0 JavaThread "Thread-2" daemon [_thread_in_native, id=12876, stack(0x0000002f6f400000,0x0000002f6f500000)]
  0x000001c254620330 JavaThread "Prism Font Disposer" daemon [_thread_blocked, id=28348, stack(0x0000002f6fb00000,0x0000002f6fc00000)]

Other Threads:
  0x000001c24e259970 VMThread "VM Thread" [stack: 0x0000002f6d900000,0x0000002f6da00000] [id=27992]
  0x000001c24f24acc0 WatcherThread [stack: 0x0000002f6ed00000,0x0000002f6ee00000] [id=28656]
  0x000001c22abd1d40 GCTaskThread "GC Thread#0" [stack: 0x0000002f6d400000,0x0000002f6d500000] [id=15776]
  0x000001c24f7febe0 GCTaskThread "GC Thread#1" [stack: 0x0000002f6f600000,0x0000002f6f700000] [id=7192]
  0x000001c24f7ee440 GCTaskThread "GC Thread#2" [stack: 0x0000002f6f700000,0x0000002f6f800000] [id=6872]
  0x000001c2545a4cf0 GCTaskThread "GC Thread#3" [stack: 0x0000002f6f800000,0x0000002f6f900000] [id=20732]
  0x000001c2545a4fa0 GCTaskThread "GC Thread#4" [stack: 0x0000002f6f900000,0x0000002f6fa00000] [id=27268]
  0x000001c2545a5a60 GCTaskThread "GC Thread#5" [stack: 0x0000002f6fa00000,0x0000002f6fb00000] [id=23760]
  0x000001c22abe4730 ConcurrentGCThread "G1 Main Marker" [stack: 0x0000002f6d500000,0x0000002f6d600000] [id=25968]
  0x000001c22abe5040 ConcurrentGCThread "G1 Conc#0" [stack: 0x0000002f6d600000,0x0000002f6d700000] [id=28060]
  0x000001c24e1234e0 ConcurrentGCThread "G1 Refine#0" [stack: 0x0000002f6d700000,0x0000002f6d800000] [id=28440]
  0x000001c24e123e00 ConcurrentGCThread "G1 Service" [stack: 0x0000002f6d800000,0x0000002f6d900000] [id=20592]

Threads with active compile tasks:
C2 CompilerThread2      556 1172   !   4       com.sun.javafx.css.ParsedValueImpl::readBinary (688 bytes)

VM state: not at safepoint (normal execution)

VM Mutex/Monitor currently owned by a thread: None

Heap address: 0x0000000704600000, size: 4026 MB, Compressed Oops mode: Zero based, Oop shift amount: 3

CDS archive(s) mapped at: [0x0000000800000000-0x0000000800bc0000-0x0000000800bc0000), size 12320768, SharedBaseAddress: 0x0000000800000000, ArchiveRelocationMode: 0.
Compressed class space mapped at: 0x0000000800c00000-0x0000000840c00000, reserved size: 1073741824
Narrow klass base: 0x0000000800000000, Narrow klass shift: 0, Narrow klass range: 0x100000000

GC Precious Log:
 CPUs: 16 total, 16 available
 Memory: 16103M
 Large Page Support: Disabled
 NUMA Support: Disabled
 Compressed Oops: Enabled (Zero based)
 Heap Region Size: 2M
 Heap Min Capacity: 8M
 Heap Initial Capacity: 252M
 Heap Max Capacity: 4026M
 Pre-touch: Disabled
 Parallel Workers: 13
 Concurrent Workers: 3
 Concurrent Refinement Workers: 13
 Periodic GC: Disabled

Heap:
 garbage-first heap   total 258048K, used 23328K [0x0000000704600000, 0x0000000800000000)
  region size 2048K, 13 young (26624K), 2 survivors (4096K)
 Metaspace       used 9872K, committed 10176K, reserved 1064960K
  class space    used 1326K, committed 1472K, reserved 1048576K

Heap Regions: E=young(eden), S=young(survivor), O=old, HS=humongous(starts), HC=humongous(continues), CS=collection set, F=free, OA=open archive, CA=closed archive, TAMS=top-at-mark-start (previous, next)
|   0|0x0000000704600000, 0x0000000704600000, 0x0000000704800000|  0%| F|  |TAMS 0x0000000704600000, 0x0000000704600000| Untracked 
|   1|0x0000000704800000, 0x0000000704800000, 0x0000000704a00000|  0%| F|  |TAMS 0x0000000704800000, 0x0000000704800000| Untracked 
|   2|0x0000000704a00000, 0x0000000704a00000, 0x0000000704c00000|  0%| F|  |TAMS 0x0000000704a00000, 0x0000000704a00000| Untracked 
|   3|0x0000000704c00000, 0x0000000704c00000, 0x0000000704e00000|  0%| F|  |TAMS 0x0000000704c00000, 0x0000000704c00000| Untracked 
|   4|0x0000000704e00000, 0x0000000704e00000, 0x0000000705000000|  0%| F|  |TAMS 0x0000000704e00000, 0x0000000704e00000| Untracked 
|   5|0x0000000705000000, 0x0000000705000000, 0x0000000705200000|  0%| F|  |TAMS 0x0000000705000000, 0x0000000705000000| Untracked 
|   6|0x0000000705200000, 0x0000000705200000, 0x0000000705400000|  0%| F|  |TAMS 0x0000000705200000, 0x0000000705200000| Untracked 
|   7|0x0000000705400000, 0x0000000705400000, 0x0000000705600000|  0%| F|  |TAMS 0x0000000705400000, 0x0000000705400000| Untracked 
|   8|0x0000000705600000, 0x0000000705600000, 0x0000000705800000|  0%| F|  |TAMS 0x0000000705600000, 0x0000000705600000| Untracked 
|   9|0x0000000705800000, 0x0000000705800000, 0x0000000705a00000|  0%| F|  |TAMS 0x0000000705800000, 0x0000000705800000| Untracked 
|  10|0x0000000705a00000, 0x0000000705a00000, 0x0000000705c00000|  0%| F|  |TAMS 0x0000000705a00000, 0x0000000705a00000| Untracked 
|  11|0x0000000705c00000, 0x0000000705c00000, 0x0000000705e00000|  0%| F|  |TAMS 0x0000000705c00000, 0x0000000705c00000| Untracked 
|  12|0x0000000705e00000, 0x0000000705e00000, 0x0000000706000000|  0%| F|  |TAMS 0x0000000705e00000, 0x0000000705e00000| Untracked 
|  13|0x0000000706000000, 0x0000000706000000, 0x0000000706200000|  0%| F|  |TAMS 0x0000000706000000, 0x0000000706000000| Untracked 
|  14|0x0000000706200000, 0x0000000706200000, 0x0000000706400000|  0%| F|  |TAMS 0x0000000706200000, 0x0000000706200000| Untracked 
|  15|0x0000000706400000, 0x0000000706400000, 0x0000000706600000|  0%| F|  |TAMS 0x0000000706400000, 0x0000000706400000| Untracked 
|  16|0x0000000706600000, 0x0000000706600000, 0x0000000706800000|  0%| F|  |TAMS 0x0000000706600000, 0x0000000706600000| Untracked 
|  17|0x0000000706800000, 0x0000000706800000, 0x0000000706a00000|  0%| F|  |TAMS 0x0000000706800000, 0x0000000706800000| Untracked 
|  18|0x0000000706a00000, 0x0000000706a00000, 0x0000000706c00000|  0%| F|  |TAMS 0x0000000706a00000, 0x0000000706a00000| Untracked 
|  19|0x0000000706c00000, 0x0000000706c00000, 0x0000000706e00000|  0%| F|  |TAMS 0x0000000706c00000, 0x0000000706c00000| Untracked 
|  20|0x0000000706e00000, 0x0000000706e00000, 0x0000000707000000|  0%| F|  |TAMS 0x0000000706e00000, 0x0000000706e00000| Untracked 
|  21|0x0000000707000000, 0x0000000707000000, 0x0000000707200000|  0%| F|  |TAMS 0x0000000707000000, 0x0000000707000000| Untracked 
|  22|0x0000000707200000, 0x0000000707200000, 0x0000000707400000|  0%| F|  |TAMS 0x0000000707200000, 0x0000000707200000| Untracked 
|  23|0x0000000707400000, 0x0000000707400000, 0x0000000707600000|  0%| F|  |TAMS 0x0000000707400000, 0x0000000707400000| Untracked 
|  24|0x0000000707600000, 0x0000000707600000, 0x0000000707800000|  0%| F|  |TAMS 0x0000000707600000, 0x0000000707600000| Untracked 
|  25|0x0000000707800000, 0x0000000707800000, 0x0000000707a00000|  0%| F|  |TAMS 0x0000000707800000, 0x0000000707800000| Untracked 
|  26|0x0000000707a00000, 0x0000000707a00000, 0x0000000707c00000|  0%| F|  |TAMS 0x0000000707a00000, 0x0000000707a00000| Untracked 
|  27|0x0000000707c00000, 0x0000000707c00000, 0x0000000707e00000|  0%| F|  |TAMS 0x0000000707c00000, 0x0000000707c00000| Untracked 
|  28|0x0000000707e00000, 0x0000000707e00000, 0x0000000708000000|  0%| F|  |TAMS 0x0000000707e00000, 0x0000000707e00000| Untracked 
|  29|0x0000000708000000, 0x0000000708000000, 0x0000000708200000|  0%| F|  |TAMS 0x0000000708000000, 0x0000000708000000| Untracked 
|  30|0x0000000708200000, 0x0000000708200000, 0x0000000708400000|  0%| F|  |TAMS 0x0000000708200000, 0x0000000708200000| Untracked 
|  31|0x0000000708400000, 0x0000000708400000, 0x0000000708600000|  0%| F|  |TAMS 0x0000000708400000, 0x0000000708400000| Untracked 
|  32|0x0000000708600000, 0x0000000708600000, 0x0000000708800000|  0%| F|  |TAMS 0x0000000708600000, 0x0000000708600000| Untracked 
|  33|0x0000000708800000, 0x0000000708800000, 0x0000000708a00000|  0%| F|  |TAMS 0x0000000708800000, 0x0000000708800000| Untracked 
|  34|0x0000000708a00000, 0x0000000708a00000, 0x0000000708c00000|  0%| F|  |TAMS 0x0000000708a00000, 0x0000000708a00000| Untracked 
|  35|0x0000000708c00000, 0x0000000708c00000, 0x0000000708e00000|  0%| F|  |TAMS 0x0000000708c00000, 0x0000000708c00000| Untracked 
|  36|0x0000000708e00000, 0x0000000708e00000, 0x0000000709000000|  0%| F|  |TAMS 0x0000000708e00000, 0x0000000708e00000| Untracked 
|  37|0x0000000709000000, 0x0000000709000000, 0x0000000709200000|  0%| F|  |TAMS 0x0000000709000000, 0x0000000709000000| Untracked 
|  38|0x0000000709200000, 0x0000000709200000, 0x0000000709400000|  0%| F|  |TAMS 0x0000000709200000, 0x0000000709200000| Untracked 
|  39|0x0000000709400000, 0x0000000709400000, 0x0000000709600000|  0%| F|  |TAMS 0x0000000709400000, 0x0000000709400000| Untracked 
|  40|0x0000000709600000, 0x0000000709600000, 0x0000000709800000|  0%| F|  |TAMS 0x0000000709600000, 0x0000000709600000| Untracked 
|  41|0x0000000709800000, 0x0000000709800000, 0x0000000709a00000|  0%| F|  |TAMS 0x0000000709800000, 0x0000000709800000| Untracked 
|  42|0x0000000709a00000, 0x0000000709a00000, 0x0000000709c00000|  0%| F|  |TAMS 0x0000000709a00000, 0x0000000709a00000| Untracked 
|  43|0x0000000709c00000, 0x0000000709c00000, 0x0000000709e00000|  0%| F|  |TAMS 0x0000000709c00000, 0x0000000709c00000| Untracked 
|  44|0x0000000709e00000, 0x0000000709e00000, 0x000000070a000000|  0%| F|  |TAMS 0x0000000709e00000, 0x0000000709e00000| Untracked 
|  45|0x000000070a000000, 0x000000070a000000, 0x000000070a200000|  0%| F|  |TAMS 0x000000070a000000, 0x000000070a000000| Untracked 
|  46|0x000000070a200000, 0x000000070a200000, 0x000000070a400000|  0%| F|  |TAMS 0x000000070a200000, 0x000000070a200000| Untracked 
|  47|0x000000070a400000, 0x000000070a400000, 0x000000070a600000|  0%| F|  |TAMS 0x000000070a400000, 0x000000070a400000| Untracked 
|  48|0x000000070a600000, 0x000000070a600000, 0x000000070a800000|  0%| F|  |TAMS 0x000000070a600000, 0x000000070a600000| Untracked 
|  49|0x000000070a800000, 0x000000070a800000, 0x000000070aa00000|  0%| F|  |TAMS 0x000000070a800000, 0x000000070a800000| Untracked 
|  50|0x000000070aa00000, 0x000000070aa00000, 0x000000070ac00000|  0%| F|  |TAMS 0x000000070aa00000, 0x000000070aa00000| Untracked 
|  51|0x000000070ac00000, 0x000000070ac00000, 0x000000070ae00000|  0%| F|  |TAMS 0x000000070ac00000, 0x000000070ac00000| Untracked 
|  52|0x000000070ae00000, 0x000000070ae00000, 0x000000070b000000|  0%| F|  |TAMS 0x000000070ae00000, 0x000000070ae00000| Untracked 
|  53|0x000000070b000000, 0x000000070b000000, 0x000000070b200000|  0%| F|  |TAMS 0x000000070b000000, 0x000000070b000000| Untracked 
|  54|0x000000070b200000, 0x000000070b200000, 0x000000070b400000|  0%| F|  |TAMS 0x000000070b200000, 0x000000070b200000| Untracked 
|  55|0x000000070b400000, 0x000000070b400000, 0x000000070b600000|  0%| F|  |TAMS 0x000000070b400000, 0x000000070b400000| Untracked 
|  56|0x000000070b600000, 0x000000070b600000, 0x000000070b800000|  0%| F|  |TAMS 0x000000070b600000, 0x000000070b600000| Untracked 
|  57|0x000000070b800000, 0x000000070b800000, 0x000000070ba00000|  0%| F|  |TAMS 0x000000070b800000, 0x000000070b800000| Untracked 
|  58|0x000000070ba00000, 0x000000070ba00000, 0x000000070bc00000|  0%| F|  |TAMS 0x000000070ba00000, 0x000000070ba00000| Untracked 
|  59|0x000000070bc00000, 0x000000070bc00000, 0x000000070be00000|  0%| F|  |TAMS 0x000000070bc00000, 0x000000070bc00000| Untracked 
|  60|0x000000070be00000, 0x000000070be00000, 0x000000070c000000|  0%| F|  |TAMS 0x000000070be00000, 0x000000070be00000| Untracked 
|  61|0x000000070c000000, 0x000000070c000000, 0x000000070c200000|  0%| F|  |TAMS 0x000000070c000000, 0x000000070c000000| Untracked 
|  62|0x000000070c200000, 0x000000070c200000, 0x000000070c400000|  0%| F|  |TAMS 0x000000070c200000, 0x000000070c200000| Untracked 
|  63|0x000000070c400000, 0x000000070c400000, 0x000000070c600000|  0%| F|  |TAMS 0x000000070c400000, 0x000000070c400000| Untracked 
|  64|0x000000070c600000, 0x000000070c600000, 0x000000070c800000|  0%| F|  |TAMS 0x000000070c600000, 0x000000070c600000| Untracked 
|  65|0x000000070c800000, 0x000000070c800000, 0x000000070ca00000|  0%| F|  |TAMS 0x000000070c800000, 0x000000070c800000| Untracked 
|  66|0x000000070ca00000, 0x000000070ca00000, 0x000000070cc00000|  0%| F|  |TAMS 0x000000070ca00000, 0x000000070ca00000| Untracked 
|  67|0x000000070cc00000, 0x000000070cc00000, 0x000000070ce00000|  0%| F|  |TAMS 0x000000070cc00000, 0x000000070cc00000| Untracked 
|  68|0x000000070ce00000, 0x000000070ce00000, 0x000000070d000000|  0%| F|  |TAMS 0x000000070ce00000, 0x000000070ce00000| Untracked 
|  69|0x000000070d000000, 0x000000070d000000, 0x000000070d200000|  0%| F|  |TAMS 0x000000070d000000, 0x000000070d000000| Untracked 
|  70|0x000000070d200000, 0x000000070d200000, 0x000000070d400000|  0%| F|  |TAMS 0x000000070d200000, 0x000000070d200000| Untracked 
|  71|0x000000070d400000, 0x000000070d400000, 0x000000070d600000|  0%| F|  |TAMS 0x000000070d400000, 0x000000070d400000| Untracked 
|  72|0x000000070d600000, 0x000000070d600000, 0x000000070d800000|  0%| F|  |TAMS 0x000000070d600000, 0x000000070d600000| Untracked 
|  73|0x000000070d800000, 0x000000070d800000, 0x000000070da00000|  0%| F|  |TAMS 0x000000070d800000, 0x000000070d800000| Untracked 
|  74|0x000000070da00000, 0x000000070da00000, 0x000000070dc00000|  0%| F|  |TAMS 0x000000070da00000, 0x000000070da00000| Untracked 
|  75|0x000000070dc00000, 0x000000070dc00000, 0x000000070de00000|  0%| F|  |TAMS 0x000000070dc00000, 0x000000070dc00000| Untracked 
|  76|0x000000070de00000, 0x000000070de00000, 0x000000070e000000|  0%| F|  |TAMS 0x000000070de00000, 0x000000070de00000| Untracked 
|  77|0x000000070e000000, 0x000000070e000000, 0x000000070e200000|  0%| F|  |TAMS 0x000000070e000000, 0x000000070e000000| Untracked 
|  78|0x000000070e200000, 0x000000070e200000, 0x000000070e400000|  0%| F|  |TAMS 0x000000070e200000, 0x000000070e200000| Untracked 
|  79|0x000000070e400000, 0x000000070e400000, 0x000000070e600000|  0%| F|  |TAMS 0x000000070e400000, 0x000000070e400000| Untracked 
|  80|0x000000070e600000, 0x000000070e600000, 0x000000070e800000|  0%| F|  |TAMS 0x000000070e600000, 0x000000070e600000| Untracked 
|  81|0x000000070e800000, 0x000000070e800000, 0x000000070ea00000|  0%| F|  |TAMS 0x000000070e800000, 0x000000070e800000| Untracked 
|  82|0x000000070ea00000, 0x000000070ea00000, 0x000000070ec00000|  0%| F|  |TAMS 0x000000070ea00000, 0x000000070ea00000| Untracked 
|  83|0x000000070ec00000, 0x000000070ec00000, 0x000000070ee00000|  0%| F|  |TAMS 0x000000070ec00000, 0x000000070ec00000| Untracked 
|  84|0x000000070ee00000, 0x000000070ee00000, 0x000000070f000000|  0%| F|  |TAMS 0x000000070ee00000, 0x000000070ee00000| Untracked 
|  85|0x000000070f000000, 0x000000070f000000, 0x000000070f200000|  0%| F|  |TAMS 0x000000070f000000, 0x000000070f000000| Untracked 
|  86|0x000000070f200000, 0x000000070f200000, 0x000000070f400000|  0%| F|  |TAMS 0x000000070f200000, 0x000000070f200000| Untracked 
|  87|0x000000070f400000, 0x000000070f400000, 0x000000070f600000|  0%| F|  |TAMS 0x000000070f400000, 0x000000070f400000| Untracked 
|  88|0x000000070f600000, 0x000000070f600000, 0x000000070f800000|  0%| F|  |TAMS 0x000000070f600000, 0x000000070f600000| Untracked 
|  89|0x000000070f800000, 0x000000070f800000, 0x000000070fa00000|  0%| F|  |TAMS 0x000000070f800000, 0x000000070f800000| Untracked 
|  90|0x000000070fa00000, 0x000000070fa00000, 0x000000070fc00000|  0%| F|  |TAMS 0x000000070fa00000, 0x000000070fa00000| Untracked 
|  91|0x000000070fc00000, 0x000000070fc00000, 0x000000070fe00000|  0%| F|  |TAMS 0x000000070fc00000, 0x000000070fc00000| Untracked 
|  92|0x000000070fe00000, 0x000000070fe00000, 0x0000000710000000|  0%| F|  |TAMS 0x000000070fe00000, 0x000000070fe00000| Untracked 
|  93|0x0000000710000000, 0x0000000710000000, 0x0000000710200000|  0%| F|  |TAMS 0x0000000710000000, 0x0000000710000000| Untracked 
|  94|0x0000000710200000, 0x0000000710200000, 0x0000000710400000|  0%| F|  |TAMS 0x0000000710200000, 0x0000000710200000| Untracked 
|  95|0x0000000710400000, 0x0000000710400000, 0x0000000710600000|  0%| F|  |TAMS 0x0000000710400000, 0x0000000710400000| Untracked 
|  96|0x0000000710600000, 0x0000000710600000, 0x0000000710800000|  0%| F|  |TAMS 0x0000000710600000, 0x0000000710600000| Untracked 
|  97|0x0000000710800000, 0x0000000710800000, 0x0000000710a00000|  0%| F|  |TAMS 0x0000000710800000, 0x0000000710800000| Untracked 
|  98|0x0000000710a00000, 0x0000000710a00000, 0x0000000710c00000|  0%| F|  |TAMS 0x0000000710a00000, 0x0000000710a00000| Untracked 
|  99|0x0000000710c00000, 0x0000000710c00000, 0x0000000710e00000|  0%| F|  |TAMS 0x0000000710c00000, 0x0000000710c00000| Untracked 
| 100|0x0000000710e00000, 0x0000000710e00000, 0x0000000711000000|  0%| F|  |TAMS 0x0000000710e00000, 0x0000000710e00000| Untracked 
| 101|0x0000000711000000, 0x0000000711000000, 0x0000000711200000|  0%| F|  |TAMS 0x0000000711000000, 0x0000000711000000| Untracked 
| 102|0x0000000711200000, 0x0000000711200000, 0x0000000711400000|  0%| F|  |TAMS 0x0000000711200000, 0x0000000711200000| Untracked 
| 103|0x0000000711400000, 0x0000000711400000, 0x0000000711600000|  0%| F|  |TAMS 0x0000000711400000, 0x0000000711400000| Untracked 
| 104|0x0000000711600000, 0x0000000711600000, 0x0000000711800000|  0%| F|  |TAMS 0x0000000711600000, 0x0000000711600000| Untracked 
| 105|0x0000000711800000, 0x0000000711800000, 0x0000000711a00000|  0%| F|  |TAMS 0x0000000711800000, 0x0000000711800000| Untracked 
| 106|0x0000000711a00000, 0x0000000711a00000, 0x0000000711c00000|  0%| F|  |TAMS 0x0000000711a00000, 0x0000000711a00000| Untracked 
| 107|0x0000000711c00000, 0x0000000711c00000, 0x0000000711e00000|  0%| F|  |TAMS 0x0000000711c00000, 0x0000000711c00000| Untracked 
| 108|0x0000000711e00000, 0x0000000711e00000, 0x0000000712000000|  0%| F|  |TAMS 0x0000000711e00000, 0x0000000711e00000| Untracked 
| 109|0x0000000712000000, 0x0000000712000000, 0x0000000712200000|  0%| F|  |TAMS 0x0000000712000000, 0x0000000712000000| Untracked 
| 110|0x0000000712200000, 0x0000000712200000, 0x0000000712400000|  0%| F|  |TAMS 0x0000000712200000, 0x0000000712200000| Untracked 
| 111|0x0000000712400000, 0x0000000712400000, 0x0000000712600000|  0%| F|  |TAMS 0x0000000712400000, 0x0000000712400000| Untracked 
| 112|0x0000000712600000, 0x0000000712600000, 0x0000000712800000|  0%| F|  |TAMS 0x0000000712600000, 0x0000000712600000| Untracked 
| 113|0x0000000712800000, 0x00000007128c8220, 0x0000000712a00000| 39%| S|CS|TAMS 0x0000000712800000, 0x0000000712800000| Complete 
| 114|0x0000000712a00000, 0x0000000712c00000, 0x0000000712c00000|100%| S|CS|TAMS 0x0000000712a00000, 0x0000000712a00000| Complete 
| 115|0x0000000712c00000, 0x0000000712d2e690, 0x0000000712e00000| 59%| E|  |TAMS 0x0000000712c00000, 0x0000000712c00000| Complete 
| 116|0x0000000712e00000, 0x0000000713000000, 0x0000000713000000|100%| E|CS|TAMS 0x0000000712e00000, 0x0000000712e00000| Complete 
| 117|0x0000000713000000, 0x0000000713200000, 0x0000000713200000|100%| E|CS|TAMS 0x0000000713000000, 0x0000000713000000| Complete 
| 118|0x0000000713200000, 0x0000000713400000, 0x0000000713400000|100%| E|CS|TAMS 0x0000000713200000, 0x0000000713200000| Complete 
| 119|0x0000000713400000, 0x0000000713600000, 0x0000000713600000|100%| E|CS|TAMS 0x0000000713400000, 0x0000000713400000| Complete 
| 120|0x0000000713600000, 0x0000000713800000, 0x0000000713800000|100%| E|CS|TAMS 0x0000000713600000, 0x0000000713600000| Complete 
| 121|0x0000000713800000, 0x0000000713a00000, 0x0000000713a00000|100%| E|CS|TAMS 0x0000000713800000, 0x0000000713800000| Complete 
| 122|0x0000000713a00000, 0x0000000713c00000, 0x0000000713c00000|100%| E|CS|TAMS 0x0000000713a00000, 0x0000000713a00000| Complete 
| 123|0x0000000713c00000, 0x0000000713e00000, 0x0000000713e00000|100%| E|CS|TAMS 0x0000000713c00000, 0x0000000713c00000| Complete 
| 124|0x0000000713e00000, 0x0000000714000000, 0x0000000714000000|100%| E|CS|TAMS 0x0000000713e00000, 0x0000000713e00000| Complete 
| 125|0x0000000714000000, 0x0000000714200000, 0x0000000714200000|100%| E|CS|TAMS 0x0000000714000000, 0x0000000714000000| Complete 

Card table byte_map: [0x000001c242450000,0x000001c242c30000] _byte_map_base: 0x000001c23ec2d000

Marking Bits (Prev, Next): (CMBitMap*) 0x000001c22abd3260, (CMBitMap*) 0x000001c22abd32a0
 Prev Bits: [0x000001c243410000, 0x000001c2472f8000)
 Next Bits: [0x000001c247300000, 0x000001c24b1e8000)

Polling page: 0x000001c228ae0000

Metaspace:

Usage:
  Non-class:      8.35 MB used.
      Class:      1.30 MB used.
       Both:      9.64 MB used.

Virtual space:
  Non-class space:       16.00 MB reserved,       8.50 MB ( 53%) committed,  2 nodes.
      Class space:        1.00 GB reserved,       1.44 MB ( <1%) committed,  1 nodes.
             Both:        1.02 GB reserved,       9.94 MB ( <1%) committed. 

Chunk freelists:
   Non-Class:  1.86 MB
       Class:  2.62 MB
        Both:  4.48 MB

MaxMetaspaceSize: unlimited
CompressedClassSpaceSize: 1.00 GB
Initial GC threshold: 21.00 MB
Current GC threshold: 21.00 MB
CDS: on
MetaspaceReclaimPolicy: balanced
 - commit_granule_bytes: 65536.
 - commit_granule_words: 8192.
 - virtual_space_node_default_size: 1048576.
 - enlarge_chunks_in_place: 1.
 - new_chunks_are_fully_committed: 0.
 - uncommit_free_chunks: 1.
 - use_allocation_guard: 0.
 - handle_deallocations: 1.


Internal statistics:

num_allocs_failed_limit: 0.
num_arena_births: 132.
num_arena_deaths: 0.
num_vsnodes_births: 3.
num_vsnodes_deaths: 0.
num_space_committed: 159.
num_space_uncommitted: 0.
num_chunks_returned_to_freelist: 0.
num_chunks_taken_from_freelist: 449.
num_chunk_merges: 0.
num_chunk_splits: 318.
num_chunks_enlarged: 261.
num_purges: 0.
num_inconsistent_stats: 0.

CodeHeap 'non-profiled nmethods': size=119168Kb used=534Kb max_used=534Kb free=118633Kb
 bounds [0x000001c239f80000, 0x000001c23a1f0000, 0x000001c2413e0000]
CodeHeap 'profiled nmethods': size=119104Kb used=2740Kb max_used=2740Kb free=116363Kb
 bounds [0x000001c232b30000, 0x000001c232de0000, 0x000001c239f80000]
CodeHeap 'non-nmethods': size=7488Kb used=3073Kb max_used=3088Kb free=4414Kb
 bounds [0x000001c2323e0000, 0x000001c2326f0000, 0x000001c232b30000]
 total_blobs=2300 nmethods=1577 adapters=632
 compilation: enabled
              stopped_count=0, restarted_count=0
 full_count=0

Compilation events (20 events):
Event: 0.518 Thread 0x000001c24ed7b630 nmethod 1568 0x000001c232ddb310 code [0x000001c232ddb4c0, 0x000001c232ddb678]
Event: 0.518 Thread 0x000001c24ed7b630 1570       1       jdk.internal.reflect.NativeConstructorAccessorImpl::setParent (6 bytes)
Event: 0.518 Thread 0x000001c24e2779d0 nmethod 1567 0x000001c23a003790 code [0x000001c23a003920, 0x000001c23a0039f8]
Event: 0.518 Thread 0x000001c22ac5dcb0 nmethod 1569 0x000001c23a003a90 code [0x000001c23a003c20, 0x000001c23a003d38]
Event: 0.518 Thread 0x000001c24ed7b630 nmethod 1570 0x000001c23a003d90 code [0x000001c23a003f20, 0x000001c23a004038]
Event: 0.518 Thread 0x000001c24ed7bb40 nmethod 1571 0x000001c232ddb790 code [0x000001c232ddb940, 0x000001c232ddbc48]
Event: 0.518 Thread 0x000001c22ac5dcb0 1572       3       java.lang.PublicMethods$Key::matches (31 bytes)
Event: 0.519 Thread 0x000001c24ed7b630 1573       3       jdk.internal.loader.NativeLibraries::find (72 bytes)
Event: 0.519 Thread 0x000001c22ac5dcb0 nmethod 1572 0x000001c232ddbd90 code [0x000001c232ddbf60, 0x000001c232ddc2d8]
Event: 0.519 Thread 0x000001c24ed7b630 nmethod 1573 0x000001c232ddc490 code [0x000001c232ddc6c0, 0x000001c232ddcf58]
Event: 0.520 Thread 0x000001c24ee54620 1574       4       java.lang.StringBuilder::append (8 bytes)
Event: 0.520 Thread 0x000001c24e2779d0 1575       1       java.util.concurrent.locks.AbstractOwnableSynchronizer::getExclusiveOwnerThread (5 bytes)
Event: 0.521 Thread 0x000001c24e2779d0 nmethod 1575 0x000001c23a004090 code [0x000001c23a004220, 0x000001c23a0042f8]
Event: 0.521 Thread 0x000001c24e2779d0 1576       1       com.sun.prism.paint.Paint::getType (5 bytes)
Event: 0.521 Thread 0x000001c24ed7b630 1577       1       com.sun.prism.impl.BaseContext::isDisposed (5 bytes)
Event: 0.521 Thread 0x000001c24e2779d0 nmethod 1576 0x000001c23a004390 code [0x000001c23a004520, 0x000001c23a0045f8]
Event: 0.521 Thread 0x000001c24ed7b630 nmethod 1577 0x000001c23a004690 code [0x000001c23a004820, 0x000001c23a0048f8]
Event: 0.521 Thread 0x000001c24e2779d0 1578       1       com.sun.javafx.sg.prism.NGNode::isShape3D (2 bytes)
Event: 0.521 Thread 0x000001c24e2779d0 nmethod 1578 0x000001c23a004990 code [0x000001c23a004b20, 0x000001c23a004bf8]
Event: 0.524 Thread 0x000001c24ee54620 nmethod 1574 0x000001c23a004c90 code [0x000001c23a004e40, 0x000001c23a005548]

GC Heap History (2 events):
Event: 0.266 GC heap before
{Heap before GC invocations=0 (full 0):
 garbage-first heap   total 258048K, used 22528K [0x0000000704600000, 0x0000000800000000)
  region size 2048K, 11 young (22528K), 0 survivors (0K)
 Metaspace       used 4748K, committed 4864K, reserved 1056768K
  class space    used 606K, committed 640K, reserved 1048576K
}
Event: 0.268 GC heap after
{Heap after GC invocations=1 (full 0):
 garbage-first heap   total 258048K, used 2848K [0x0000000704600000, 0x0000000800000000)
  region size 2048K, 2 young (4096K), 2 survivors (4096K)
 Metaspace       used 4748K, committed 4864K, reserved 1056768K
  class space    used 606K, committed 640K, reserved 1048576K
}

Deoptimization events (20 events):
Event: 0.468 Thread 0x000001c24f3f9090 Uncommon trap: trap_request=0xffffff45 fr.pc=0x000001c239fdfa34 relative=0x00000000000001b4
Event: 0.468 Thread 0x000001c24f3f9090 Uncommon trap: reason=unstable_if action=reinterpret pc=0x000001c239fdfa34 method=java.io.ByteArrayInputStream.read()I @ 8 c2
Event: 0.468 Thread 0x000001c24f3f9090 DEOPT PACKING pc=0x000001c239fdfa34 sp=0x0000002f6f0fcbb0
Event: 0.468 Thread 0x000001c24f3f9090 DEOPT UNPACKING pc=0x000001c232435c23 sp=0x0000002f6f0fcb68 mode 2
Event: 0.519 Thread 0x000001c24f18c640 Uncommon trap: trap_request=0xffffffc6 fr.pc=0x000001c239fd3f40 relative=0x0000000000000560
Event: 0.519 Thread 0x000001c24f18c640 Uncommon trap: reason=bimorphic_or_optimized_type_check action=maybe_recompile pc=0x000001c239fd3f40 method=java.util.concurrent.ConcurrentHashMap.get(Ljava/lang/Object;)Ljava/lang/Object; @ 149 c2
Event: 0.519 Thread 0x000001c24f18c640 DEOPT PACKING pc=0x000001c239fd3f40 sp=0x0000002f6eefe8c0
Event: 0.519 Thread 0x000001c24f18c640 DEOPT UNPACKING pc=0x000001c232435c23 sp=0x0000002f6eefe860 mode 2
Event: 0.519 Thread 0x000001c24f18c640 Uncommon trap: trap_request=0xffffffc6 fr.pc=0x000001c239fd3f40 relative=0x0000000000000560
Event: 0.519 Thread 0x000001c24f18c640 Uncommon trap: reason=bimorphic_or_optimized_type_check action=maybe_recompile pc=0x000001c239fd3f40 method=java.util.concurrent.ConcurrentHashMap.get(Ljava/lang/Object;)Ljava/lang/Object; @ 149 c2
Event: 0.519 Thread 0x000001c24f18c640 DEOPT PACKING pc=0x000001c239fd3f40 sp=0x0000002f6eefe8c0
Event: 0.519 Thread 0x000001c24f18c640 DEOPT UNPACKING pc=0x000001c232435c23 sp=0x0000002f6eefe860 mode 2
Event: 0.519 Thread 0x000001c24f18c640 Uncommon trap: trap_request=0xffffffc6 fr.pc=0x000001c239fd3f40 relative=0x0000000000000560
Event: 0.519 Thread 0x000001c24f18c640 Uncommon trap: reason=bimorphic_or_optimized_type_check action=maybe_recompile pc=0x000001c239fd3f40 method=java.util.concurrent.ConcurrentHashMap.get(Ljava/lang/Object;)Ljava/lang/Object; @ 149 c2
Event: 0.519 Thread 0x000001c24f18c640 DEOPT PACKING pc=0x000001c239fd3f40 sp=0x0000002f6eefe8c0
Event: 0.519 Thread 0x000001c24f18c640 DEOPT UNPACKING pc=0x000001c232435c23 sp=0x0000002f6eefe860 mode 2
Event: 0.519 Thread 0x000001c24f18c640 Uncommon trap: trap_request=0xffffffc6 fr.pc=0x000001c239fd3f40 relative=0x0000000000000560
Event: 0.519 Thread 0x000001c24f18c640 Uncommon trap: reason=bimorphic_or_optimized_type_check action=maybe_recompile pc=0x000001c239fd3f40 method=java.util.concurrent.ConcurrentHashMap.get(Ljava/lang/Object;)Ljava/lang/Object; @ 149 c2
Event: 0.519 Thread 0x000001c24f18c640 DEOPT PACKING pc=0x000001c239fd3f40 sp=0x0000002f6eefe8c0
Event: 0.519 Thread 0x000001c24f18c640 DEOPT UNPACKING pc=0x000001c232435c23 sp=0x0000002f6eefe860 mode 2

Classes unloaded (0 events):
No events

Classes redefined (0 events):
No events

Internal exceptions (20 events):
Event: 0.234 Thread 0x000001c24f3f9090 Exception <a 'java/lang/NoSuchMethodError'{0x00000007130a0cb8}: 'void java.lang.invoke.DirectMethodHandle$Holder.invokeStaticInit(java.lang.Object)'> (0x00000007130a0cb8) 
thrown [t:\workspace\open\src\hotspot\share\interpreter\linkResolver.cpp, line 766]
Event: 0.235 Thread 0x000001c22ab86b20 Exception <a 'java/lang/NoSuchMethodError'{0x000000071321b310}: 'java.lang.Object java.lang.invoke.DirectMethodHandle$Holder.newInvokeSpecial(java.lang.Object, java.lang.Object, java.lang.Object, java.lang.Object, java.lang.Object, java.lang.Object)'> (0x000000071321b310) 
thrown [t:\workspace\open\src\hotspot\share\interpreter\linkResolver.cpp, line 766]
Event: 0.240 Thread 0x000001c22ab86b20 Exception <a 'java/lang/NoSuchMethodError'{0x0000000713251760}: 'java.lang.Object java.lang.invoke.DirectMethodHandle$Holder.newInvokeSpecial(java.lang.Object, java.lang.Object, java.lang.Object, java.lang.Object, java.lang.Object)'> (0x0000000713251760) 
thrown [t:\workspace\open\src\hotspot\share\interpreter\linkResolver.cpp, line 766]
Event: 0.241 Thread 0x000001c24f75fc00 Exception <a 'java/lang/NoSuchMethodError'{0x00000007131c8d00}: 'void java.lang.invoke.DirectMethodHandle$Holder.invokeStatic(java.lang.Object, java.lang.Object, java.lang.Object, java.lang.Object)'> (0x00000007131c8d00) 
thrown [t:\workspace\open\src\hotspot\share\interpreter\linkResolver.cpp, line 766]
Event: 0.259 Thread 0x000001c24f3f9090 Exception <a 'java/lang/NoSuchMethodError'{0x0000000712caf380}: 'java.lang.Object java.lang.invoke.DirectMethodHandle$Holder.invokeStaticInit(java.lang.Object, java.lang.Object, java.lang.Object, java.lang.Object)'> (0x0000000712caf380) 
thrown [t:\workspace\open\src\hotspot\share\interpreter\linkResolver.cpp, line 766]
Event: 0.259 Thread 0x000001c24f3f9090 Exception <a 'java/lang/NullPointerException'{0x0000000712cbaf98}> (0x0000000712cbaf98) 
thrown [t:\workspace\open\src\hotspot\share\interpreter\linkResolver.cpp, line 1357]
Event: 0.355 Thread 0x000001c24f3f9090 Exception <a 'java/lang/NoSuchMethodError'{0x0000000713829e90}: 'java.lang.Object java.lang.invoke.DirectMethodHandle$Holder.newInvokeSpecial(java.lang.Object, java.lang.Object, int)'> (0x0000000713829e90) 
thrown [t:\workspace\open\src\hotspot\share\interpreter\linkResolver.cpp, line 766]
Event: 0.371 Thread 0x000001c24f3f9090 Exception <a 'java/lang/ClassNotFoundException'{0x0000000713636a28}: com/sun/glass/ui/win/themes> (0x0000000713636a28) 
thrown [t:\workspace\open\src\hotspot\share\prims\jni.cpp, line 535]
Event: 0.371 Thread 0x000001c24f3f9090 Exception <a 'java/lang/ClassNotFoundException'{0x000000071363e6f0}: com/sun/glass/ui/win/themes_en> (0x000000071363e6f0) 
thrown [t:\workspace\open\src\hotspot\share\prims\jni.cpp, line 535]
Event: 0.371 Thread 0x000001c24f3f9090 Exception <a 'java/lang/ClassNotFoundException'{0x0000000713646480}: com/sun/glass/ui/win/themes_en_US> (0x0000000713646480) 
thrown [t:\workspace\open\src\hotspot\share\prims\jni.cpp, line 535]
Event: 0.400 Thread 0x000001c24f3f9090 Exception <a 'java/lang/NoSuchMethodError'{0x00000007135c8598}: 'void java.lang.invoke.DirectMethodHandle$Holder.invokeStaticInit(java.lang.Object, java.lang.Object)'> (0x00000007135c8598) 
thrown [t:\workspace\open\src\hotspot\share\interpreter\linkResolver.cpp, line 766]
Event: 0.418 Thread 0x000001c24f3f9090 Implicit null exception at 0x000001c239fe5614 to 0x000001c239fe5a14
Event: 0.418 Thread 0x000001c24f3f9090 Implicit null exception at 0x000001c239fe208f to 0x000001c239fe246c
Event: 0.419 Thread 0x000001c24f3f9090 Implicit null exception at 0x000001c239f99e0f to 0x000001c239f99e89
Event: 0.441 Thread 0x000001c24f3f9090 Exception <a 'java/lang/NoSuchMethodError'{0x0000000713149528}: 'void java.lang.invoke.DirectMethodHandle$Holder.invokeSpecial(java.lang.Object, java.lang.Object, java.lang.Object, java.lang.Object, java.lang.Object)'> (0x0000000713149528) 
thrown [t:\workspace\open\src\hotspot\share\interpreter\linkResolver.cpp, line 766]
Event: 0.442 Thread 0x000001c24f3f9090 Exception <a 'java/lang/NoSuchMethodError'{0x0000000713159b40}: 'java.lang.Object java.lang.invoke.DirectMethodHandle$Holder.invokeInterface(java.lang.Object, java.lang.Object, java.lang.Object)'> (0x0000000713159b40) 
thrown [t:\workspace\open\src\hotspot\share\interpreter\linkResolver.cpp, line 766]
Event: 0.442 Thread 0x000001c24f3f9090 Exception <a 'java/lang/IncompatibleClassChangeError'{0x000000071315d4c8}: Found class java.lang.Object, but interface was expected> (0x000000071315d4c8) 
thrown [t:\workspace\open\src\hotspot\share\interpreter\linkResolver.cpp, line 833]
Event: 0.491 Thread 0x000001c24f18c640 Exception <a 'java/lang/NoSuchMethodError'{0x0000000712fdebf0}: 'int java.lang.invoke.DirectMethodHandle$Holder.invokeStaticInit(java.lang.Object, java.lang.Object)'> (0x0000000712fdebf0) 
thrown [t:\workspace\open\src\hotspot\share\interpreter\linkResolver.cpp, line 766]
Event: 0.519 Thread 0x000001c24f18c640 Exception <a 'java/lang/NullPointerException'{0x0000000712cd0800}> (0x0000000712cd0800) 
thrown [t:\workspace\open\src\hotspot\share\interpreter\linkResolver.cpp, line 1440]
Event: 0.521 Thread 0x000001c24f18c640 Exception <a 'java/lang/NullPointerException'{0x0000000712cd8cc8}> (0x0000000712cd8cc8) 
thrown [t:\workspace\open\src\hotspot\share\interpreter\linkResolver.cpp, line 1440]

VM Operations (16 events):
Event: 0.040 Executing VM operation: HandshakeAllThreads
Event: 0.040 Executing VM operation: HandshakeAllThreads done
Event: 0.074 Executing VM operation: HandshakeAllThreads
Event: 0.074 Executing VM operation: HandshakeAllThreads done
Event: 0.095 Executing VM operation: HandshakeAllThreads
Event: 0.095 Executing VM operation: HandshakeAllThreads done
Event: 0.188 Executing VM operation: HandshakeAllThreads
Event: 0.188 Executing VM operation: HandshakeAllThreads done
Event: 0.266 Executing VM operation: G1CollectForAllocation
Event: 0.268 Executing VM operation: G1CollectForAllocation done
Event: 0.375 Executing VM operation: HandshakeAllThreads
Event: 0.375 Executing VM operation: HandshakeAllThreads done
Event: 0.426 Executing VM operation: ICBufferFull
Event: 0.426 Executing VM operation: ICBufferFull done
Event: 0.437 Executing VM operation: HandshakeAllThreads
Event: 0.437 Executing VM operation: HandshakeAllThreads done

Events (20 events):
Event: 0.475 loading class jdk/internal/reflect/ClassDefiner$1
Event: 0.475 loading class jdk/internal/reflect/ClassDefiner$1 done
Event: 0.492 loading class java/util/EnumMap$Values
Event: 0.492 loading class java/util/EnumMap$Values done
Event: 0.492 loading class java/util/EnumMap$ValueIterator
Event: 0.492 loading class java/util/EnumMap$EnumMapIterator
Event: 0.492 loading class java/util/EnumMap$EnumMapIterator done
Event: 0.492 loading class java/util/EnumMap$ValueIterator done
Event: 0.518 loading class java/nio/ShortBuffer
Event: 0.518 loading class java/nio/ShortBuffer done
Event: 0.518 loading class java/nio/FloatBuffer
Event: 0.518 loading class java/nio/FloatBuffer done
Event: 0.518 loading class java/nio/DoubleBuffer
Event: 0.518 loading class java/nio/DoubleBuffer done
Event: 0.519 loading class java/lang/Throwable$WrappedPrintStream
Event: 0.520 loading class java/lang/Throwable$PrintStreamOrWriter
Event: 0.520 loading class java/lang/Throwable$PrintStreamOrWriter done
Event: 0.520 loading class java/lang/Throwable$WrappedPrintStream done
Event: 0.520 loading class java/lang/StackTraceElement$HashedModules
Event: 0.520 loading class java/lang/StackTraceElement$HashedModules done


Dynamic libraries:
0x00007ff743c20000 - 0x00007ff743c30000 	C:\Java\jdk-17.0.2\bin\java.exe
0x00007ffe5d400000 - 0x00007ffe5d609000 	C:\WINDOWS\SYSTEM32\ntdll.dll
0x00007ffe5b2a0000 - 0x00007ffe5b35d000 	C:\WINDOWS\System32\KERNEL32.DLL
0x00007ffe5aa80000 - 0x00007ffe5adf4000 	C:\WINDOWS\System32\KERNELBASE.dll
0x00007ffe5a8f0000 - 0x00007ffe5aa01000 	C:\WINDOWS\System32\ucrtbase.dll
0x00007ffe54c80000 - 0x00007ffe54c9a000 	C:\Java\jdk-17.0.2\bin\VCRUNTIME140.dll
0x00007ffe54cc0000 - 0x00007ffe54cd8000 	C:\Java\jdk-17.0.2\bin\jli.dll
0x00007ffe5b3d0000 - 0x00007ffe5b47e000 	C:\WINDOWS\System32\ADVAPI32.dll
0x00007ffe5b850000 - 0x00007ffe5b8f3000 	C:\WINDOWS\System32\msvcrt.dll
0x00007ffe5b6a0000 - 0x00007ffe5b73e000 	C:\WINDOWS\System32\sechost.dll
0x00007ffe5c4d0000 - 0x00007ffe5c5f0000 	C:\WINDOWS\System32\RPCRT4.dll
0x00007ffe5c870000 - 0x00007ffe5ca1c000 	C:\WINDOWS\System32\USER32.dll
0x00007ffe5b150000 - 0x00007ffe5b176000 	C:\WINDOWS\System32\win32u.dll
0x00007ffe3d540000 - 0x00007ffe3d7e5000 	C:\WINDOWS\WinSxS\amd64_microsoft.windows.common-controls_6595b64144ccf1df_6.0.22000.120_none_9d947278b86cc467\COMCTL32.dll
0x00007ffe5d390000 - 0x00007ffe5d3b9000 	C:\WINDOWS\System32\GDI32.dll
0x00007ffe5af70000 - 0x00007ffe5b082000 	C:\WINDOWS\System32\gdi32full.dll
0x00007ffe5b200000 - 0x00007ffe5b29d000 	C:\WINDOWS\System32\msvcp_win.dll
0x00007ffe54570000 - 0x00007ffe5457a000 	C:\WINDOWS\SYSTEM32\VERSION.dll
0x00007ffe5d350000 - 0x00007ffe5d381000 	C:\WINDOWS\System32\IMM32.DLL
0x00007ffe54eb0000 - 0x00007ffe54ebc000 	C:\Java\jdk-17.0.2\bin\vcruntime140_1.dll
0x00007ffe43b80000 - 0x00007ffe43c0d000 	C:\Java\jdk-17.0.2\bin\msvcp140.dll
0x00007ffddc080000 - 0x00007ffddcc41000 	C:\Java\jdk-17.0.2\bin\server\jvm.dll
0x00007ffe5c5f0000 - 0x00007ffe5c5f8000 	C:\WINDOWS\System32\PSAPI.DLL
0x00007ffe3e780000 - 0x00007ffe3e789000 	C:\WINDOWS\SYSTEM32\WSOCK32.dll
0x00007ffe54b50000 - 0x00007ffe54b83000 	C:\WINDOWS\SYSTEM32\WINMM.dll
0x00007ffe5b360000 - 0x00007ffe5b3cf000 	C:\WINDOWS\System32\WS2_32.dll
0x00007ffe59aa0000 - 0x00007ffe59ab8000 	C:\WINDOWS\SYSTEM32\kernel.appcore.dll
0x00007ffe54c50000 - 0x00007ffe54c5a000 	C:\Java\jdk-17.0.2\bin\jimage.dll
0x00007ffe58430000 - 0x00007ffe58651000 	C:\WINDOWS\SYSTEM32\DBGHELP.DLL
0x00007ffe4ada0000 - 0x00007ffe4add1000 	C:\WINDOWS\SYSTEM32\dbgcore.DLL
0x00007ffe5b180000 - 0x00007ffe5b1ff000 	C:\WINDOWS\System32\bcryptPrimitives.dll
0x00007ffe545a0000 - 0x00007ffe545ae000 	C:\Java\jdk-17.0.2\bin\instrument.dll
0x00007ffe4af20000 - 0x00007ffe4af45000 	C:\Java\jdk-17.0.2\bin\java.dll
0x00007ffe30600000 - 0x00007ffe306d6000 	C:\Java\jdk-17.0.2\bin\jsvml.dll
0x00007ffe5bcb0000 - 0x00007ffe5c45e000 	C:\WINDOWS\System32\SHELL32.dll
0x00007ffe58a30000 - 0x00007ffe59298000 	C:\WINDOWS\SYSTEM32\windows.storage.dll
0x00007ffe5cad0000 - 0x00007ffe5ce48000 	C:\WINDOWS\System32\combase.dll
0x00007ffe588c0000 - 0x00007ffe58a26000 	C:\WINDOWS\SYSTEM32\wintypes.dll
0x00007ffe5b740000 - 0x00007ffe5b82a000 	C:\WINDOWS\System32\SHCORE.dll
0x00007ffe5c600000 - 0x00007ffe5c65d000 	C:\WINDOWS\System32\shlwapi.dll
0x00007ffe5a820000 - 0x00007ffe5a841000 	C:\WINDOWS\SYSTEM32\profapi.dll
0x00007ffe54c20000 - 0x00007ffe54c39000 	C:\Java\jdk-17.0.2\bin\net.dll
0x00007ffe55b50000 - 0x00007ffe55c5c000 	C:\WINDOWS\SYSTEM32\WINHTTP.dll
0x00007ffe59ec0000 - 0x00007ffe59f27000 	C:\WINDOWS\system32\mswsock.dll
0x00007ffe54b90000 - 0x00007ffe54ba6000 	C:\Java\jdk-17.0.2\bin\nio.dll
0x00007ffe54640000 - 0x00007ffe54658000 	C:\Java\jdk-17.0.2\bin\zip.dll
0x00007ffe53200000 - 0x00007ffe5321a000 	C:\Program Files\JetBrains\IntelliJ IDEA Educational Edition 2021.3.3\bin\breakgen64.dll
0x000001c22aab0000 - 0x000001c22aab3000 	C:\Users\Wang Liu\Downloads\openjfx-18_windows-x64_bin-sdk\javafx-sdk-18\bin\api-ms-win-core-console-l1-1-0.dll
0x000001c22aac0000 - 0x000001c22aac3000 	C:\Users\Wang Liu\Downloads\openjfx-18_windows-x64_bin-sdk\javafx-sdk-18\bin\api-ms-win-core-console-l1-2-0.dll
0x000001c22aad0000 - 0x000001c22aad3000 	C:\Users\Wang Liu\Downloads\openjfx-18_windows-x64_bin-sdk\javafx-sdk-18\bin\api-ms-win-core-datetime-l1-1-0.dll
0x000001c22aae0000 - 0x000001c22aae3000 	C:\Users\Wang Liu\Downloads\openjfx-18_windows-x64_bin-sdk\javafx-sdk-18\bin\api-ms-win-core-debug-l1-1-0.dll
0x000001c22aaf0000 - 0x000001c22aaf3000 	C:\Users\Wang Liu\Downloads\openjfx-18_windows-x64_bin-sdk\javafx-sdk-18\bin\api-ms-win-core-errorhandling-l1-1-0.dll
0x000001c22ab00000 - 0x000001c22ab04000 	C:\Users\Wang Liu\Downloads\openjfx-18_windows-x64_bin-sdk\javafx-sdk-18\bin\api-ms-win-core-file-l1-1-0.dll
0x000001c22ab10000 - 0x000001c22ab13000 	C:\Users\Wang Liu\Downloads\openjfx-18_windows-x64_bin-sdk\javafx-sdk-18\bin\api-ms-win-core-file-l1-2-0.dll
0x000001c22ab20000 - 0x000001c22ab23000 	C:\Users\Wang Liu\Downloads\openjfx-18_windows-x64_bin-sdk\javafx-sdk-18\bin\api-ms-win-core-file-l2-1-0.dll
0x000001c22ab30000 - 0x000001c22ab33000 	C:\Users\Wang Liu\Downloads\openjfx-18_windows-x64_bin-sdk\javafx-sdk-18\bin\api-ms-win-core-handle-l1-1-0.dll
0x000001c22ab40000 - 0x000001c22ab43000 	C:\Users\Wang Liu\Downloads\openjfx-18_windows-x64_bin-sdk\javafx-sdk-18\bin\api-ms-win-core-heap-l1-1-0.dll
0x000001c22ab50000 - 0x000001c22ab53000 	C:\Users\Wang Liu\Downloads\openjfx-18_windows-x64_bin-sdk\javafx-sdk-18\bin\api-ms-win-core-interlocked-l1-1-0.dll
0x000001c24e3a0000 - 0x000001c24e3a3000 	C:\Users\Wang Liu\Downloads\openjfx-18_windows-x64_bin-sdk\javafx-sdk-18\bin\api-ms-win-core-libraryloader-l1-1-0.dll
0x000001c24e3b0000 - 0x000001c24e3b3000 	C:\Users\Wang Liu\Downloads\openjfx-18_windows-x64_bin-sdk\javafx-sdk-18\bin\api-ms-win-core-localization-l1-2-0.dll
0x000001c24e3c0000 - 0x000001c24e3c3000 	C:\Users\Wang Liu\Downloads\openjfx-18_windows-x64_bin-sdk\javafx-sdk-18\bin\api-ms-win-core-memory-l1-1-0.dll
0x000001c24e3d0000 - 0x000001c24e3d3000 	C:\Users\Wang Liu\Downloads\openjfx-18_windows-x64_bin-sdk\javafx-sdk-18\bin\api-ms-win-core-namedpipe-l1-1-0.dll
0x000001c24e3e0000 - 0x000001c24e3e3000 	C:\Users\Wang Liu\Downloads\openjfx-18_windows-x64_bin-sdk\javafx-sdk-18\bin\api-ms-win-core-processenvironment-l1-1-0.dll
0x000001c24e3f0000 - 0x000001c24e3f3000 	C:\Users\Wang Liu\Downloads\openjfx-18_windows-x64_bin-sdk\javafx-sdk-18\bin\api-ms-win-core-processthreads-l1-1-0.dll
0x000001c24f800000 - 0x000001c24f803000 	C:\Users\Wang Liu\Downloads\openjfx-18_windows-x64_bin-sdk\javafx-sdk-18\bin\api-ms-win-core-processthreads-l1-1-1.dll
0x000001c24f810000 - 0x000001c24f813000 	C:\Users\Wang Liu\Downloads\openjfx-18_windows-x64_bin-sdk\javafx-sdk-18\bin\api-ms-win-core-profile-l1-1-0.dll
0x000001c24f820000 - 0x000001c24f823000 	C:\Users\Wang Liu\Downloads\openjfx-18_windows-x64_bin-sdk\javafx-sdk-18\bin\api-ms-win-core-rtlsupport-l1-1-0.dll
0x000001c24f830000 - 0x000001c24f833000 	C:\Users\Wang Liu\Downloads\openjfx-18_windows-x64_bin-sdk\javafx-sdk-18\bin\api-ms-win-core-string-l1-1-0.dll
0x000001c24f840000 - 0x000001c24f843000 	C:\Users\Wang Liu\Downloads\openjfx-18_windows-x64_bin-sdk\javafx-sdk-18\bin\api-ms-win-core-synch-l1-1-0.dll
0x000001c24f850000 - 0x000001c24f853000 	C:\Users\Wang Liu\Downloads\openjfx-18_windows-x64_bin-sdk\javafx-sdk-18\bin\api-ms-win-core-synch-l1-2-0.dll
0x000001c24f860000 - 0x000001c24f863000 	C:\Users\Wang Liu\Downloads\openjfx-18_windows-x64_bin-sdk\javafx-sdk-18\bin\api-ms-win-core-sysinfo-l1-1-0.dll
0x000001c24f870000 - 0x000001c24f873000 	C:\Users\Wang Liu\Downloads\openjfx-18_windows-x64_bin-sdk\javafx-sdk-18\bin\api-ms-win-core-timezone-l1-1-0.dll
0x000001c24f880000 - 0x000001c24f883000 	C:\Users\Wang Liu\Downloads\openjfx-18_windows-x64_bin-sdk\javafx-sdk-18\bin\api-ms-win-core-util-l1-1-0.dll
0x000001c24f890000 - 0x000001c24f893000 	C:\Users\Wang Liu\Downloads\openjfx-18_windows-x64_bin-sdk\javafx-sdk-18\bin\api-ms-win-crt-conio-l1-1-0.dll
0x000001c24f8a0000 - 0x000001c24f8a4000 	C:\Users\Wang Liu\Downloads\openjfx-18_windows-x64_bin-sdk\javafx-sdk-18\bin\api-ms-win-crt-convert-l1-1-0.dll
0x000001c24f8b0000 - 0x000001c24f8b3000 	C:\Users\Wang Liu\Downloads\openjfx-18_windows-x64_bin-sdk\javafx-sdk-18\bin\api-ms-win-crt-environment-l1-1-0.dll
0x000001c24f8c0000 - 0x000001c24f8c3000 	C:\Users\Wang Liu\Downloads\openjfx-18_windows-x64_bin-sdk\javafx-sdk-18\bin\api-ms-win-crt-filesystem-l1-1-0.dll
0x000001c24f8d0000 - 0x000001c24f8d3000 	C:\Users\Wang Liu\Downloads\openjfx-18_windows-x64_bin-sdk\javafx-sdk-18\bin\api-ms-win-crt-heap-l1-1-0.dll
0x000001c24f8e0000 - 0x000001c24f8e3000 	C:\Users\Wang Liu\Downloads\openjfx-18_windows-x64_bin-sdk\javafx-sdk-18\bin\api-ms-win-crt-locale-l1-1-0.dll
0x000001c24f8f0000 - 0x000001c24f8f5000 	C:\Users\Wang Liu\Downloads\openjfx-18_windows-x64_bin-sdk\javafx-sdk-18\bin\api-ms-win-crt-math-l1-1-0.dll
0x000001c24f900000 - 0x000001c24f905000 	C:\Users\Wang Liu\Downloads\openjfx-18_windows-x64_bin-sdk\javafx-sdk-18\bin\api-ms-win-crt-multibyte-l1-1-0.dll
0x000001c24f910000 - 0x000001c24f920000 	C:\Users\Wang Liu\Downloads\openjfx-18_windows-x64_bin-sdk\javafx-sdk-18\bin\api-ms-win-crt-private-l1-1-0.dll
0x000001c24f920000 - 0x000001c24f923000 	C:\Users\Wang Liu\Downloads\openjfx-18_windows-x64_bin-sdk\javafx-sdk-18\bin\api-ms-win-crt-process-l1-1-0.dll
0x000001c24f930000 - 0x000001c24f934000 	C:\Users\Wang Liu\Downloads\openjfx-18_windows-x64_bin-sdk\javafx-sdk-18\bin\api-ms-win-crt-runtime-l1-1-0.dll
0x000001c24f940000 - 0x000001c24f944000 	C:\Users\Wang Liu\Downloads\openjfx-18_windows-x64_bin-sdk\javafx-sdk-18\bin\api-ms-win-crt-stdio-l1-1-0.dll
0x000001c24f950000 - 0x000001c24f954000 	C:\Users\Wang Liu\Downloads\openjfx-18_windows-x64_bin-sdk\javafx-sdk-18\bin\api-ms-win-crt-string-l1-1-0.dll
0x000001c24f960000 - 0x000001c24f963000 	C:\Users\Wang Liu\Downloads\openjfx-18_windows-x64_bin-sdk\javafx-sdk-18\bin\api-ms-win-crt-time-l1-1-0.dll
0x000001c24f970000 - 0x000001c24f973000 	C:\Users\Wang Liu\Downloads\openjfx-18_windows-x64_bin-sdk\javafx-sdk-18\bin\api-ms-win-crt-utility-l1-1-0.dll
0x00007ffe3a8a0000 - 0x00007ffe3a99c000 	C:\Users\Wang Liu\Downloads\openjfx-18_windows-x64_bin-sdk\javafx-sdk-18\bin\ucrtbase.dll
0x00007ffe531e0000 - 0x00007ffe531fa000 	C:\Users\Wang Liu\Downloads\openjfx-18_windows-x64_bin-sdk\javafx-sdk-18\bin\vcruntime140.dll
0x00007ffe54590000 - 0x00007ffe5459c000 	C:\Users\Wang Liu\Downloads\openjfx-18_windows-x64_bin-sdk\javafx-sdk-18\bin\vcruntime140_1.dll
0x00007ffe3a7b0000 - 0x00007ffe3a83d000 	C:\Users\Wang Liu\Downloads\openjfx-18_windows-x64_bin-sdk\javafx-sdk-18\bin\msvcp140.dll
0x00007ffe531b0000 - 0x00007ffe531dc000 	C:\Users\Wang Liu\Downloads\openjfx-18_windows-x64_bin-sdk\javafx-sdk-18\bin\prism_d3d.dll
0x00007ffe37ce0000 - 0x00007ffe37e86000 	C:\WINDOWS\system32\d3d9.dll
0x00007ffe57be0000 - 0x00007ffe57c0f000 	C:\WINDOWS\SYSTEM32\dwmapi.dll
0x00007ffe57d20000 - 0x00007ffe57d58000 	C:\WINDOWS\SYSTEM32\dxcore.dll
0x00007ffe57950000 - 0x00007ffe579fc000 	C:\WINDOWS\system32\uxtheme.dll
0x00007ffe15bd0000 - 0x00007ffe15d35000 	C:\WINDOWS\System32\DriverStore\FileRepository\iigd_dch.inf_amd64_b9461df4c727b3ee\igdumdim64.dll
0x00007ffe5b4a0000 - 0x00007ffe5b63a000 	C:\WINDOWS\System32\ole32.dll
0x00007ffdd1380000 - 0x00007ffdd4fd6000 	C:\WINDOWS\System32\DriverStore\FileRepository\iigd_dch.inf_amd64_b9461df4c727b3ee\igd9dxva64.dll
0x00007ffe5b9a0000 - 0x00007ffe5ba76000 	C:\WINDOWS\System32\OLEAUT32.dll
0x00007ffe5cee0000 - 0x00007ffe5d34c000 	C:\WINDOWS\System32\SETUPAPI.dll
0x00007ffe5a5f0000 - 0x00007ffe5a63c000 	C:\WINDOWS\SYSTEM32\cfgmgr32.dll
0x00007ffe4e4e0000 - 0x00007ffe4e8a1000 	C:\WINDOWS\System32\DriverStore\FileRepository\iigd_dch.inf_amd64_b9461df4c727b3ee\igdgmm64.dll
0x00007ffe52890000 - 0x00007ffe528d4000 	C:\WINDOWS\SYSTEM32\directxdatabasehelper.dll
0x00007ffe57ee0000 - 0x00007ffe57f14000 	C:\WINDOWS\SYSTEM32\ntmarta.dll
0x00007ffe3c040000 - 0x00007ffe3c082000 	C:\Users\Wang Liu\Downloads\openjfx-18_windows-x64_bin-sdk\javafx-sdk-18\bin\glass.dll
0x00007ffe5c660000 - 0x00007ffe5c74c000 	C:\WINDOWS\System32\COMDLG32.dll
0x00007ffe5c750000 - 0x00007ffe5c86e000 	C:\WINDOWS\System32\MSCTF.dll
0x00007ffe53220000 - 0x00007ffe53247000 	C:\WINDOWS\System32\DriverStore\FileRepository\iigd_dch.inf_amd64_b9461df4c727b3ee\igdinfo64.dll
0x00007ffe5a190000 - 0x00007ffe5a1a8000 	C:\WINDOWS\SYSTEM32\CRYPTSP.dll
0x00007ffe59a00000 - 0x00007ffe59a35000 	C:\WINDOWS\system32\rsaenh.dll
0x00007ffe5a0b0000 - 0x00007ffe5a0bc000 	C:\WINDOWS\SYSTEM32\CRYPTBASE.dll
0x00007ffe5a2d0000 - 0x00007ffe5a2f7000 	C:\WINDOWS\SYSTEM32\bcrypt.dll
0x00007ffe4b0d0000 - 0x00007ffe4e2d6000 	C:\WINDOWS\System32\DriverStore\FileRepository\iigd_dch.inf_amd64_b9461df4c727b3ee\igc64.dll
0x00007ffe53140000 - 0x00007ffe53154000 	C:\Users\Wang Liu\Downloads\openjfx-18_windows-x64_bin-sdk\javafx-sdk-18\bin\javafx_font.dll
0x00007ffe2c5b0000 - 0x00007ffe2c80f000 	C:\WINDOWS\SYSTEM32\dwrite.dll
0x00007ffe5ca20000 - 0x00007ffe5cacf000 	C:\WINDOWS\System32\clbcatq.dll
0x00007ffe51350000 - 0x00007ffe514fe000 	C:\WINDOWS\SYSTEM32\WindowsCodecs.dll
0x00007ffe2a1c0000 - 0x00007ffe2a21d000 	C:\WINDOWS\system32\dataexchange.dll
0x00007ffe52e30000 - 0x00007ffe53096000 	C:\WINDOWS\system32\twinapi.appcore.dll
0x00007ffe43d10000 - 0x00007ffe43d42000 	C:\Program Files\Common Files\Microsoft Shared\Ink\rtscom.dll
0x00007ffe2d1e0000 - 0x00007ffe2d30d000 	C:\WINDOWS\SYSTEM32\textinputframework.dll
0x00007ffe57560000 - 0x00007ffe57692000 	C:\WINDOWS\SYSTEM32\CoreMessaging.dll
0x00007ffe52ac0000 - 0x00007ffe52e2d000 	C:\WINDOWS\SYSTEM32\CoreUIComponents.dll
0x00007ffe539e0000 - 0x00007ffe53f98000 	C:\WINDOWS\SYSTEM32\d2d1.dll
0x00007ffe51ce0000 - 0x00007ffe51f60000 	C:\WINDOWS\SYSTEM32\d3d11.dll
0x00007ffe57ab0000 - 0x00007ffe57ba3000 	C:\WINDOWS\SYSTEM32\dxgi.dll

dbghelp: loaded successfully - version: 4.0.5 - missing functions: none
symbol engine: initialized successfully - sym options: 0x614 - pdb path: .;C:\Java\jdk-17.0.2\bin;C:\WINDOWS\SYSTEM32;C:\WINDOWS\WinSxS\amd64_microsoft.windows.common-controls_6595b64144ccf1df_6.0.22000.120_none_9d947278b86cc467;C:\Java\jdk-17.0.2\bin\server;C:\Program Files\JetBrains\IntelliJ IDEA Educational Edition 2021.3.3\bin;C:\Users\Wang Liu\Downloads\openjfx-18_windows-x64_bin-sdk\javafx-sdk-18\bin;C:\WINDOWS\System32\DriverStore\FileRepository\iigd_dch.inf_amd64_b9461df4c727b3ee;C:\WINDOWS\System32\DriverStore\FileRepository\nvlt.inf_amd64_7917acad9cb8654d;C:\Program Files\Common Files\Microsoft Shared\Ink

VM Arguments:
jvm_args: --module-path=C:\Users\Wang Liu\Downloads\openjfx-18_windows-x64_bin-sdk\javafx-sdk-18\lib --add-modules=javafx.controls,javafx.fxml,javafx.base,javafx.graphics,javafx.swing,javafx.media -javaagent:C:\Program Files\JetBrains\IntelliJ IDEA Educational Edition 2021.3.3\lib\idea_rt.jar=64915:C:\Program Files\JetBrains\IntelliJ IDEA Educational Edition 2021.3.3\bin -Dfile.encoding=UTF-8 
java_command: Sudoku.Render
java_class_path (initial): C:\Users\Wang Liu\IdeaProjects\Solveur-de-Suzoku\out\production\Solveur-de-Suzoku;C:\Users\Wang Liu\Downloads\openjfx-18_windows-x64_bin-sdk\javafx-sdk-18\lib\javafx-swt.jar;C:\Users\Wang Liu\Downloads\openjfx-18_windows-x64_bin-sdk\javafx-sdk-18\lib\javafx.web.jar;C:\Users\Wang Liu\Downloads\openjfx-18_windows-x64_bin-sdk\javafx-sdk-18\lib\javafx.base.jar;C:\Users\Wang Liu\Downloads\openjfx-18_windows-x64_bin-sdk\javafx-sdk-18\lib\javafx.fxml.jar;C:\Users\Wang Liu\Downloads\openjfx-18_windows-x64_bin-sdk\javafx-sdk-18\lib\javafx.media.jar;C:\Users\Wang Liu\Downloads\openjfx-18_windows-x64_bin-sdk\javafx-sdk-18\lib\javafx.swing.jar;C:\Users\Wang Liu\Downloads\openjfx-18_windows-x64_bin-sdk\javafx-sdk-18\lib\javafx.controls.jar;C:\Users\Wang Liu\Downloads\openjfx-18_windows-x64_bin-sdk\javafx-sdk-18\lib\javafx.graphics.jar
Launcher Type: SUN_STANDARD

[Global flags]
     intx CICompilerCount                          = 12                                        {product} {ergonomic}
     uint ConcGCThreads                            = 3                                         {product} {ergonomic}
     uint G1ConcRefinementThreads                  = 13                                        {product} {ergonomic}
   size_t G1HeapRegionSize                         = 2097152                                   {product} {ergonomic}
    uintx GCDrainStackTargetSize                   = 64                                        {product} {ergonomic}
   size_t InitialHeapSize                          = 264241152                                 {product} {ergonomic}
   size_t MarkStackSize                            = 4194304                                   {product} {ergonomic}
   size_t MaxHeapSize                              = 4221566976                                {product} {ergonomic}
   size_t MaxNewSize                               = 2531262464                                {product} {ergonomic}
   size_t MinHeapDeltaBytes                        = 2097152                                   {product} {ergonomic}
   size_t MinHeapSize                              = 8388608                                   {product} {ergonomic}
    uintx NonNMethodCodeHeapSize                   = 7602480                                {pd product} {ergonomic}
    uintx NonProfiledCodeHeapSize                  = 122027880                              {pd product} {ergonomic}
    uintx ProfiledCodeHeapSize                     = 122027880                              {pd product} {ergonomic}
    uintx ReservedCodeCacheSize                    = 251658240                              {pd product} {ergonomic}
     bool SegmentedCodeCache                       = true                                      {product} {ergonomic}
   size_t SoftMaxHeapSize                          = 4221566976                             {manageable} {ergonomic}
     bool UseCompressedClassPointers               = true                           {product lp64_product} {ergonomic}
     bool UseCompressedOops                        = true                           {product lp64_product} {ergonomic}
     bool UseG1GC                                  = true                                      {product} {ergonomic}
     bool UseLargePagesIndividualAllocation        = false                                  {pd product} {ergonomic}

Logging:
Log output configuration:
 #0: stdout all=warning uptime,level,tags
 #1: stderr all=off uptime,level,tags

Environment Variables:
JAVA_HOME=C:\Java\jdk-17.0.2
PATH=%JAVA_HOME%\bin;C:\Program Files\Common Files\Oracle\Java\javapath;C:\oraclexe\app\oracle\product\11.2.0\server\bin;C:\WINDOWS\system32;C:\WINDOWS;C:\WINDOWS\System32\Wbem;C:\WINDOWS\System32\WindowsPowerShell\v1.0\;C:\WINDOWS\System32\OpenSSH\;C:\Program Files\Git\cmd;C:\Users\Wang Liu\AppData\Local\Microsoft\WindowsApps;;C:\Program Files\JetBrains\IntelliJ IDEA Educational Edition 2021.3.3\bin;
USERNAME=Wang Liu
OS=Windows_NT
PROCESSOR_IDENTIFIER=Intel64 Family 6 Model 141 Stepping 1, GenuineIntel



---------------  S Y S T E M  ---------------

OS:
 Windows 11 , 64 bit Build 22000 (10.0.22000.434)
OS uptime: 10 days 0:49 hours
Hyper-V role detected

CPU: total 16 (initial active 16) (8 cores per cpu, 2 threads per core) family 6 model 141 stepping 1 microcode 0x34, cx8, cmov, fxsr, ht, mmx, 3dnowpref, sse, sse2, sse3, ssse3, sse4.1, sse4.2, popcnt, lzcnt, tsc, tscinvbit, avx, avx2, aes, erms, clmul, bmi1, bmi2, adx, avx512f, avx512dq, avx512cd, avx512bw, avx512vl, sha, fma, vzeroupper, avx512_vpopcntdq, avx512_vpclmulqdq, avx512_vaes, avx512_vnni, clflush, clflushopt, clwb, avx512_vbmi2, avx512_vbmi, hv

Memory: 4k page, system-wide physical 16103M (917M free)
TotalPageFile size 65255M (AvailPageFile size 5M)
current process WorkingSet (physical memory assigned to process): 145M, peak: 148M
current process commit charge ("private bytes"): 430M, peak: 439M

vm_info: Java HotSpot(TM) 64-Bit Server VM (17.0.2+8-LTS-86) for windows-amd64 JRE (17.0.2+8-LTS-86), built on Dec  7 2021 21:51:03 by "mach5one" with MS VC++ 16.8 / 16.9 (VS2019)

END.
