#
# There is insufficient memory for the Java Runtime Environment to continue.
# Native memory allocation (malloc) failed to allocate 1059712 bytes for Chunk::new
# Possible reasons:
#   The system is out of physical RAM or swap space
#   The process is running with CompressedOops enabled, and the Java Heap may be blocking the growth of the native heap
# Possible solutions:
#   Reduce memory load on the system
#   Increase physical memory or swap space
#   Check if swap backing store is full
#   Decrease Java heap size (-Xmx/-Xms)
#   Decrease number of Java threads
#   Decrease Java thread stack sizes (-Xss)
#   Set larger code cache with -XX:ReservedCodeCacheSize=
#   JVM is running with Zero Based Compressed Oops mode in which the Java heap is
#     placed in the first 32GB address space. The Java Heap base address is the
#     maximum limit for the native heap growth. Please use -XX:HeapBaseMinAddress
#     to set the Java Heap base and to place the Java Heap above 32GB virtual address.
# This output file may be truncated or incomplete.
#
#  Out of Memory Error (arena.cpp:189), pid=22188, tid=27816
#
# JRE version: Java(TM) SE Runtime Environment (17.0.2+8) (build 17.0.2+8-LTS-86)
# Java VM: Java HotSpot(TM) 64-Bit Server VM (17.0.2+8-LTS-86, mixed mode, sharing, tiered, compressed oops, compressed class ptrs, g1 gc, windows-amd64)
# No core dump will be written. Minidumps are not enabled by default on client versions of Windows
#

---------------  S U M M A R Y ------------

Command Line: --module-path=C:\Users\Wang Liu\Downloads\openjfx-18_windows-x64_bin-sdk\javafx-sdk-18\lib --add-modules=javafx.controls,javafx.fxml,javafx.base,javafx.graphics,javafx.swing,javafx.media -javaagent:C:\Program Files\JetBrains\IntelliJ IDEA Educational Edition 2021.3.3\lib\idea_rt.jar=64907:C:\Program Files\JetBrains\IntelliJ IDEA Educational Edition 2021.3.3\bin -Dfile.encoding=UTF-8 Sudoku.Render

Host: 11th Gen Intel(R) Core(TM) i7-11800H @ 2.30GHz, 16 cores, 15G,  Windows 11 , 64 bit Build 22000 (10.0.22000.434)
Time: Tue Mar 29 10:09:34 2022 Romance Daylight Time elapsed time: 0.717902 seconds (0d 0h 0m 0s)

---------------  T H R E A D  ---------------

Current thread (0x000002d64ca5a300):  JavaThread "C2 CompilerThread3" daemon [_thread_in_native, id=27816, stack(0x000000dfbe200000,0x000000dfbe300000)]


Current CompileTask:
C2:    717 1790       4       com.sun.marlin.Renderer::_endRendering (2473 bytes)

Stack: [0x000000dfbe200000,0x000000dfbe300000]
Native frames: (J=compiled Java code, j=interpreted, Vv=VM code, C=native code)
V  [jvm.dll+0x670baa]
V  [jvm.dll+0x7cfcb4]
V  [jvm.dll+0x7d145e]
V  [jvm.dll+0x7d1ac3]
V  [jvm.dll+0x242bc5]
V  [jvm.dll+0xaa57b]
V  [jvm.dll+0xaab0c]
V  [jvm.dll+0x35fd07]
V  [jvm.dll+0x32a331]
V  [jvm.dll+0x3297da]
V  [jvm.dll+0x215c91]
V  [jvm.dll+0x2150b1]
V  [jvm.dll+0x1a1bbd]
V  [jvm.dll+0x224908]
V  [jvm.dll+0x222a6c]
V  [jvm.dll+0x7859bb]
V  [jvm.dll+0x77ff7a]
V  [jvm.dll+0x66fa35]
C  [ucrtbase.dll+0x26c0c]
C  [KERNEL32.DLL+0x154e0]
C  [ntdll.dll+0x485b]


---------------  P R O C E S S  ---------------

Threads class SMR info:
_java_thread_list=0x000002d64dfda2a0, length=26, elements={
0x000002d62686feb0, 0x000002d64be6eb30, 0x000002d64be6fcf0, 0x000002d64be82df0,
0x000002d64be837a0, 0x000002d64be86160, 0x000002d64be86b10, 0x000002d64be91e10,
0x000002d64be92bc0, 0x000002d64be9d7d0, 0x000002d64c8e8db0, 0x000002d64c8efd20,
0x000002d64c976940, 0x000002d64c976f00, 0x000002d64ca564b0, 0x000002d64ca56dd0,
0x000002d64ca5a300, 0x000002d64d3feb00, 0x000002d64d204940, 0x000002d64dd16310,
0x000002d64d7a1c30, 0x000002d64d4a3810, 0x000002d64d869d10, 0x000002d64d8678f0,
0x000002d64db5ab40, 0x000002d64e34b090
}

Java Threads: ( => current thread )
  0x000002d62686feb0 JavaThread "main" [_thread_blocked, id=3180, stack(0x000000dfbcc00000,0x000000dfbcd00000)]
  0x000002d64be6eb30 JavaThread "Reference Handler" daemon [_thread_blocked, id=17936, stack(0x000000dfbd300000,0x000000dfbd400000)]
  0x000002d64be6fcf0 JavaThread "Finalizer" daemon [_thread_blocked, id=11576, stack(0x000000dfbd400000,0x000000dfbd500000)]
  0x000002d64be82df0 JavaThread "Signal Dispatcher" daemon [_thread_blocked, id=2460, stack(0x000000dfbd500000,0x000000dfbd600000)]
  0x000002d64be837a0 JavaThread "Attach Listener" daemon [_thread_blocked, id=2984, stack(0x000000dfbd600000,0x000000dfbd700000)]
  0x000002d64be86160 JavaThread "Service Thread" daemon [_thread_blocked, id=12984, stack(0x000000dfbd700000,0x000000dfbd800000)]
  0x000002d64be86b10 JavaThread "Monitor Deflation Thread" daemon [_thread_blocked, id=10484, stack(0x000000dfbd800000,0x000000dfbd900000)]
  0x000002d64be91e10 JavaThread "C2 CompilerThread0" daemon [_thread_blocked, id=16056, stack(0x000000dfbd900000,0x000000dfbda00000)]
  0x000002d64be92bc0 JavaThread "C1 CompilerThread0" daemon [_thread_blocked, id=28220, stack(0x000000dfbda00000,0x000000dfbdb00000)]
  0x000002d64be9d7d0 JavaThread "Sweeper thread" daemon [_thread_blocked, id=13048, stack(0x000000dfbdb00000,0x000000dfbdc00000)]
  0x000002d64c8e8db0 JavaThread "Common-Cleaner" daemon [_thread_blocked, id=4884, stack(0x000000dfbdc00000,0x000000dfbdd00000)]
  0x000002d64c8efd20 JavaThread "C1 CompilerThread1" daemon [_thread_blocked, id=27568, stack(0x000000dfbdd00000,0x000000dfbde00000)]
  0x000002d64c976940 JavaThread "C1 CompilerThread2" daemon [_thread_blocked, id=16728, stack(0x000000dfbde00000,0x000000dfbdf00000)]
  0x000002d64c976f00 JavaThread "C1 CompilerThread3" daemon [_thread_blocked, id=5004, stack(0x000000dfbdf00000,0x000000dfbe000000)]
  0x000002d64ca564b0 JavaThread "C2 CompilerThread1" daemon [_thread_blocked, id=20148, stack(0x000000dfbe000000,0x000000dfbe100000)]
  0x000002d64ca56dd0 JavaThread "C2 CompilerThread2" daemon [_thread_blocked, id=23852, stack(0x000000dfbe100000,0x000000dfbe200000)]
=>0x000002d64ca5a300 JavaThread "C2 CompilerThread3" daemon [_thread_in_native, id=27816, stack(0x000000dfbe200000,0x000000dfbe300000)]
  0x000002d64d3feb00 JavaThread "Monitor Ctrl-Break" daemon [_thread_in_native, id=14520, stack(0x000000dfbe500000,0x000000dfbe600000)]
  0x000002d64d204940 JavaThread "Notification Thread" daemon [_thread_blocked, id=4484, stack(0x000000dfbe600000,0x000000dfbe700000)]
  0x000002d64dd16310 JavaThread "QuantumRenderer-0" daemon [_thread_blocked, id=19760, stack(0x000000dfbe800000,0x000000dfbe900000)]
  0x000002d64d7a1c30 JavaThread "InvokeLaterDispatcher" daemon [_thread_blocked, id=26388, stack(0x000000dfbe900000,0x000000dfbea00000)]
  0x000002d64d4a3810 JavaThread "JavaFX Application Thread" [_thread_in_native, id=10184, stack(0x000000dfbea00000,0x000000dfbeb00000)]
  0x000002d64d869d10 JavaThread "JavaFX-Launcher" [_thread_blocked, id=12560, stack(0x000000dfbef00000,0x000000dfbf000000)]
  0x000002d64d8678f0 JavaThread "Thread-2" daemon [_thread_in_native, id=13868, stack(0x000000dfbee00000,0x000000dfbef00000)]
  0x000002d64db5ab40 JavaThread "Prism Font Disposer" daemon [_thread_blocked, id=21980, stack(0x000000dfbf500000,0x000000dfbf600000)]
  0x000002d64e34b090 JavaThread "Cleaner-0" daemon [_thread_blocked, id=25644, stack(0x000000dfbe300000,0x000000dfbe400000)]

Other Threads:
  0x000002d64be69090 VMThread "VM Thread" [stack: 0x000000dfbd200000,0x000000dfbd300000] [id=20076]
  0x000002d6268ee210 WatcherThread [stack: 0x000000dfbe700000,0x000000dfbe800000] [id=27604]
  0x000002d6268befa0 GCTaskThread "GC Thread#0" [stack: 0x000000dfbcd00000,0x000000dfbce00000] [id=25316]
  0x000002d64d87a330 GCTaskThread "GC Thread#1" [stack: 0x000000dfbf000000,0x000000dfbf100000] [id=11476]
  0x000002d64d868e00 GCTaskThread "GC Thread#2" [stack: 0x000000dfbf100000,0x000000dfbf200000] [id=25672]
  0x000002d64d834df0 GCTaskThread "GC Thread#3" [stack: 0x000000dfbf200000,0x000000dfbf300000] [id=19676]
  0x000002d64d84ab00 GCTaskThread "GC Thread#4" [stack: 0x000000dfbf300000,0x000000dfbf400000] [id=26464]
  0x000002d64d866580 GCTaskThread "GC Thread#5" [stack: 0x000000dfbf400000,0x000000dfbf500000] [id=17608]
  0x000002d6268d1a90 ConcurrentGCThread "G1 Main Marker" [stack: 0x000000dfbce00000,0x000000dfbcf00000] [id=12780]
  0x000002d6268d24a0 ConcurrentGCThread "G1 Conc#0" [stack: 0x000000dfbcf00000,0x000000dfbd000000] [id=10472]
  0x000002d626941c70 ConcurrentGCThread "G1 Refine#0" [stack: 0x000000dfbd000000,0x000000dfbd100000] [id=23452]
  0x000002d626942690 ConcurrentGCThread "G1 Service" [stack: 0x000000dfbd100000,0x000000dfbd200000] [id=11700]

Threads with active compile tasks:
C2 CompilerThread3      728 1790       4       com.sun.marlin.Renderer::_endRendering (2473 bytes)

VM state: not at safepoint (normal execution)

VM Mutex/Monitor currently owned by a thread: None

Heap address: 0x0000000704600000, size: 4026 MB, Compressed Oops mode: Zero based, Oop shift amount: 3

CDS archive(s) mapped at: [0x0000000800000000-0x0000000800bc0000-0x0000000800bc0000), size 12320768, SharedBaseAddress: 0x0000000800000000, ArchiveRelocationMode: 0.
Compressed class space mapped at: 0x0000000800c00000-0x0000000840c00000, reserved size: 1073741824
Narrow klass base: 0x0000000800000000, Narrow klass shift: 0, Narrow klass range: 0x100000000

GC Precious Log:
 CPUs: 16 total, 16 available
 Memory: 16103M
 Large Page Support: Disabled
 NUMA Support: Disabled
 Compressed Oops: Enabled (Zero based)
 Heap Region Size: 2M
 Heap Min Capacity: 8M
 Heap Initial Capacity: 252M
 Heap Max Capacity: 4026M
 Pre-touch: Disabled
 Parallel Workers: 13
 Concurrent Workers: 3
 Concurrent Refinement Workers: 13
 Periodic GC: Disabled

Heap:
 garbage-first heap   total 258048K, used 27475K [0x0000000704600000, 0x0000000800000000)
  region size 2048K, 14 young (28672K), 2 survivors (4096K)
 Metaspace       used 10625K, committed 10880K, reserved 1064960K
  class space    used 1398K, committed 1536K, reserved 1048576K

Heap Regions: E=young(eden), S=young(survivor), O=old, HS=humongous(starts), HC=humongous(continues), CS=collection set, F=free, OA=open archive, CA=closed archive, TAMS=top-at-mark-start (previous, next)
|   0|0x0000000704600000, 0x0000000704800000, 0x0000000704800000|100%|HS|  |TAMS 0x0000000704600000, 0x0000000704600000| Complete 
|   1|0x0000000704800000, 0x0000000704800000, 0x0000000704a00000|  0%| F|  |TAMS 0x0000000704800000, 0x0000000704800000| Untracked 
|   2|0x0000000704a00000, 0x0000000704a00000, 0x0000000704c00000|  0%| F|  |TAMS 0x0000000704a00000, 0x0000000704a00000| Untracked 
|   3|0x0000000704c00000, 0x0000000704c00000, 0x0000000704e00000|  0%| F|  |TAMS 0x0000000704c00000, 0x0000000704c00000| Untracked 
|   4|0x0000000704e00000, 0x0000000704e00000, 0x0000000705000000|  0%| F|  |TAMS 0x0000000704e00000, 0x0000000704e00000| Untracked 
|   5|0x0000000705000000, 0x0000000705000000, 0x0000000705200000|  0%| F|  |TAMS 0x0000000705000000, 0x0000000705000000| Untracked 
|   6|0x0000000705200000, 0x0000000705200000, 0x0000000705400000|  0%| F|  |TAMS 0x0000000705200000, 0x0000000705200000| Untracked 
|   7|0x0000000705400000, 0x0000000705400000, 0x0000000705600000|  0%| F|  |TAMS 0x0000000705400000, 0x0000000705400000| Untracked 
|   8|0x0000000705600000, 0x0000000705600000, 0x0000000705800000|  0%| F|  |TAMS 0x0000000705600000, 0x0000000705600000| Untracked 
|   9|0x0000000705800000, 0x0000000705800000, 0x0000000705a00000|  0%| F|  |TAMS 0x0000000705800000, 0x0000000705800000| Untracked 
|  10|0x0000000705a00000, 0x0000000705a00000, 0x0000000705c00000|  0%| F|  |TAMS 0x0000000705a00000, 0x0000000705a00000| Untracked 
|  11|0x0000000705c00000, 0x0000000705c00000, 0x0000000705e00000|  0%| F|  |TAMS 0x0000000705c00000, 0x0000000705c00000| Untracked 
|  12|0x0000000705e00000, 0x0000000705e00000, 0x0000000706000000|  0%| F|  |TAMS 0x0000000705e00000, 0x0000000705e00000| Untracked 
|  13|0x0000000706000000, 0x0000000706000000, 0x0000000706200000|  0%| F|  |TAMS 0x0000000706000000, 0x0000000706000000| Untracked 
|  14|0x0000000706200000, 0x0000000706200000, 0x0000000706400000|  0%| F|  |TAMS 0x0000000706200000, 0x0000000706200000| Untracked 
|  15|0x0000000706400000, 0x0000000706400000, 0x0000000706600000|  0%| F|  |TAMS 0x0000000706400000, 0x0000000706400000| Untracked 
|  16|0x0000000706600000, 0x0000000706600000, 0x0000000706800000|  0%| F|  |TAMS 0x0000000706600000, 0x0000000706600000| Untracked 
|  17|0x0000000706800000, 0x0000000706800000, 0x0000000706a00000|  0%| F|  |TAMS 0x0000000706800000, 0x0000000706800000| Untracked 
|  18|0x0000000706a00000, 0x0000000706a00000, 0x0000000706c00000|  0%| F|  |TAMS 0x0000000706a00000, 0x0000000706a00000| Untracked 
|  19|0x0000000706c00000, 0x0000000706c00000, 0x0000000706e00000|  0%| F|  |TAMS 0x0000000706c00000, 0x0000000706c00000| Untracked 
|  20|0x0000000706e00000, 0x0000000706e00000, 0x0000000707000000|  0%| F|  |TAMS 0x0000000706e00000, 0x0000000706e00000| Untracked 
|  21|0x0000000707000000, 0x0000000707000000, 0x0000000707200000|  0%| F|  |TAMS 0x0000000707000000, 0x0000000707000000| Untracked 
|  22|0x0000000707200000, 0x0000000707200000, 0x0000000707400000|  0%| F|  |TAMS 0x0000000707200000, 0x0000000707200000| Untracked 
|  23|0x0000000707400000, 0x0000000707400000, 0x0000000707600000|  0%| F|  |TAMS 0x0000000707400000, 0x0000000707400000| Untracked 
|  24|0x0000000707600000, 0x0000000707600000, 0x0000000707800000|  0%| F|  |TAMS 0x0000000707600000, 0x0000000707600000| Untracked 
|  25|0x0000000707800000, 0x0000000707800000, 0x0000000707a00000|  0%| F|  |TAMS 0x0000000707800000, 0x0000000707800000| Untracked 
|  26|0x0000000707a00000, 0x0000000707a00000, 0x0000000707c00000|  0%| F|  |TAMS 0x0000000707a00000, 0x0000000707a00000| Untracked 
|  27|0x0000000707c00000, 0x0000000707c00000, 0x0000000707e00000|  0%| F|  |TAMS 0x0000000707c00000, 0x0000000707c00000| Untracked 
|  28|0x0000000707e00000, 0x0000000707e00000, 0x0000000708000000|  0%| F|  |TAMS 0x0000000707e00000, 0x0000000707e00000| Untracked 
|  29|0x0000000708000000, 0x0000000708000000, 0x0000000708200000|  0%| F|  |TAMS 0x0000000708000000, 0x0000000708000000| Untracked 
|  30|0x0000000708200000, 0x0000000708200000, 0x0000000708400000|  0%| F|  |TAMS 0x0000000708200000, 0x0000000708200000| Untracked 
|  31|0x0000000708400000, 0x0000000708400000, 0x0000000708600000|  0%| F|  |TAMS 0x0000000708400000, 0x0000000708400000| Untracked 
|  32|0x0000000708600000, 0x0000000708600000, 0x0000000708800000|  0%| F|  |TAMS 0x0000000708600000, 0x0000000708600000| Untracked 
|  33|0x0000000708800000, 0x0000000708800000, 0x0000000708a00000|  0%| F|  |TAMS 0x0000000708800000, 0x0000000708800000| Untracked 
|  34|0x0000000708a00000, 0x0000000708a00000, 0x0000000708c00000|  0%| F|  |TAMS 0x0000000708a00000, 0x0000000708a00000| Untracked 
|  35|0x0000000708c00000, 0x0000000708c00000, 0x0000000708e00000|  0%| F|  |TAMS 0x0000000708c00000, 0x0000000708c00000| Untracked 
|  36|0x0000000708e00000, 0x0000000708e00000, 0x0000000709000000|  0%| F|  |TAMS 0x0000000708e00000, 0x0000000708e00000| Untracked 
|  37|0x0000000709000000, 0x0000000709000000, 0x0000000709200000|  0%| F|  |TAMS 0x0000000709000000, 0x0000000709000000| Untracked 
|  38|0x0000000709200000, 0x0000000709200000, 0x0000000709400000|  0%| F|  |TAMS 0x0000000709200000, 0x0000000709200000| Untracked 
|  39|0x0000000709400000, 0x0000000709400000, 0x0000000709600000|  0%| F|  |TAMS 0x0000000709400000, 0x0000000709400000| Untracked 
|  40|0x0000000709600000, 0x0000000709600000, 0x0000000709800000|  0%| F|  |TAMS 0x0000000709600000, 0x0000000709600000| Untracked 
|  41|0x0000000709800000, 0x0000000709800000, 0x0000000709a00000|  0%| F|  |TAMS 0x0000000709800000, 0x0000000709800000| Untracked 
|  42|0x0000000709a00000, 0x0000000709a00000, 0x0000000709c00000|  0%| F|  |TAMS 0x0000000709a00000, 0x0000000709a00000| Untracked 
|  43|0x0000000709c00000, 0x0000000709c00000, 0x0000000709e00000|  0%| F|  |TAMS 0x0000000709c00000, 0x0000000709c00000| Untracked 
|  44|0x0000000709e00000, 0x0000000709e00000, 0x000000070a000000|  0%| F|  |TAMS 0x0000000709e00000, 0x0000000709e00000| Untracked 
|  45|0x000000070a000000, 0x000000070a000000, 0x000000070a200000|  0%| F|  |TAMS 0x000000070a000000, 0x000000070a000000| Untracked 
|  46|0x000000070a200000, 0x000000070a200000, 0x000000070a400000|  0%| F|  |TAMS 0x000000070a200000, 0x000000070a200000| Untracked 
|  47|0x000000070a400000, 0x000000070a400000, 0x000000070a600000|  0%| F|  |TAMS 0x000000070a400000, 0x000000070a400000| Untracked 
|  48|0x000000070a600000, 0x000000070a600000, 0x000000070a800000|  0%| F|  |TAMS 0x000000070a600000, 0x000000070a600000| Untracked 
|  49|0x000000070a800000, 0x000000070a800000, 0x000000070aa00000|  0%| F|  |TAMS 0x000000070a800000, 0x000000070a800000| Untracked 
|  50|0x000000070aa00000, 0x000000070aa00000, 0x000000070ac00000|  0%| F|  |TAMS 0x000000070aa00000, 0x000000070aa00000| Untracked 
|  51|0x000000070ac00000, 0x000000070ac00000, 0x000000070ae00000|  0%| F|  |TAMS 0x000000070ac00000, 0x000000070ac00000| Untracked 
|  52|0x000000070ae00000, 0x000000070ae00000, 0x000000070b000000|  0%| F|  |TAMS 0x000000070ae00000, 0x000000070ae00000| Untracked 
|  53|0x000000070b000000, 0x000000070b000000, 0x000000070b200000|  0%| F|  |TAMS 0x000000070b000000, 0x000000070b000000| Untracked 
|  54|0x000000070b200000, 0x000000070b200000, 0x000000070b400000|  0%| F|  |TAMS 0x000000070b200000, 0x000000070b200000| Untracked 
|  55|0x000000070b400000, 0x000000070b400000, 0x000000070b600000|  0%| F|  |TAMS 0x000000070b400000, 0x000000070b400000| Untracked 
|  56|0x000000070b600000, 0x000000070b600000, 0x000000070b800000|  0%| F|  |TAMS 0x000000070b600000, 0x000000070b600000| Untracked 
|  57|0x000000070b800000, 0x000000070b800000, 0x000000070ba00000|  0%| F|  |TAMS 0x000000070b800000, 0x000000070b800000| Untracked 
|  58|0x000000070ba00000, 0x000000070ba00000, 0x000000070bc00000|  0%| F|  |TAMS 0x000000070ba00000, 0x000000070ba00000| Untracked 
|  59|0x000000070bc00000, 0x000000070bc00000, 0x000000070be00000|  0%| F|  |TAMS 0x000000070bc00000, 0x000000070bc00000| Untracked 
|  60|0x000000070be00000, 0x000000070be00000, 0x000000070c000000|  0%| F|  |TAMS 0x000000070be00000, 0x000000070be00000| Untracked 
|  61|0x000000070c000000, 0x000000070c000000, 0x000000070c200000|  0%| F|  |TAMS 0x000000070c000000, 0x000000070c000000| Untracked 
|  62|0x000000070c200000, 0x000000070c200000, 0x000000070c400000|  0%| F|  |TAMS 0x000000070c200000, 0x000000070c200000| Untracked 
|  63|0x000000070c400000, 0x000000070c400000, 0x000000070c600000|  0%| F|  |TAMS 0x000000070c400000, 0x000000070c400000| Untracked 
|  64|0x000000070c600000, 0x000000070c600000, 0x000000070c800000|  0%| F|  |TAMS 0x000000070c600000, 0x000000070c600000| Untracked 
|  65|0x000000070c800000, 0x000000070c800000, 0x000000070ca00000|  0%| F|  |TAMS 0x000000070c800000, 0x000000070c800000| Untracked 
|  66|0x000000070ca00000, 0x000000070ca00000, 0x000000070cc00000|  0%| F|  |TAMS 0x000000070ca00000, 0x000000070ca00000| Untracked 
|  67|0x000000070cc00000, 0x000000070cc00000, 0x000000070ce00000|  0%| F|  |TAMS 0x000000070cc00000, 0x000000070cc00000| Untracked 
|  68|0x000000070ce00000, 0x000000070ce00000, 0x000000070d000000|  0%| F|  |TAMS 0x000000070ce00000, 0x000000070ce00000| Untracked 
|  69|0x000000070d000000, 0x000000070d000000, 0x000000070d200000|  0%| F|  |TAMS 0x000000070d000000, 0x000000070d000000| Untracked 
|  70|0x000000070d200000, 0x000000070d200000, 0x000000070d400000|  0%| F|  |TAMS 0x000000070d200000, 0x000000070d200000| Untracked 
|  71|0x000000070d400000, 0x000000070d400000, 0x000000070d600000|  0%| F|  |TAMS 0x000000070d400000, 0x000000070d400000| Untracked 
|  72|0x000000070d600000, 0x000000070d600000, 0x000000070d800000|  0%| F|  |TAMS 0x000000070d600000, 0x000000070d600000| Untracked 
|  73|0x000000070d800000, 0x000000070d800000, 0x000000070da00000|  0%| F|  |TAMS 0x000000070d800000, 0x000000070d800000| Untracked 
|  74|0x000000070da00000, 0x000000070da00000, 0x000000070dc00000|  0%| F|  |TAMS 0x000000070da00000, 0x000000070da00000| Untracked 
|  75|0x000000070dc00000, 0x000000070dc00000, 0x000000070de00000|  0%| F|  |TAMS 0x000000070dc00000, 0x000000070dc00000| Untracked 
|  76|0x000000070de00000, 0x000000070de00000, 0x000000070e000000|  0%| F|  |TAMS 0x000000070de00000, 0x000000070de00000| Untracked 
|  77|0x000000070e000000, 0x000000070e000000, 0x000000070e200000|  0%| F|  |TAMS 0x000000070e000000, 0x000000070e000000| Untracked 
|  78|0x000000070e200000, 0x000000070e200000, 0x000000070e400000|  0%| F|  |TAMS 0x000000070e200000, 0x000000070e200000| Untracked 
|  79|0x000000070e400000, 0x000000070e400000, 0x000000070e600000|  0%| F|  |TAMS 0x000000070e400000, 0x000000070e400000| Untracked 
|  80|0x000000070e600000, 0x000000070e600000, 0x000000070e800000|  0%| F|  |TAMS 0x000000070e600000, 0x000000070e600000| Untracked 
|  81|0x000000070e800000, 0x000000070e800000, 0x000000070ea00000|  0%| F|  |TAMS 0x000000070e800000, 0x000000070e800000| Untracked 
|  82|0x000000070ea00000, 0x000000070ea00000, 0x000000070ec00000|  0%| F|  |TAMS 0x000000070ea00000, 0x000000070ea00000| Untracked 
|  83|0x000000070ec00000, 0x000000070ec00000, 0x000000070ee00000|  0%| F|  |TAMS 0x000000070ec00000, 0x000000070ec00000| Untracked 
|  84|0x000000070ee00000, 0x000000070ee00000, 0x000000070f000000|  0%| F|  |TAMS 0x000000070ee00000, 0x000000070ee00000| Untracked 
|  85|0x000000070f000000, 0x000000070f000000, 0x000000070f200000|  0%| F|  |TAMS 0x000000070f000000, 0x000000070f000000| Untracked 
|  86|0x000000070f200000, 0x000000070f200000, 0x000000070f400000|  0%| F|  |TAMS 0x000000070f200000, 0x000000070f200000| Untracked 
|  87|0x000000070f400000, 0x000000070f400000, 0x000000070f600000|  0%| F|  |TAMS 0x000000070f400000, 0x000000070f400000| Untracked 
|  88|0x000000070f600000, 0x000000070f600000, 0x000000070f800000|  0%| F|  |TAMS 0x000000070f600000, 0x000000070f600000| Untracked 
|  89|0x000000070f800000, 0x000000070f800000, 0x000000070fa00000|  0%| F|  |TAMS 0x000000070f800000, 0x000000070f800000| Untracked 
|  90|0x000000070fa00000, 0x000000070fa00000, 0x000000070fc00000|  0%| F|  |TAMS 0x000000070fa00000, 0x000000070fa00000| Untracked 
|  91|0x000000070fc00000, 0x000000070fc00000, 0x000000070fe00000|  0%| F|  |TAMS 0x000000070fc00000, 0x000000070fc00000| Untracked 
|  92|0x000000070fe00000, 0x000000070fe00000, 0x0000000710000000|  0%| F|  |TAMS 0x000000070fe00000, 0x000000070fe00000| Untracked 
|  93|0x0000000710000000, 0x0000000710000000, 0x0000000710200000|  0%| F|  |TAMS 0x0000000710000000, 0x0000000710000000| Untracked 
|  94|0x0000000710200000, 0x0000000710200000, 0x0000000710400000|  0%| F|  |TAMS 0x0000000710200000, 0x0000000710200000| Untracked 
|  95|0x0000000710400000, 0x0000000710400000, 0x0000000710600000|  0%| F|  |TAMS 0x0000000710400000, 0x0000000710400000| Untracked 
|  96|0x0000000710600000, 0x0000000710600000, 0x0000000710800000|  0%| F|  |TAMS 0x0000000710600000, 0x0000000710600000| Untracked 
|  97|0x0000000710800000, 0x0000000710800000, 0x0000000710a00000|  0%| F|  |TAMS 0x0000000710800000, 0x0000000710800000| Untracked 
|  98|0x0000000710a00000, 0x0000000710a00000, 0x0000000710c00000|  0%| F|  |TAMS 0x0000000710a00000, 0x0000000710a00000| Untracked 
|  99|0x0000000710c00000, 0x0000000710c00000, 0x0000000710e00000|  0%| F|  |TAMS 0x0000000710c00000, 0x0000000710c00000| Untracked 
| 100|0x0000000710e00000, 0x0000000710e00000, 0x0000000711000000|  0%| F|  |TAMS 0x0000000710e00000, 0x0000000710e00000| Untracked 
| 101|0x0000000711000000, 0x0000000711000000, 0x0000000711200000|  0%| F|  |TAMS 0x0000000711000000, 0x0000000711000000| Untracked 
| 102|0x0000000711200000, 0x0000000711200000, 0x0000000711400000|  0%| F|  |TAMS 0x0000000711200000, 0x0000000711200000| Untracked 
| 103|0x0000000711400000, 0x0000000711400000, 0x0000000711600000|  0%| F|  |TAMS 0x0000000711400000, 0x0000000711400000| Untracked 
| 104|0x0000000711600000, 0x0000000711600000, 0x0000000711800000|  0%| F|  |TAMS 0x0000000711600000, 0x0000000711600000| Untracked 
| 105|0x0000000711800000, 0x0000000711800000, 0x0000000711a00000|  0%| F|  |TAMS 0x0000000711800000, 0x0000000711800000| Untracked 
| 106|0x0000000711a00000, 0x0000000711a00000, 0x0000000711c00000|  0%| F|  |TAMS 0x0000000711a00000, 0x0000000711a00000| Untracked 
| 107|0x0000000711c00000, 0x0000000711c00000, 0x0000000711e00000|  0%| F|  |TAMS 0x0000000711c00000, 0x0000000711c00000| Untracked 
| 108|0x0000000711e00000, 0x0000000711e00000, 0x0000000712000000|  0%| F|  |TAMS 0x0000000711e00000, 0x0000000711e00000| Untracked 
| 109|0x0000000712000000, 0x0000000712000000, 0x0000000712200000|  0%| F|  |TAMS 0x0000000712000000, 0x0000000712000000| Untracked 
| 110|0x0000000712200000, 0x0000000712200000, 0x0000000712400000|  0%| F|  |TAMS 0x0000000712200000, 0x0000000712200000| Untracked 
| 111|0x0000000712400000, 0x0000000712400000, 0x0000000712600000|  0%| F|  |TAMS 0x0000000712400000, 0x0000000712400000| Untracked 
| 112|0x0000000712600000, 0x0000000712791760, 0x0000000712800000| 78%| E|  |TAMS 0x0000000712600000, 0x0000000712600000| Complete 
| 113|0x0000000712800000, 0x00000007128d4d70, 0x0000000712a00000| 41%| S|CS|TAMS 0x0000000712800000, 0x0000000712800000| Complete 
| 114|0x0000000712a00000, 0x0000000712c00000, 0x0000000712c00000|100%| S|CS|TAMS 0x0000000712a00000, 0x0000000712a00000| Complete 
| 115|0x0000000712c00000, 0x0000000712e00000, 0x0000000712e00000|100%| E|CS|TAMS 0x0000000712c00000, 0x0000000712c00000| Complete 
| 116|0x0000000712e00000, 0x0000000713000000, 0x0000000713000000|100%| E|CS|TAMS 0x0000000712e00000, 0x0000000712e00000| Complete 
| 117|0x0000000713000000, 0x0000000713200000, 0x0000000713200000|100%| E|CS|TAMS 0x0000000713000000, 0x0000000713000000| Complete 
| 118|0x0000000713200000, 0x0000000713400000, 0x0000000713400000|100%| E|CS|TAMS 0x0000000713200000, 0x0000000713200000| Complete 
| 119|0x0000000713400000, 0x0000000713600000, 0x0000000713600000|100%| E|CS|TAMS 0x0000000713400000, 0x0000000713400000| Complete 
| 120|0x0000000713600000, 0x0000000713800000, 0x0000000713800000|100%| E|CS|TAMS 0x0000000713600000, 0x0000000713600000| Complete 
| 121|0x0000000713800000, 0x0000000713a00000, 0x0000000713a00000|100%| E|CS|TAMS 0x0000000713800000, 0x0000000713800000| Complete 
| 122|0x0000000713a00000, 0x0000000713c00000, 0x0000000713c00000|100%| E|CS|TAMS 0x0000000713a00000, 0x0000000713a00000| Complete 
| 123|0x0000000713c00000, 0x0000000713e00000, 0x0000000713e00000|100%| E|CS|TAMS 0x0000000713c00000, 0x0000000713c00000| Complete 
| 124|0x0000000713e00000, 0x0000000714000000, 0x0000000714000000|100%| E|CS|TAMS 0x0000000713e00000, 0x0000000713e00000| Complete 
| 125|0x0000000714000000, 0x0000000714200000, 0x0000000714200000|100%| E|CS|TAMS 0x0000000714000000, 0x0000000714000000| Complete 

Card table byte_map: [0x000002d640070000,0x000002d640850000] _byte_map_base: 0x000002d63c84d000

Marking Bits (Prev, Next): (CMBitMap*) 0x000002d6268c05c0, (CMBitMap*) 0x000002d6268c0600
 Prev Bits: [0x000002d641030000, 0x000002d644f18000)
 Next Bits: [0x000002d644f20000, 0x000002d648e08000)

Polling page: 0x000002d626950000

Metaspace:

Usage:
  Non-class:      9.01 MB used.
      Class:      1.37 MB used.
       Both:     10.38 MB used.

Virtual space:
  Non-class space:       16.00 MB reserved,       9.12 MB ( 57%) committed,  2 nodes.
      Class space:        1.00 GB reserved,       1.50 MB ( <1%) committed,  1 nodes.
             Both:        1.02 GB reserved,      10.62 MB (  1%) committed. 

Chunk freelists:
   Non-Class:  1.36 MB
       Class:  2.55 MB
        Both:  3.91 MB

MaxMetaspaceSize: unlimited
CompressedClassSpaceSize: 1.00 GB
Initial GC threshold: 21.00 MB
Current GC threshold: 21.00 MB
CDS: on
MetaspaceReclaimPolicy: balanced
 - commit_granule_bytes: 65536.
 - commit_granule_words: 8192.
 - virtual_space_node_default_size: 1048576.
 - enlarge_chunks_in_place: 1.
 - new_chunks_are_fully_committed: 0.
 - uncommit_free_chunks: 1.
 - use_allocation_guard: 0.
 - handle_deallocations: 1.


Internal statistics:

num_allocs_failed_limit: 0.
num_arena_births: 140.
num_arena_deaths: 0.
num_vsnodes_births: 3.
num_vsnodes_deaths: 0.
num_space_committed: 170.
num_space_uncommitted: 0.
num_chunks_returned_to_freelist: 0.
num_chunks_taken_from_freelist: 487.
num_chunk_merges: 0.
num_chunk_splits: 340.
num_chunks_enlarged: 280.
num_purges: 0.
num_inconsistent_stats: 0.

CodeHeap 'non-profiled nmethods': size=119168Kb used=739Kb max_used=739Kb free=118428Kb
 bounds [0x000002d637480000, 0x000002d6376f0000, 0x000002d63e8e0000]
CodeHeap 'profiled nmethods': size=119104Kb used=3163Kb max_used=3163Kb free=115940Kb
 bounds [0x000002d630030000, 0x000002d630350000, 0x000002d637480000]
CodeHeap 'non-nmethods': size=7488Kb used=3099Kb max_used=3188Kb free=4388Kb
 bounds [0x000002d62f8e0000, 0x000002d62fc10000, 0x000002d630030000]
 total_blobs=2621 nmethods=1864 adapters=666
 compilation: enabled
              stopped_count=0, restarted_count=0
 full_count=0

Compilation events (20 events):
Event: 0.667 Thread 0x000002d64be92bc0 1859       1       com.sun.javafx.sg.prism.NGNode::getEffectFilter (5 bytes)
Event: 0.667 Thread 0x000002d64c976f00 nmethod 1857 0x000002d637533410 code [0x000002d6375335a0, 0x000002d637533678]
Event: 0.667 Thread 0x000002d64c976f00 1862       1       com.sun.javafx.UnmodifiableArrayList::size (5 bytes)
Event: 0.667 Thread 0x000002d64c8efd20 nmethod 1858 0x000002d637533710 code [0x000002d6375338a0, 0x000002d637533978]
Event: 0.667 Thread 0x000002d64be92bc0 nmethod 1859 0x000002d637533a10 code [0x000002d637533ba0, 0x000002d637533c78]
Event: 0.667 Thread 0x000002d64c8efd20 1860       1       com.sun.prism.impl.BaseTexture::getWrapMode (5 bytes)
Event: 0.667 Thread 0x000002d64c976940 nmethod 1861 0x000002d630344510 code [0x000002d6303446e0, 0x000002d630344b78]
Event: 0.667 Thread 0x000002d64c976f00 nmethod 1862 0x000002d637533d10 code [0x000002d637533ea0, 0x000002d637533f78]
Event: 0.667 Thread 0x000002d64c8efd20 nmethod 1860 0x000002d637534010 code [0x000002d6375341a0, 0x000002d637534278]
Event: 0.668 Thread 0x000002d64c8efd20 1863       3       com.sun.prism.impl.BaseContext::setRenderTarget (47 bytes)
Event: 0.668 Thread 0x000002d64c976f00 1864       3       com.sun.prism.impl.ps.BaseShaderContext::setRenderTarget (278 bytes)
Event: 0.668 Thread 0x000002d64be92bc0 1865       1       com.sun.javafx.sg.prism.NGShape::getMode (5 bytes)
Event: 0.668 Thread 0x000002d64c976940 1866       1       com.sun.javafx.text.TextRun::getLocation (5 bytes)
Event: 0.668 Thread 0x000002d64be92bc0 nmethod 1865 0x000002d637534f90 code [0x000002d637535120, 0x000002d6375351f8]
Event: 0.668 Thread 0x000002d64c976940 nmethod 1866 0x000002d637535290 code [0x000002d637535420, 0x000002d6375354f8]
Event: 0.668 Thread 0x000002d64ca564b0 nmethod 1803 0x000002d637534310 code [0x000002d6375344c0, 0x000002d637534bc8]
Event: 0.668 Thread 0x000002d64c8efd20 nmethod 1863 0x000002d630344c90 code [0x000002d630344e60, 0x000002d630345518]
Event: 0.668 Thread 0x000002d64c976f00 nmethod 1864 0x000002d630345690 code [0x000002d630345940, 0x000002d630346b78]
Event: 0.672 Thread 0x000002d64ca56dd0 nmethod 1762 0x000002d637535590 code [0x000002d637535740, 0x000002d637536628]
Event: 0.679 Thread 0x000002d64be91e10 nmethod 1770 0x000002d637536c10 code [0x000002d637536de0, 0x000002d637538088]

GC Heap History (2 events):
Event: 0.289 GC heap before
{Heap before GC invocations=0 (full 0):
 garbage-first heap   total 258048K, used 20480K [0x0000000704600000, 0x0000000800000000)
  region size 2048K, 11 young (22528K), 0 survivors (0K)
 Metaspace       used 4752K, committed 4864K, reserved 1056768K
  class space    used 605K, committed 640K, reserved 1048576K
}
Event: 0.292 GC heap after
{Heap after GC invocations=1 (full 0):
 garbage-first heap   total 258048K, used 2899K [0x0000000704600000, 0x0000000800000000)
  region size 2048K, 2 young (4096K), 2 survivors (4096K)
 Metaspace       used 4752K, committed 4864K, reserved 1056768K
  class space    used 605K, committed 640K, reserved 1048576K
}

Deoptimization events (20 events):
Event: 0.657 Thread 0x000002d64dd16310 DEOPT PACKING pc=0x000002d630310fc0 sp=0x000000dfbe8fd990
Event: 0.657 Thread 0x000002d64dd16310 DEOPT UNPACKING pc=0x000002d62f936763 sp=0x000000dfbe8fd128 mode 0
Event: 0.657 Thread 0x000002d64dd16310 Uncommon trap: trap_request=0xffffffbe fr.pc=0x000002d637525ee8 relative=0x0000000000002528
Event: 0.657 Thread 0x000002d64dd16310 Uncommon trap: reason=profile_predicate action=maybe_recompile pc=0x000002d637525ee8 method=com.sun.marlin.Renderer._endRendering(IILcom/sun/marlin/MarlinAlphaConsumer;)V @ 767 c2
Event: 0.657 Thread 0x000002d64dd16310 DEOPT PACKING pc=0x000002d637525ee8 sp=0x000000dfbe8fdd20
Event: 0.657 Thread 0x000002d64dd16310 DEOPT UNPACKING pc=0x000002d62f935c23 sp=0x000000dfbe8fdc28 mode 2
Event: 0.657 Thread 0x000002d64dd16310 Uncommon trap: trap_request=0xffffffbe fr.pc=0x000002d637525ee8 relative=0x0000000000002528
Event: 0.657 Thread 0x000002d64dd16310 Uncommon trap: reason=profile_predicate action=maybe_recompile pc=0x000002d637525ee8 method=com.sun.marlin.Renderer._endRendering(IILcom/sun/marlin/MarlinAlphaConsumer;)V @ 767 c2
Event: 0.657 Thread 0x000002d64dd16310 DEOPT PACKING pc=0x000002d637525ee8 sp=0x000000dfbe8fdd20
Event: 0.657 Thread 0x000002d64dd16310 DEOPT UNPACKING pc=0x000002d62f935c23 sp=0x000000dfbe8fdc28 mode 2
Event: 0.658 Thread 0x000002d64dd16310 Uncommon trap: trap_request=0xffffffbe fr.pc=0x000002d637525ee8 relative=0x0000000000002528
Event: 0.658 Thread 0x000002d64dd16310 Uncommon trap: reason=profile_predicate action=maybe_recompile pc=0x000002d637525ee8 method=com.sun.marlin.Renderer._endRendering(IILcom/sun/marlin/MarlinAlphaConsumer;)V @ 767 c2
Event: 0.658 Thread 0x000002d64dd16310 DEOPT PACKING pc=0x000002d637525ee8 sp=0x000000dfbe8fdd20
Event: 0.658 Thread 0x000002d64dd16310 DEOPT UNPACKING pc=0x000002d62f935c23 sp=0x000000dfbe8fdc28 mode 2
Event: 0.662 Thread 0x000002d64dd16310 DEOPT PACKING pc=0x000002d6303186ed sp=0x000000dfbe8fdc10
Event: 0.662 Thread 0x000002d64dd16310 DEOPT UNPACKING pc=0x000002d62f936763 sp=0x000000dfbe8fd078 mode 0
Event: 0.664 Thread 0x000002d64dd16310 DEOPT PACKING pc=0x000002d6303186ed sp=0x000000dfbe8fdc10
Event: 0.664 Thread 0x000002d64dd16310 DEOPT UNPACKING pc=0x000002d62f936763 sp=0x000000dfbe8fd078 mode 0
Event: 0.666 Thread 0x000002d64dd16310 DEOPT PACKING pc=0x000002d6303186ed sp=0x000000dfbe8fdc10
Event: 0.666 Thread 0x000002d64dd16310 DEOPT UNPACKING pc=0x000002d62f936763 sp=0x000000dfbe8fd078 mode 0

Classes unloaded (0 events):
No events

Classes redefined (0 events):
No events

Internal exceptions (20 events):
Event: 0.204 Thread 0x000002d62686feb0 Exception <a 'java/lang/NoSuchMethodError'{0x00000007134dede8}: 'int java.lang.invoke.DirectMethodHandle$Holder.invokeStaticInit(java.lang.Object, java.lang.Object, java.lang.Object)'> (0x00000007134dede8) 
thrown [t:\workspace\open\src\hotspot\share\interpreter\linkResolver.cpp, line 766]
Event: 0.215 Thread 0x000002d62686feb0 Exception <a 'java/lang/NoSuchMethodError'{0x0000000713203780}: 'java.lang.Object java.lang.invoke.DirectMethodHandle$Holder.newInvokeSpecial(java.lang.Object, java.lang.Object, int, java.lang.Object)'> (0x0000000713203780) 
thrown [t:\workspace\open\src\hotspot\share\interpreter\linkResolver.cpp, line 766]
Event: 0.215 Thread 0x000002d62686feb0 Exception <a 'java/lang/NoSuchMethodError'{0x0000000713207b60}: 'java.lang.Object java.lang.invoke.DirectMethodHandle$Holder.invokeSpecial(java.lang.Object, java.lang.Object, java.lang.Object, int, java.lang.Object)'> (0x0000000713207b60) 
thrown [t:\workspace\open\src\hotspot\share\interpreter\linkResolver.cpp, line 766]
Event: 0.256 Thread 0x000002d64d4a3810 Exception <a 'java/lang/NoSuchMethodError'{0x00000007130a0cb8}: 'void java.lang.invoke.DirectMethodHandle$Holder.invokeStaticInit(java.lang.Object)'> (0x00000007130a0cb8) 
thrown [t:\workspace\open\src\hotspot\share\interpreter\linkResolver.cpp, line 766]
Event: 0.257 Thread 0x000002d62686feb0 Exception <a 'java/lang/NoSuchMethodError'{0x000000071321cc28}: 'java.lang.Object java.lang.invoke.DirectMethodHandle$Holder.newInvokeSpecial(java.lang.Object, java.lang.Object, java.lang.Object, java.lang.Object, java.lang.Object, java.lang.Object)'> (0x000000071321cc28) 
thrown [t:\workspace\open\src\hotspot\share\interpreter\linkResolver.cpp, line 766]
Event: 0.263 Thread 0x000002d62686feb0 Exception <a 'java/lang/NoSuchMethodError'{0x0000000713253078}: 'java.lang.Object java.lang.invoke.DirectMethodHandle$Holder.newInvokeSpecial(java.lang.Object, java.lang.Object, java.lang.Object, java.lang.Object, java.lang.Object)'> (0x0000000713253078) 
thrown [t:\workspace\open\src\hotspot\share\interpreter\linkResolver.cpp, line 766]
Event: 0.264 Thread 0x000002d64d869d10 Exception <a 'java/lang/NoSuchMethodError'{0x00000007131c8d00}: 'void java.lang.invoke.DirectMethodHandle$Holder.invokeStatic(java.lang.Object, java.lang.Object, java.lang.Object, java.lang.Object)'> (0x00000007131c8d00) 
thrown [t:\workspace\open\src\hotspot\share\interpreter\linkResolver.cpp, line 766]
Event: 0.282 Thread 0x000002d64d4a3810 Exception <a 'java/lang/NoSuchMethodError'{0x0000000712cae888}: 'java.lang.Object java.lang.invoke.DirectMethodHandle$Holder.invokeStaticInit(java.lang.Object, java.lang.Object, java.lang.Object, java.lang.Object)'> (0x0000000712cae888) 
thrown [t:\workspace\open\src\hotspot\share\interpreter\linkResolver.cpp, line 766]
Event: 0.283 Thread 0x000002d64d4a3810 Exception <a 'java/lang/NullPointerException'{0x0000000712cba4a0}> (0x0000000712cba4a0) 
thrown [t:\workspace\open\src\hotspot\share\interpreter\linkResolver.cpp, line 1357]
Event: 0.385 Thread 0x000002d64d4a3810 Exception <a 'java/lang/NoSuchMethodError'{0x0000000713829e90}: 'java.lang.Object java.lang.invoke.DirectMethodHandle$Holder.newInvokeSpecial(java.lang.Object, java.lang.Object, int)'> (0x0000000713829e90) 
thrown [t:\workspace\open\src\hotspot\share\interpreter\linkResolver.cpp, line 766]
Event: 0.404 Thread 0x000002d64d4a3810 Exception <a 'java/lang/ClassNotFoundException'{0x00000007139db178}: com/sun/glass/ui/win/themes> (0x00000007139db178) 
thrown [t:\workspace\open\src\hotspot\share\prims\jni.cpp, line 535]
Event: 0.404 Thread 0x000002d64d4a3810 Exception <a 'java/lang/ClassNotFoundException'{0x00000007139e2e40}: com/sun/glass/ui/win/themes_en> (0x00000007139e2e40) 
thrown [t:\workspace\open\src\hotspot\share\prims\jni.cpp, line 535]
Event: 0.404 Thread 0x000002d64d4a3810 Exception <a 'java/lang/ClassNotFoundException'{0x00000007139eabd0}: com/sun/glass/ui/win/themes_en_US> (0x00000007139eabd0) 
thrown [t:\workspace\open\src\hotspot\share\prims\jni.cpp, line 535]
Event: 0.435 Thread 0x000002d64d4a3810 Exception <a 'java/lang/NoSuchMethodError'{0x000000071354b328}: 'void java.lang.invoke.DirectMethodHandle$Holder.invokeStaticInit(java.lang.Object, java.lang.Object)'> (0x000000071354b328) 
thrown [t:\workspace\open\src\hotspot\share\interpreter\linkResolver.cpp, line 766]
Event: 0.447 Thread 0x000002d64d4a3810 Implicit null exception at 0x000002d6374e0b8f to 0x000002d6374e0f6c
Event: 0.447 Thread 0x000002d64d4a3810 Implicit null exception at 0x000002d63749ab8f to 0x000002d63749ac09
Event: 0.471 Thread 0x000002d64d4a3810 Exception <a 'java/lang/NoSuchMethodError'{0x0000000713098868}: 'void java.lang.invoke.DirectMethodHandle$Holder.invokeSpecial(java.lang.Object, java.lang.Object, java.lang.Object, java.lang.Object, java.lang.Object)'> (0x0000000713098868) 
thrown [t:\workspace\open\src\hotspot\share\interpreter\linkResolver.cpp, line 766]
Event: 0.473 Thread 0x000002d64d4a3810 Exception <a 'java/lang/NoSuchMethodError'{0x00000007130a8e80}: 'java.lang.Object java.lang.invoke.DirectMethodHandle$Holder.invokeInterface(java.lang.Object, java.lang.Object, java.lang.Object)'> (0x00000007130a8e80) 
thrown [t:\workspace\open\src\hotspot\share\interpreter\linkResolver.cpp, line 766]
Event: 0.473 Thread 0x000002d64d4a3810 Exception <a 'java/lang/IncompatibleClassChangeError'{0x00000007130ac808}: Found class java.lang.Object, but interface was expected> (0x00000007130ac808) 
thrown [t:\workspace\open\src\hotspot\share\interpreter\linkResolver.cpp, line 833]
Event: 0.524 Thread 0x000002d64dd16310 Exception <a 'java/lang/NoSuchMethodError'{0x0000000712efc3c0}: 'int java.lang.invoke.DirectMethodHandle$Holder.invokeStaticInit(java.lang.Object, java.lang.Object)'> (0x0000000712efc3c0) 
thrown [t:\workspace\open\src\hotspot\share\interpreter\linkResolver.cpp, line 766]

VM Operations (16 events):
Event: 0.043 Executing VM operation: HandshakeAllThreads
Event: 0.043 Executing VM operation: HandshakeAllThreads done
Event: 0.081 Executing VM operation: HandshakeAllThreads
Event: 0.081 Executing VM operation: HandshakeAllThreads done
Event: 0.107 Executing VM operation: HandshakeAllThreads
Event: 0.107 Executing VM operation: HandshakeAllThreads done
Event: 0.210 Executing VM operation: HandshakeAllThreads
Event: 0.210 Executing VM operation: HandshakeAllThreads done
Event: 0.289 Executing VM operation: G1CollectForAllocation
Event: 0.292 Executing VM operation: G1CollectForAllocation done
Event: 0.410 Executing VM operation: HandshakeAllThreads
Event: 0.410 Executing VM operation: HandshakeAllThreads done
Event: 0.458 Executing VM operation: ICBufferFull
Event: 0.458 Executing VM operation: ICBufferFull done
Event: 0.467 Executing VM operation: HandshakeAllThreads
Event: 0.467 Executing VM operation: HandshakeAllThreads done

Events (20 events):
Event: 0.566 loading class sun/misc/Unsafe
Event: 0.566 loading class sun/misc/Unsafe done
Event: 0.566 loading class jdk/internal/reflect/UnsafeFieldAccessorFactory
Event: 0.566 loading class jdk/internal/reflect/UnsafeFieldAccessorFactory done
Event: 0.566 loading class jdk/internal/reflect/UnsafeQualifiedStaticObjectFieldAccessorImpl
Event: 0.566 loading class jdk/internal/reflect/UnsafeQualifiedStaticFieldAccessorImpl
Event: 0.566 loading class jdk/internal/reflect/UnsafeQualifiedStaticFieldAccessorImpl done
Event: 0.566 loading class jdk/internal/reflect/UnsafeQualifiedStaticObjectFieldAccessorImpl done
Event: 0.582 loading class java/lang/FdLibm$Cbrt
Event: 0.582 loading class java/lang/FdLibm$Cbrt done
Event: 0.582 loading class java/lang/FdLibm
Event: 0.582 loading class java/lang/FdLibm done
Event: 0.597 loading class java/nio/DirectFloatBufferU
Event: 0.598 loading class java/nio/DirectFloatBufferU done
Event: 0.660 loading class java/lang/Throwable$WrappedPrintStream
Event: 0.660 loading class java/lang/Throwable$PrintStreamOrWriter
Event: 0.660 loading class java/lang/Throwable$PrintStreamOrWriter done
Event: 0.660 loading class java/lang/Throwable$WrappedPrintStream done
Event: 0.660 loading class java/lang/StackTraceElement$HashedModules
Event: 0.660 loading class java/lang/StackTraceElement$HashedModules done


Dynamic libraries:
0x00007ff743c20000 - 0x00007ff743c30000 	C:\Java\jdk-17.0.2\bin\java.exe
0x00007ffe5d400000 - 0x00007ffe5d609000 	C:\WINDOWS\SYSTEM32\ntdll.dll
0x00007ffe5b2a0000 - 0x00007ffe5b35d000 	C:\WINDOWS\System32\KERNEL32.DLL
0x00007ffe5aa80000 - 0x00007ffe5adf4000 	C:\WINDOWS\System32\KERNELBASE.dll
0x00007ffe5a8f0000 - 0x00007ffe5aa01000 	C:\WINDOWS\System32\ucrtbase.dll
0x00007ffe54c80000 - 0x00007ffe54c9a000 	C:\Java\jdk-17.0.2\bin\VCRUNTIME140.dll
0x00007ffe54cc0000 - 0x00007ffe54cd8000 	C:\Java\jdk-17.0.2\bin\jli.dll
0x00007ffe5b3d0000 - 0x00007ffe5b47e000 	C:\WINDOWS\System32\ADVAPI32.dll
0x00007ffe5b850000 - 0x00007ffe5b8f3000 	C:\WINDOWS\System32\msvcrt.dll
0x00007ffe5b6a0000 - 0x00007ffe5b73e000 	C:\WINDOWS\System32\sechost.dll
0x00007ffe5c4d0000 - 0x00007ffe5c5f0000 	C:\WINDOWS\System32\RPCRT4.dll
0x00007ffe5c870000 - 0x00007ffe5ca1c000 	C:\WINDOWS\System32\USER32.dll
0x00007ffe5b150000 - 0x00007ffe5b176000 	C:\WINDOWS\System32\win32u.dll
0x00007ffe5d390000 - 0x00007ffe5d3b9000 	C:\WINDOWS\System32\GDI32.dll
0x00007ffe3d540000 - 0x00007ffe3d7e5000 	C:\WINDOWS\WinSxS\amd64_microsoft.windows.common-controls_6595b64144ccf1df_6.0.22000.120_none_9d947278b86cc467\COMCTL32.dll
0x00007ffe5af70000 - 0x00007ffe5b082000 	C:\WINDOWS\System32\gdi32full.dll
0x00007ffe5b200000 - 0x00007ffe5b29d000 	C:\WINDOWS\System32\msvcp_win.dll
0x00007ffe54570000 - 0x00007ffe5457a000 	C:\WINDOWS\SYSTEM32\VERSION.dll
0x00007ffe5d350000 - 0x00007ffe5d381000 	C:\WINDOWS\System32\IMM32.DLL
0x00007ffe54eb0000 - 0x00007ffe54ebc000 	C:\Java\jdk-17.0.2\bin\vcruntime140_1.dll
0x00007ffe43b80000 - 0x00007ffe43c0d000 	C:\Java\jdk-17.0.2\bin\msvcp140.dll
0x00007ffddc080000 - 0x00007ffddcc41000 	C:\Java\jdk-17.0.2\bin\server\jvm.dll
0x00007ffe5c5f0000 - 0x00007ffe5c5f8000 	C:\WINDOWS\System32\PSAPI.DLL
0x00007ffe3e780000 - 0x00007ffe3e789000 	C:\WINDOWS\SYSTEM32\WSOCK32.dll
0x00007ffe5b360000 - 0x00007ffe5b3cf000 	C:\WINDOWS\System32\WS2_32.dll
0x00007ffe54b50000 - 0x00007ffe54b83000 	C:\WINDOWS\SYSTEM32\WINMM.dll
0x00007ffe59aa0000 - 0x00007ffe59ab8000 	C:\WINDOWS\SYSTEM32\kernel.appcore.dll
0x00007ffe54c50000 - 0x00007ffe54c5a000 	C:\Java\jdk-17.0.2\bin\jimage.dll
0x00007ffe58430000 - 0x00007ffe58651000 	C:\WINDOWS\SYSTEM32\DBGHELP.DLL
0x00007ffe4ada0000 - 0x00007ffe4add1000 	C:\WINDOWS\SYSTEM32\dbgcore.DLL
0x00007ffe5b180000 - 0x00007ffe5b1ff000 	C:\WINDOWS\System32\bcryptPrimitives.dll
0x00007ffe545a0000 - 0x00007ffe545ae000 	C:\Java\jdk-17.0.2\bin\instrument.dll
0x00007ffe4af20000 - 0x00007ffe4af45000 	C:\Java\jdk-17.0.2\bin\java.dll
0x00007ffe30600000 - 0x00007ffe306d6000 	C:\Java\jdk-17.0.2\bin\jsvml.dll
0x00007ffe5bcb0000 - 0x00007ffe5c45e000 	C:\WINDOWS\System32\SHELL32.dll
0x00007ffe58a30000 - 0x00007ffe59298000 	C:\WINDOWS\SYSTEM32\windows.storage.dll
0x00007ffe5cad0000 - 0x00007ffe5ce48000 	C:\WINDOWS\System32\combase.dll
0x00007ffe588c0000 - 0x00007ffe58a26000 	C:\WINDOWS\SYSTEM32\wintypes.dll
0x00007ffe5b740000 - 0x00007ffe5b82a000 	C:\WINDOWS\System32\SHCORE.dll
0x00007ffe5c600000 - 0x00007ffe5c65d000 	C:\WINDOWS\System32\shlwapi.dll
0x00007ffe5a820000 - 0x00007ffe5a841000 	C:\WINDOWS\SYSTEM32\profapi.dll
0x00007ffe54c20000 - 0x00007ffe54c39000 	C:\Java\jdk-17.0.2\bin\net.dll
0x00007ffe55b50000 - 0x00007ffe55c5c000 	C:\WINDOWS\SYSTEM32\WINHTTP.dll
0x00007ffe59ec0000 - 0x00007ffe59f27000 	C:\WINDOWS\system32\mswsock.dll
0x00007ffe54b90000 - 0x00007ffe54ba6000 	C:\Java\jdk-17.0.2\bin\nio.dll
0x00007ffe54640000 - 0x00007ffe54658000 	C:\Java\jdk-17.0.2\bin\zip.dll
0x00007ffe53200000 - 0x00007ffe5321a000 	C:\Program Files\JetBrains\IntelliJ IDEA Educational Edition 2021.3.3\bin\breakgen64.dll
0x000002d64bfc0000 - 0x000002d64bfc3000 	C:\Users\Wang Liu\Downloads\openjfx-18_windows-x64_bin-sdk\javafx-sdk-18\bin\api-ms-win-core-console-l1-1-0.dll
0x000002d64bfd0000 - 0x000002d64bfd3000 	C:\Users\Wang Liu\Downloads\openjfx-18_windows-x64_bin-sdk\javafx-sdk-18\bin\api-ms-win-core-console-l1-2-0.dll
0x000002d64bfe0000 - 0x000002d64bfe3000 	C:\Users\Wang Liu\Downloads\openjfx-18_windows-x64_bin-sdk\javafx-sdk-18\bin\api-ms-win-core-datetime-l1-1-0.dll
0x000002d64bff0000 - 0x000002d64bff3000 	C:\Users\Wang Liu\Downloads\openjfx-18_windows-x64_bin-sdk\javafx-sdk-18\bin\api-ms-win-core-debug-l1-1-0.dll
0x000002d64e3d0000 - 0x000002d64e3d3000 	C:\Users\Wang Liu\Downloads\openjfx-18_windows-x64_bin-sdk\javafx-sdk-18\bin\api-ms-win-core-errorhandling-l1-1-0.dll
0x000002d64e500000 - 0x000002d64e504000 	C:\Users\Wang Liu\Downloads\openjfx-18_windows-x64_bin-sdk\javafx-sdk-18\bin\api-ms-win-core-file-l1-1-0.dll
0x000002d64e3e0000 - 0x000002d64e3e3000 	C:\Users\Wang Liu\Downloads\openjfx-18_windows-x64_bin-sdk\javafx-sdk-18\bin\api-ms-win-core-file-l1-2-0.dll
0x000002d64e3f0000 - 0x000002d64e3f3000 	C:\Users\Wang Liu\Downloads\openjfx-18_windows-x64_bin-sdk\javafx-sdk-18\bin\api-ms-win-core-file-l2-1-0.dll
0x000002d64e400000 - 0x000002d64e403000 	C:\Users\Wang Liu\Downloads\openjfx-18_windows-x64_bin-sdk\javafx-sdk-18\bin\api-ms-win-core-handle-l1-1-0.dll
0x000002d64e410000 - 0x000002d64e413000 	C:\Users\Wang Liu\Downloads\openjfx-18_windows-x64_bin-sdk\javafx-sdk-18\bin\api-ms-win-core-heap-l1-1-0.dll
0x000002d64e420000 - 0x000002d64e423000 	C:\Users\Wang Liu\Downloads\openjfx-18_windows-x64_bin-sdk\javafx-sdk-18\bin\api-ms-win-core-interlocked-l1-1-0.dll
0x000002d64e430000 - 0x000002d64e433000 	C:\Users\Wang Liu\Downloads\openjfx-18_windows-x64_bin-sdk\javafx-sdk-18\bin\api-ms-win-core-libraryloader-l1-1-0.dll
0x000002d64e440000 - 0x000002d64e443000 	C:\Users\Wang Liu\Downloads\openjfx-18_windows-x64_bin-sdk\javafx-sdk-18\bin\api-ms-win-core-localization-l1-2-0.dll
0x000002d64e450000 - 0x000002d64e453000 	C:\Users\Wang Liu\Downloads\openjfx-18_windows-x64_bin-sdk\javafx-sdk-18\bin\api-ms-win-core-memory-l1-1-0.dll
0x000002d64e460000 - 0x000002d64e463000 	C:\Users\Wang Liu\Downloads\openjfx-18_windows-x64_bin-sdk\javafx-sdk-18\bin\api-ms-win-core-namedpipe-l1-1-0.dll
0x000002d64e470000 - 0x000002d64e473000 	C:\Users\Wang Liu\Downloads\openjfx-18_windows-x64_bin-sdk\javafx-sdk-18\bin\api-ms-win-core-processenvironment-l1-1-0.dll
0x000002d64e480000 - 0x000002d64e483000 	C:\Users\Wang Liu\Downloads\openjfx-18_windows-x64_bin-sdk\javafx-sdk-18\bin\api-ms-win-core-processthreads-l1-1-0.dll
0x000002d64e490000 - 0x000002d64e493000 	C:\Users\Wang Liu\Downloads\openjfx-18_windows-x64_bin-sdk\javafx-sdk-18\bin\api-ms-win-core-processthreads-l1-1-1.dll
0x000002d64e4a0000 - 0x000002d64e4a3000 	C:\Users\Wang Liu\Downloads\openjfx-18_windows-x64_bin-sdk\javafx-sdk-18\bin\api-ms-win-core-profile-l1-1-0.dll
0x000002d64e4b0000 - 0x000002d64e4b3000 	C:\Users\Wang Liu\Downloads\openjfx-18_windows-x64_bin-sdk\javafx-sdk-18\bin\api-ms-win-core-rtlsupport-l1-1-0.dll
0x000002d64e4c0000 - 0x000002d64e4c3000 	C:\Users\Wang Liu\Downloads\openjfx-18_windows-x64_bin-sdk\javafx-sdk-18\bin\api-ms-win-core-string-l1-1-0.dll
0x000002d64e4d0000 - 0x000002d64e4d3000 	C:\Users\Wang Liu\Downloads\openjfx-18_windows-x64_bin-sdk\javafx-sdk-18\bin\api-ms-win-core-synch-l1-1-0.dll
0x000002d64e4e0000 - 0x000002d64e4e3000 	C:\Users\Wang Liu\Downloads\openjfx-18_windows-x64_bin-sdk\javafx-sdk-18\bin\api-ms-win-core-synch-l1-2-0.dll
0x000002d64e4f0000 - 0x000002d64e4f3000 	C:\Users\Wang Liu\Downloads\openjfx-18_windows-x64_bin-sdk\javafx-sdk-18\bin\api-ms-win-core-sysinfo-l1-1-0.dll
0x000002d64e510000 - 0x000002d64e513000 	C:\Users\Wang Liu\Downloads\openjfx-18_windows-x64_bin-sdk\javafx-sdk-18\bin\api-ms-win-core-timezone-l1-1-0.dll
0x000002d64e520000 - 0x000002d64e523000 	C:\Users\Wang Liu\Downloads\openjfx-18_windows-x64_bin-sdk\javafx-sdk-18\bin\api-ms-win-core-util-l1-1-0.dll
0x000002d64e530000 - 0x000002d64e533000 	C:\Users\Wang Liu\Downloads\openjfx-18_windows-x64_bin-sdk\javafx-sdk-18\bin\api-ms-win-crt-conio-l1-1-0.dll
0x000002d64e540000 - 0x000002d64e544000 	C:\Users\Wang Liu\Downloads\openjfx-18_windows-x64_bin-sdk\javafx-sdk-18\bin\api-ms-win-crt-convert-l1-1-0.dll
0x000002d64e550000 - 0x000002d64e553000 	C:\Users\Wang Liu\Downloads\openjfx-18_windows-x64_bin-sdk\javafx-sdk-18\bin\api-ms-win-crt-environment-l1-1-0.dll
0x000002d64e560000 - 0x000002d64e563000 	C:\Users\Wang Liu\Downloads\openjfx-18_windows-x64_bin-sdk\javafx-sdk-18\bin\api-ms-win-crt-filesystem-l1-1-0.dll
0x000002d64e570000 - 0x000002d64e573000 	C:\Users\Wang Liu\Downloads\openjfx-18_windows-x64_bin-sdk\javafx-sdk-18\bin\api-ms-win-crt-heap-l1-1-0.dll
0x000002d64e580000 - 0x000002d64e583000 	C:\Users\Wang Liu\Downloads\openjfx-18_windows-x64_bin-sdk\javafx-sdk-18\bin\api-ms-win-crt-locale-l1-1-0.dll
0x000002d64e590000 - 0x000002d64e595000 	C:\Users\Wang Liu\Downloads\openjfx-18_windows-x64_bin-sdk\javafx-sdk-18\bin\api-ms-win-crt-math-l1-1-0.dll
0x000002d64e5a0000 - 0x000002d64e5a5000 	C:\Users\Wang Liu\Downloads\openjfx-18_windows-x64_bin-sdk\javafx-sdk-18\bin\api-ms-win-crt-multibyte-l1-1-0.dll
0x000002d64e5b0000 - 0x000002d64e5c0000 	C:\Users\Wang Liu\Downloads\openjfx-18_windows-x64_bin-sdk\javafx-sdk-18\bin\api-ms-win-crt-private-l1-1-0.dll
0x000002d64e5c0000 - 0x000002d64e5c3000 	C:\Users\Wang Liu\Downloads\openjfx-18_windows-x64_bin-sdk\javafx-sdk-18\bin\api-ms-win-crt-process-l1-1-0.dll
0x000002d64e5d0000 - 0x000002d64e5d4000 	C:\Users\Wang Liu\Downloads\openjfx-18_windows-x64_bin-sdk\javafx-sdk-18\bin\api-ms-win-crt-runtime-l1-1-0.dll
0x000002d64e5e0000 - 0x000002d64e5e4000 	C:\Users\Wang Liu\Downloads\openjfx-18_windows-x64_bin-sdk\javafx-sdk-18\bin\api-ms-win-crt-stdio-l1-1-0.dll
0x000002d64e5f0000 - 0x000002d64e5f4000 	C:\Users\Wang Liu\Downloads\openjfx-18_windows-x64_bin-sdk\javafx-sdk-18\bin\api-ms-win-crt-string-l1-1-0.dll
0x000002d64e600000 - 0x000002d64e603000 	C:\Users\Wang Liu\Downloads\openjfx-18_windows-x64_bin-sdk\javafx-sdk-18\bin\api-ms-win-crt-time-l1-1-0.dll
0x000002d64e610000 - 0x000002d64e613000 	C:\Users\Wang Liu\Downloads\openjfx-18_windows-x64_bin-sdk\javafx-sdk-18\bin\api-ms-win-crt-utility-l1-1-0.dll
0x00007ffe3a8a0000 - 0x00007ffe3a99c000 	C:\Users\Wang Liu\Downloads\openjfx-18_windows-x64_bin-sdk\javafx-sdk-18\bin\ucrtbase.dll
0x00007ffe531e0000 - 0x00007ffe531fa000 	C:\Users\Wang Liu\Downloads\openjfx-18_windows-x64_bin-sdk\javafx-sdk-18\bin\vcruntime140.dll
0x00007ffe54590000 - 0x00007ffe5459c000 	C:\Users\Wang Liu\Downloads\openjfx-18_windows-x64_bin-sdk\javafx-sdk-18\bin\vcruntime140_1.dll
0x00007ffe3a7b0000 - 0x00007ffe3a83d000 	C:\Users\Wang Liu\Downloads\openjfx-18_windows-x64_bin-sdk\javafx-sdk-18\bin\msvcp140.dll
0x00007ffe531b0000 - 0x00007ffe531dc000 	C:\Users\Wang Liu\Downloads\openjfx-18_windows-x64_bin-sdk\javafx-sdk-18\bin\prism_d3d.dll
0x00007ffe37ce0000 - 0x00007ffe37e86000 	C:\WINDOWS\system32\d3d9.dll
0x00007ffe57be0000 - 0x00007ffe57c0f000 	C:\WINDOWS\SYSTEM32\dwmapi.dll
0x00007ffe57d20000 - 0x00007ffe57d58000 	C:\WINDOWS\SYSTEM32\dxcore.dll
0x00007ffe57950000 - 0x00007ffe579fc000 	C:\WINDOWS\system32\uxtheme.dll
0x00007ffe15bd0000 - 0x00007ffe15d35000 	C:\WINDOWS\System32\DriverStore\FileRepository\iigd_dch.inf_amd64_b9461df4c727b3ee\igdumdim64.dll
0x00007ffe5b4a0000 - 0x00007ffe5b63a000 	C:\WINDOWS\System32\ole32.dll
0x00007ffdd1380000 - 0x00007ffdd4fd6000 	C:\WINDOWS\System32\DriverStore\FileRepository\iigd_dch.inf_amd64_b9461df4c727b3ee\igd9dxva64.dll
0x00007ffe5b9a0000 - 0x00007ffe5ba76000 	C:\WINDOWS\System32\OLEAUT32.dll
0x00007ffe5cee0000 - 0x00007ffe5d34c000 	C:\WINDOWS\System32\SETUPAPI.dll
0x00007ffe5a5f0000 - 0x00007ffe5a63c000 	C:\WINDOWS\SYSTEM32\cfgmgr32.dll
0x00007ffe4e4e0000 - 0x00007ffe4e8a1000 	C:\WINDOWS\System32\DriverStore\FileRepository\iigd_dch.inf_amd64_b9461df4c727b3ee\igdgmm64.dll
0x00007ffe52890000 - 0x00007ffe528d4000 	C:\WINDOWS\SYSTEM32\directxdatabasehelper.dll
0x00007ffe57ee0000 - 0x00007ffe57f14000 	C:\WINDOWS\SYSTEM32\ntmarta.dll
0x00007ffe3c040000 - 0x00007ffe3c082000 	C:\Users\Wang Liu\Downloads\openjfx-18_windows-x64_bin-sdk\javafx-sdk-18\bin\glass.dll
0x00007ffe5c660000 - 0x00007ffe5c74c000 	C:\WINDOWS\System32\COMDLG32.dll
0x00007ffe5c750000 - 0x00007ffe5c86e000 	C:\WINDOWS\System32\MSCTF.dll
0x00007ffe53220000 - 0x00007ffe53247000 	C:\WINDOWS\System32\DriverStore\FileRepository\iigd_dch.inf_amd64_b9461df4c727b3ee\igdinfo64.dll
0x00007ffe5a190000 - 0x00007ffe5a1a8000 	C:\WINDOWS\SYSTEM32\CRYPTSP.dll
0x00007ffe59a00000 - 0x00007ffe59a35000 	C:\WINDOWS\system32\rsaenh.dll
0x00007ffe5a0b0000 - 0x00007ffe5a0bc000 	C:\WINDOWS\SYSTEM32\CRYPTBASE.dll
0x00007ffe5a2d0000 - 0x00007ffe5a2f7000 	C:\WINDOWS\SYSTEM32\bcrypt.dll
0x00007ffe4b0d0000 - 0x00007ffe4e2d6000 	C:\WINDOWS\System32\DriverStore\FileRepository\iigd_dch.inf_amd64_b9461df4c727b3ee\igc64.dll
0x00007ffe53140000 - 0x00007ffe53154000 	C:\Users\Wang Liu\Downloads\openjfx-18_windows-x64_bin-sdk\javafx-sdk-18\bin\javafx_font.dll
0x00007ffe2c5b0000 - 0x00007ffe2c80f000 	C:\WINDOWS\SYSTEM32\dwrite.dll
0x00007ffe5ca20000 - 0x00007ffe5cacf000 	C:\WINDOWS\System32\clbcatq.dll
0x00007ffe51350000 - 0x00007ffe514fe000 	C:\WINDOWS\SYSTEM32\WindowsCodecs.dll
0x00007ffe2a1c0000 - 0x00007ffe2a21d000 	C:\WINDOWS\system32\dataexchange.dll
0x00007ffe52e30000 - 0x00007ffe53096000 	C:\WINDOWS\system32\twinapi.appcore.dll
0x00007ffe43d10000 - 0x00007ffe43d42000 	C:\Program Files\Common Files\Microsoft Shared\Ink\rtscom.dll
0x00007ffe2d1e0000 - 0x00007ffe2d30d000 	C:\WINDOWS\SYSTEM32\textinputframework.dll
0x00007ffe57560000 - 0x00007ffe57692000 	C:\WINDOWS\SYSTEM32\CoreMessaging.dll
0x00007ffe52ac0000 - 0x00007ffe52e2d000 	C:\WINDOWS\SYSTEM32\CoreUIComponents.dll
0x00007ffe539e0000 - 0x00007ffe53f98000 	C:\WINDOWS\SYSTEM32\d2d1.dll
0x00007ffe51ce0000 - 0x00007ffe51f60000 	C:\WINDOWS\SYSTEM32\d3d11.dll
0x00007ffe57ab0000 - 0x00007ffe57ba3000 	C:\WINDOWS\SYSTEM32\dxgi.dll

dbghelp: loaded successfully - version: 4.0.5 - missing functions: none
symbol engine: initialized successfully - sym options: 0x614 - pdb path: .;C:\Java\jdk-17.0.2\bin;C:\WINDOWS\SYSTEM32;C:\WINDOWS\WinSxS\amd64_microsoft.windows.common-controls_6595b64144ccf1df_6.0.22000.120_none_9d947278b86cc467;C:\Java\jdk-17.0.2\bin\server;C:\Program Files\JetBrains\IntelliJ IDEA Educational Edition 2021.3.3\bin;C:\Users\Wang Liu\Downloads\openjfx-18_windows-x64_bin-sdk\javafx-sdk-18\bin;C:\WINDOWS\System32\DriverStore\FileRepository\iigd_dch.inf_amd64_b9461df4c727b3ee;C:\Program Files\Common Files\Microsoft Shared\Ink

VM Arguments:
jvm_args: --module-path=C:\Users\Wang Liu\Downloads\openjfx-18_windows-x64_bin-sdk\javafx-sdk-18\lib --add-modules=javafx.controls,javafx.fxml,javafx.base,javafx.graphics,javafx.swing,javafx.media -javaagent:C:\Program Files\JetBrains\IntelliJ IDEA Educational Edition 2021.3.3\lib\idea_rt.jar=64907:C:\Program Files\JetBrains\IntelliJ IDEA Educational Edition 2021.3.3\bin -Dfile.encoding=UTF-8 
java_command: Sudoku.Render
java_class_path (initial): C:\Users\Wang Liu\IdeaProjects\Solveur-de-Suzoku\out\production\Solveur-de-Suzoku;C:\Users\Wang Liu\Downloads\openjfx-18_windows-x64_bin-sdk\javafx-sdk-18\lib\javafx-swt.jar;C:\Users\Wang Liu\Downloads\openjfx-18_windows-x64_bin-sdk\javafx-sdk-18\lib\javafx.web.jar;C:\Users\Wang Liu\Downloads\openjfx-18_windows-x64_bin-sdk\javafx-sdk-18\lib\javafx.base.jar;C:\Users\Wang Liu\Downloads\openjfx-18_windows-x64_bin-sdk\javafx-sdk-18\lib\javafx.fxml.jar;C:\Users\Wang Liu\Downloads\openjfx-18_windows-x64_bin-sdk\javafx-sdk-18\lib\javafx.media.jar;C:\Users\Wang Liu\Downloads\openjfx-18_windows-x64_bin-sdk\javafx-sdk-18\lib\javafx.swing.jar;C:\Users\Wang Liu\Downloads\openjfx-18_windows-x64_bin-sdk\javafx-sdk-18\lib\javafx.controls.jar;C:\Users\Wang Liu\Downloads\openjfx-18_windows-x64_bin-sdk\javafx-sdk-18\lib\javafx.graphics.jar
Launcher Type: SUN_STANDARD

[Global flags]
     intx CICompilerCount                          = 12                                        {product} {ergonomic}
     uint ConcGCThreads                            = 3                                         {product} {ergonomic}
     uint G1ConcRefinementThreads                  = 13                                        {product} {ergonomic}
   size_t G1HeapRegionSize                         = 2097152                                   {product} {ergonomic}
    uintx GCDrainStackTargetSize                   = 64                                        {product} {ergonomic}
   size_t InitialHeapSize                          = 264241152                                 {product} {ergonomic}
   size_t MarkStackSize                            = 4194304                                   {product} {ergonomic}
   size_t MaxHeapSize                              = 4221566976                                {product} {ergonomic}
   size_t MaxNewSize                               = 2531262464                                {product} {ergonomic}
   size_t MinHeapDeltaBytes                        = 2097152                                   {product} {ergonomic}
   size_t MinHeapSize                              = 8388608                                   {product} {ergonomic}
    uintx NonNMethodCodeHeapSize                   = 7602480                                {pd product} {ergonomic}
    uintx NonProfiledCodeHeapSize                  = 122027880                              {pd product} {ergonomic}
    uintx ProfiledCodeHeapSize                     = 122027880                              {pd product} {ergonomic}
    uintx ReservedCodeCacheSize                    = 251658240                              {pd product} {ergonomic}
     bool SegmentedCodeCache                       = true                                      {product} {ergonomic}
   size_t SoftMaxHeapSize                          = 4221566976                             {manageable} {ergonomic}
     bool UseCompressedClassPointers               = true                           {product lp64_product} {ergonomic}
     bool UseCompressedOops                        = true                           {product lp64_product} {ergonomic}
     bool UseG1GC                                  = true                                      {product} {ergonomic}
     bool UseLargePagesIndividualAllocation        = false                                  {pd product} {ergonomic}

Logging:
Log output configuration:
 #0: stdout all=warning uptime,level,tags
 #1: stderr all=off uptime,level,tags

Environment Variables:
JAVA_HOME=C:\Java\jdk-17.0.2
PATH=%JAVA_HOME%\bin;C:\Program Files\Common Files\Oracle\Java\javapath;C:\oraclexe\app\oracle\product\11.2.0\server\bin;C:\WINDOWS\system32;C:\WINDOWS;C:\WINDOWS\System32\Wbem;C:\WINDOWS\System32\WindowsPowerShell\v1.0\;C:\WINDOWS\System32\OpenSSH\;C:\Program Files\Git\cmd;C:\Users\Wang Liu\AppData\Local\Microsoft\WindowsApps;;C:\Program Files\JetBrains\IntelliJ IDEA Educational Edition 2021.3.3\bin;
USERNAME=Wang Liu
OS=Windows_NT
PROCESSOR_IDENTIFIER=Intel64 Family 6 Model 141 Stepping 1, GenuineIntel



---------------  S Y S T E M  ---------------

OS:
 Windows 11 , 64 bit Build 22000 (10.0.22000.434)
OS uptime: 10 days 0:48 hours
Hyper-V role detected

CPU: total 16 (initial active 16) (8 cores per cpu, 2 threads per core) family 6 model 141 stepping 1 microcode 0x34, cx8, cmov, fxsr, ht, mmx, 3dnowpref, sse, sse2, sse3, ssse3, sse4.1, sse4.2, popcnt, lzcnt, tsc, tscinvbit, avx, avx2, aes, erms, clmul, bmi1, bmi2, adx, avx512f, avx512dq, avx512cd, avx512bw, avx512vl, sha, fma, vzeroupper, avx512_vpopcntdq, avx512_vpclmulqdq, avx512_vaes, avx512_vnni, clflush, clflushopt, clwb, avx512_vbmi2, avx512_vbmi, hv

Memory: 4k page, system-wide physical 16103M (974M free)
TotalPageFile size 65255M (AvailPageFile size 5M)
current process WorkingSet (physical memory assigned to process): 221M, peak: 221M
current process commit charge ("private bytes"): 501M, peak: 508M

vm_info: Java HotSpot(TM) 64-Bit Server VM (17.0.2+8-LTS-86) for windows-amd64 JRE (17.0.2+8-LTS-86), built on Dec  7 2021 21:51:03 by "mach5one" with MS VC++ 16.8 / 16.9 (VS2019)

END.
