#
# There is insufficient memory for the Java Runtime Environment to continue.
# Native memory allocation (malloc) failed to allocate 899856 bytes for Chunk::new
# Possible reasons:
#   The system is out of physical RAM or swap space
#   The process is running with CompressedOops enabled, and the Java Heap may be blocking the growth of the native heap
# Possible solutions:
#   Reduce memory load on the system
#   Increase physical memory or swap space
#   Check if swap backing store is full
#   Decrease Java heap size (-Xmx/-Xms)
#   Decrease number of Java threads
#   Decrease Java thread stack sizes (-Xss)
#   Set larger code cache with -XX:ReservedCodeCacheSize=
#   JVM is running with Zero Based Compressed Oops mode in which the Java heap is
#     placed in the first 32GB address space. The Java Heap base address is the
#     maximum limit for the native heap growth. Please use -XX:HeapBaseMinAddress
#     to set the Java Heap base and to place the Java Heap above 32GB virtual address.
# This output file may be truncated or incomplete.
#
#  Out of Memory Error (arena.cpp:189), pid=21596, tid=15460
#
# JRE version: Java(TM) SE Runtime Environment (17.0.2+8) (build 17.0.2+8-LTS-86)
# Java VM: Java HotSpot(TM) 64-Bit Server VM (17.0.2+8-LTS-86, mixed mode, sharing, tiered, compressed oops, compressed class ptrs, g1 gc, windows-amd64)
# No core dump will be written. Minidumps are not enabled by default on client versions of Windows
#

---------------  S U M M A R Y ------------

Command Line: --module-path=C:\Users\Wang Liu\Downloads\openjfx-18_windows-x64_bin-sdk\javafx-sdk-18\lib --add-modules=javafx.controls,javafx.fxml,javafx.base,javafx.graphics,javafx.swing,javafx.media -javaagent:C:\Program Files\JetBrains\IntelliJ IDEA Educational Edition 2021.3.3\lib\idea_rt.jar=64995:C:\Program Files\JetBrains\IntelliJ IDEA Educational Edition 2021.3.3\bin -Dfile.encoding=UTF-8 Sudoku.Render

Host: 11th Gen Intel(R) Core(TM) i7-11800H @ 2.30GHz, 16 cores, 15G,  Windows 11 , 64 bit Build 22000 (10.0.22000.434)
Time: Tue Mar 29 10:22:00 2022 Romance Daylight Time elapsed time: 0.127400 seconds (0d 0h 0m 0s)

---------------  T H R E A D  ---------------

Current thread (0x000001c0e8a3ea20):  JavaThread "C2 CompilerThread3" daemon [_thread_in_native, id=15460, stack(0x000000844f300000,0x000000844f400000)]


Current CompileTask:
C2:    127  310       4       java.util.stream.ReferencePipeline$3$1::accept (23 bytes)

Stack: [0x000000844f300000,0x000000844f400000]
Native frames: (J=compiled Java code, j=interpreted, Vv=VM code, C=native code)
V  [jvm.dll+0x670baa]
V  [jvm.dll+0x7cfcb4]
V  [jvm.dll+0x7d145e]
V  [jvm.dll+0x7d1ac3]
V  [jvm.dll+0x242bc5]
V  [jvm.dll+0xaa57b]
V  [jvm.dll+0xaab0c]
V  [jvm.dll+0x2a991f]
V  [jvm.dll+0x5792d9]
V  [jvm.dll+0x21de3d]
V  [jvm.dll+0x21e21f]
V  [jvm.dll+0x217ae5]
V  [jvm.dll+0x214fab]
V  [jvm.dll+0x1a1bbd]
V  [jvm.dll+0x224908]
V  [jvm.dll+0x222a6c]
V  [jvm.dll+0x7859bb]
V  [jvm.dll+0x77ff7a]
V  [jvm.dll+0x66fa35]
C  [ucrtbase.dll+0x26c0c]
C  [KERNEL32.DLL+0x154e0]
C  [ntdll.dll+0x485b]


---------------  P R O C E S S  ---------------

Threads class SMR info:
_java_thread_list=0x000001c0e8f61550, length=22, elements={
0x000001c0c47d0b20, 0x000001c0e7ddf470, 0x000001c0e7de0340, 0x000001c0e7df2910,
0x000001c0e7df31d0, 0x000001c0e7df5aa0, 0x000001c0e7df6d80, 0x000001c0e7df8a30,
0x000001c0e7dfccf0, 0x000001c0e7e07610, 0x000001c0e88a8ce0, 0x000001c0e88edc60,
0x000001c0e897c100, 0x000001c0e8901150, 0x000001c0e88fda90, 0x000001c0e88fdfa0,
0x000001c0e8a3ea20, 0x000001c0e8a40350, 0x000001c0e8a370a0, 0x000001c0e8a375b0,
0x000001c0e97b07c0, 0x000001c0e97b0c90
}

Java Threads: ( => current thread )
  0x000001c0c47d0b20 JavaThread "main" [_thread_in_native, id=9076, stack(0x000000844dd00000,0x000000844de00000)]
  0x000001c0e7ddf470 JavaThread "Reference Handler" daemon [_thread_blocked, id=11888, stack(0x000000844e400000,0x000000844e500000)]
  0x000001c0e7de0340 JavaThread "Finalizer" daemon [_thread_blocked, id=27036, stack(0x000000844e500000,0x000000844e600000)]
  0x000001c0e7df2910 JavaThread "Signal Dispatcher" daemon [_thread_blocked, id=1716, stack(0x000000844e600000,0x000000844e700000)]
  0x000001c0e7df31d0 JavaThread "Attach Listener" daemon [_thread_blocked, id=12440, stack(0x000000844e700000,0x000000844e800000)]
  0x000001c0e7df5aa0 JavaThread "Service Thread" daemon [_thread_blocked, id=17176, stack(0x000000844e800000,0x000000844e900000)]
  0x000001c0e7df6d80 JavaThread "Monitor Deflation Thread" daemon [_thread_blocked, id=14604, stack(0x000000844e900000,0x000000844ea00000)]
  0x000001c0e7df8a30 JavaThread "C2 CompilerThread0" daemon [_thread_blocked, id=21932, stack(0x000000844ea00000,0x000000844eb00000)]
  0x000001c0e7dfccf0 JavaThread "C1 CompilerThread0" daemon [_thread_blocked, id=10744, stack(0x000000844eb00000,0x000000844ec00000)]
  0x000001c0e7e07610 JavaThread "Sweeper thread" daemon [_thread_blocked, id=25172, stack(0x000000844ec00000,0x000000844ed00000)]
  0x000001c0e88a8ce0 JavaThread "Common-Cleaner" daemon [_thread_blocked, id=24028, stack(0x000000844ed00000,0x000000844ee00000)]
  0x000001c0e88edc60 JavaThread "C1 CompilerThread1" daemon [_thread_blocked, id=17972, stack(0x000000844ee00000,0x000000844ef00000)]
  0x000001c0e897c100 JavaThread "C1 CompilerThread2" daemon [_thread_blocked, id=10508, stack(0x000000844ef00000,0x000000844f000000)]
  0x000001c0e8901150 JavaThread "C1 CompilerThread3" daemon [_thread_blocked, id=8620, stack(0x000000844f000000,0x000000844f100000)]
  0x000001c0e88fda90 JavaThread "C2 CompilerThread1" daemon [_thread_blocked, id=23572, stack(0x000000844f100000,0x000000844f200000)]
  0x000001c0e88fdfa0 JavaThread "C2 CompilerThread2" daemon [_thread_blocked, id=1624, stack(0x000000844f200000,0x000000844f300000)]
=>0x000001c0e8a3ea20 JavaThread "C2 CompilerThread3" daemon [_thread_in_native, id=15460, stack(0x000000844f300000,0x000000844f400000)]
  0x000001c0e8a40350 JavaThread "C2 CompilerThread4" daemon [_thread_blocked, id=10208, stack(0x000000844f400000,0x000000844f500000)]
  0x000001c0e8a370a0 JavaThread "C2 CompilerThread5" daemon [_thread_blocked, id=4296, stack(0x000000844f500000,0x000000844f600000)]
  0x000001c0e8a375b0 JavaThread "C2 CompilerThread6" daemon [_thread_blocked, id=11104, stack(0x000000844f600000,0x000000844f700000)]
  0x000001c0e97b07c0 JavaThread "Monitor Ctrl-Break" daemon [_thread_in_native, id=23608, stack(0x000000844f700000,0x000000844f800000)]
  0x000001c0e97b0c90 JavaThread "Notification Thread" daemon [_thread_blocked, id=25864, stack(0x000000844f800000,0x000000844f900000)]

Other Threads:
  0x000001c0e7dd9ac0 VMThread "VM Thread" [stack: 0x000000844e300000,0x000000844e400000] [id=3288]
  0x000001c0e97fba10 WatcherThread [stack: 0x000000844f900000,0x000000844fa00000] [id=19460]
  0x000001c0c4820ac0 GCTaskThread "GC Thread#0" [stack: 0x000000844de00000,0x000000844df00000] [id=22460]
  0x000001c0c48324b0 ConcurrentGCThread "G1 Main Marker" [stack: 0x000000844df00000,0x000000844e000000] [id=27052]
  0x000001c0c4833570 ConcurrentGCThread "G1 Conc#0" [stack: 0x000000844e000000,0x000000844e100000] [id=10104]
  0x000001c0e7ca34e0 ConcurrentGCThread "G1 Refine#0" [stack: 0x000000844e100000,0x000000844e200000] [id=3120]
  0x000001c0e7ca3e10 ConcurrentGCThread "G1 Service" [stack: 0x000000844e200000,0x000000844e300000] [id=25396]

Threads with active compile tasks:
C2 CompilerThread3      136  310       4       java.util.stream.ReferencePipeline$3$1::accept (23 bytes)

VM state: not at safepoint (normal execution)

VM Mutex/Monitor currently owned by a thread: None

Heap address: 0x0000000704600000, size: 4026 MB, Compressed Oops mode: Zero based, Oop shift amount: 3

CDS archive(s) mapped at: [0x0000000800000000-0x0000000800bc0000-0x0000000800bc0000), size 12320768, SharedBaseAddress: 0x0000000800000000, ArchiveRelocationMode: 0.
Compressed class space mapped at: 0x0000000800c00000-0x0000000840c00000, reserved size: 1073741824
Narrow klass base: 0x0000000800000000, Narrow klass shift: 0, Narrow klass range: 0x100000000

GC Precious Log:
 CPUs: 16 total, 16 available
 Memory: 16103M
 Large Page Support: Disabled
 NUMA Support: Disabled
 Compressed Oops: Enabled (Zero based)
 Heap Region Size: 2M
 Heap Min Capacity: 8M
 Heap Initial Capacity: 252M
 Heap Max Capacity: 4026M
 Pre-touch: Disabled
 Parallel Workers: 13
 Concurrent Workers: 3
 Concurrent Refinement Workers: 13
 Periodic GC: Disabled

Heap:
 garbage-first heap   total 258048K, used 10240K [0x0000000704600000, 0x0000000800000000)
  region size 2048K, 6 young (12288K), 0 survivors (0K)
 Metaspace       used 1691K, committed 1856K, reserved 1056768K
  class space    used 166K, committed 256K, reserved 1048576K

Heap Regions: E=young(eden), S=young(survivor), O=old, HS=humongous(starts), HC=humongous(continues), CS=collection set, F=free, OA=open archive, CA=closed archive, TAMS=top-at-mark-start (previous, next)
|   0|0x0000000704600000, 0x0000000704600000, 0x0000000704800000|  0%| F|  |TAMS 0x0000000704600000, 0x0000000704600000| Untracked 
|   1|0x0000000704800000, 0x0000000704800000, 0x0000000704a00000|  0%| F|  |TAMS 0x0000000704800000, 0x0000000704800000| Untracked 
|   2|0x0000000704a00000, 0x0000000704a00000, 0x0000000704c00000|  0%| F|  |TAMS 0x0000000704a00000, 0x0000000704a00000| Untracked 
|   3|0x0000000704c00000, 0x0000000704c00000, 0x0000000704e00000|  0%| F|  |TAMS 0x0000000704c00000, 0x0000000704c00000| Untracked 
|   4|0x0000000704e00000, 0x0000000704e00000, 0x0000000705000000|  0%| F|  |TAMS 0x0000000704e00000, 0x0000000704e00000| Untracked 
|   5|0x0000000705000000, 0x0000000705000000, 0x0000000705200000|  0%| F|  |TAMS 0x0000000705000000, 0x0000000705000000| Untracked 
|   6|0x0000000705200000, 0x0000000705200000, 0x0000000705400000|  0%| F|  |TAMS 0x0000000705200000, 0x0000000705200000| Untracked 
|   7|0x0000000705400000, 0x0000000705400000, 0x0000000705600000|  0%| F|  |TAMS 0x0000000705400000, 0x0000000705400000| Untracked 
|   8|0x0000000705600000, 0x0000000705600000, 0x0000000705800000|  0%| F|  |TAMS 0x0000000705600000, 0x0000000705600000| Untracked 
|   9|0x0000000705800000, 0x0000000705800000, 0x0000000705a00000|  0%| F|  |TAMS 0x0000000705800000, 0x0000000705800000| Untracked 
|  10|0x0000000705a00000, 0x0000000705a00000, 0x0000000705c00000|  0%| F|  |TAMS 0x0000000705a00000, 0x0000000705a00000| Untracked 
|  11|0x0000000705c00000, 0x0000000705c00000, 0x0000000705e00000|  0%| F|  |TAMS 0x0000000705c00000, 0x0000000705c00000| Untracked 
|  12|0x0000000705e00000, 0x0000000705e00000, 0x0000000706000000|  0%| F|  |TAMS 0x0000000705e00000, 0x0000000705e00000| Untracked 
|  13|0x0000000706000000, 0x0000000706000000, 0x0000000706200000|  0%| F|  |TAMS 0x0000000706000000, 0x0000000706000000| Untracked 
|  14|0x0000000706200000, 0x0000000706200000, 0x0000000706400000|  0%| F|  |TAMS 0x0000000706200000, 0x0000000706200000| Untracked 
|  15|0x0000000706400000, 0x0000000706400000, 0x0000000706600000|  0%| F|  |TAMS 0x0000000706400000, 0x0000000706400000| Untracked 
|  16|0x0000000706600000, 0x0000000706600000, 0x0000000706800000|  0%| F|  |TAMS 0x0000000706600000, 0x0000000706600000| Untracked 
|  17|0x0000000706800000, 0x0000000706800000, 0x0000000706a00000|  0%| F|  |TAMS 0x0000000706800000, 0x0000000706800000| Untracked 
|  18|0x0000000706a00000, 0x0000000706a00000, 0x0000000706c00000|  0%| F|  |TAMS 0x0000000706a00000, 0x0000000706a00000| Untracked 
|  19|0x0000000706c00000, 0x0000000706c00000, 0x0000000706e00000|  0%| F|  |TAMS 0x0000000706c00000, 0x0000000706c00000| Untracked 
|  20|0x0000000706e00000, 0x0000000706e00000, 0x0000000707000000|  0%| F|  |TAMS 0x0000000706e00000, 0x0000000706e00000| Untracked 
|  21|0x0000000707000000, 0x0000000707000000, 0x0000000707200000|  0%| F|  |TAMS 0x0000000707000000, 0x0000000707000000| Untracked 
|  22|0x0000000707200000, 0x0000000707200000, 0x0000000707400000|  0%| F|  |TAMS 0x0000000707200000, 0x0000000707200000| Untracked 
|  23|0x0000000707400000, 0x0000000707400000, 0x0000000707600000|  0%| F|  |TAMS 0x0000000707400000, 0x0000000707400000| Untracked 
|  24|0x0000000707600000, 0x0000000707600000, 0x0000000707800000|  0%| F|  |TAMS 0x0000000707600000, 0x0000000707600000| Untracked 
|  25|0x0000000707800000, 0x0000000707800000, 0x0000000707a00000|  0%| F|  |TAMS 0x0000000707800000, 0x0000000707800000| Untracked 
|  26|0x0000000707a00000, 0x0000000707a00000, 0x0000000707c00000|  0%| F|  |TAMS 0x0000000707a00000, 0x0000000707a00000| Untracked 
|  27|0x0000000707c00000, 0x0000000707c00000, 0x0000000707e00000|  0%| F|  |TAMS 0x0000000707c00000, 0x0000000707c00000| Untracked 
|  28|0x0000000707e00000, 0x0000000707e00000, 0x0000000708000000|  0%| F|  |TAMS 0x0000000707e00000, 0x0000000707e00000| Untracked 
|  29|0x0000000708000000, 0x0000000708000000, 0x0000000708200000|  0%| F|  |TAMS 0x0000000708000000, 0x0000000708000000| Untracked 
|  30|0x0000000708200000, 0x0000000708200000, 0x0000000708400000|  0%| F|  |TAMS 0x0000000708200000, 0x0000000708200000| Untracked 
|  31|0x0000000708400000, 0x0000000708400000, 0x0000000708600000|  0%| F|  |TAMS 0x0000000708400000, 0x0000000708400000| Untracked 
|  32|0x0000000708600000, 0x0000000708600000, 0x0000000708800000|  0%| F|  |TAMS 0x0000000708600000, 0x0000000708600000| Untracked 
|  33|0x0000000708800000, 0x0000000708800000, 0x0000000708a00000|  0%| F|  |TAMS 0x0000000708800000, 0x0000000708800000| Untracked 
|  34|0x0000000708a00000, 0x0000000708a00000, 0x0000000708c00000|  0%| F|  |TAMS 0x0000000708a00000, 0x0000000708a00000| Untracked 
|  35|0x0000000708c00000, 0x0000000708c00000, 0x0000000708e00000|  0%| F|  |TAMS 0x0000000708c00000, 0x0000000708c00000| Untracked 
|  36|0x0000000708e00000, 0x0000000708e00000, 0x0000000709000000|  0%| F|  |TAMS 0x0000000708e00000, 0x0000000708e00000| Untracked 
|  37|0x0000000709000000, 0x0000000709000000, 0x0000000709200000|  0%| F|  |TAMS 0x0000000709000000, 0x0000000709000000| Untracked 
|  38|0x0000000709200000, 0x0000000709200000, 0x0000000709400000|  0%| F|  |TAMS 0x0000000709200000, 0x0000000709200000| Untracked 
|  39|0x0000000709400000, 0x0000000709400000, 0x0000000709600000|  0%| F|  |TAMS 0x0000000709400000, 0x0000000709400000| Untracked 
|  40|0x0000000709600000, 0x0000000709600000, 0x0000000709800000|  0%| F|  |TAMS 0x0000000709600000, 0x0000000709600000| Untracked 
|  41|0x0000000709800000, 0x0000000709800000, 0x0000000709a00000|  0%| F|  |TAMS 0x0000000709800000, 0x0000000709800000| Untracked 
|  42|0x0000000709a00000, 0x0000000709a00000, 0x0000000709c00000|  0%| F|  |TAMS 0x0000000709a00000, 0x0000000709a00000| Untracked 
|  43|0x0000000709c00000, 0x0000000709c00000, 0x0000000709e00000|  0%| F|  |TAMS 0x0000000709c00000, 0x0000000709c00000| Untracked 
|  44|0x0000000709e00000, 0x0000000709e00000, 0x000000070a000000|  0%| F|  |TAMS 0x0000000709e00000, 0x0000000709e00000| Untracked 
|  45|0x000000070a000000, 0x000000070a000000, 0x000000070a200000|  0%| F|  |TAMS 0x000000070a000000, 0x000000070a000000| Untracked 
|  46|0x000000070a200000, 0x000000070a200000, 0x000000070a400000|  0%| F|  |TAMS 0x000000070a200000, 0x000000070a200000| Untracked 
|  47|0x000000070a400000, 0x000000070a400000, 0x000000070a600000|  0%| F|  |TAMS 0x000000070a400000, 0x000000070a400000| Untracked 
|  48|0x000000070a600000, 0x000000070a600000, 0x000000070a800000|  0%| F|  |TAMS 0x000000070a600000, 0x000000070a600000| Untracked 
|  49|0x000000070a800000, 0x000000070a800000, 0x000000070aa00000|  0%| F|  |TAMS 0x000000070a800000, 0x000000070a800000| Untracked 
|  50|0x000000070aa00000, 0x000000070aa00000, 0x000000070ac00000|  0%| F|  |TAMS 0x000000070aa00000, 0x000000070aa00000| Untracked 
|  51|0x000000070ac00000, 0x000000070ac00000, 0x000000070ae00000|  0%| F|  |TAMS 0x000000070ac00000, 0x000000070ac00000| Untracked 
|  52|0x000000070ae00000, 0x000000070ae00000, 0x000000070b000000|  0%| F|  |TAMS 0x000000070ae00000, 0x000000070ae00000| Untracked 
|  53|0x000000070b000000, 0x000000070b000000, 0x000000070b200000|  0%| F|  |TAMS 0x000000070b000000, 0x000000070b000000| Untracked 
|  54|0x000000070b200000, 0x000000070b200000, 0x000000070b400000|  0%| F|  |TAMS 0x000000070b200000, 0x000000070b200000| Untracked 
|  55|0x000000070b400000, 0x000000070b400000, 0x000000070b600000|  0%| F|  |TAMS 0x000000070b400000, 0x000000070b400000| Untracked 
|  56|0x000000070b600000, 0x000000070b600000, 0x000000070b800000|  0%| F|  |TAMS 0x000000070b600000, 0x000000070b600000| Untracked 
|  57|0x000000070b800000, 0x000000070b800000, 0x000000070ba00000|  0%| F|  |TAMS 0x000000070b800000, 0x000000070b800000| Untracked 
|  58|0x000000070ba00000, 0x000000070ba00000, 0x000000070bc00000|  0%| F|  |TAMS 0x000000070ba00000, 0x000000070ba00000| Untracked 
|  59|0x000000070bc00000, 0x000000070bc00000, 0x000000070be00000|  0%| F|  |TAMS 0x000000070bc00000, 0x000000070bc00000| Untracked 
|  60|0x000000070be00000, 0x000000070be00000, 0x000000070c000000|  0%| F|  |TAMS 0x000000070be00000, 0x000000070be00000| Untracked 
|  61|0x000000070c000000, 0x000000070c000000, 0x000000070c200000|  0%| F|  |TAMS 0x000000070c000000, 0x000000070c000000| Untracked 
|  62|0x000000070c200000, 0x000000070c200000, 0x000000070c400000|  0%| F|  |TAMS 0x000000070c200000, 0x000000070c200000| Untracked 
|  63|0x000000070c400000, 0x000000070c400000, 0x000000070c600000|  0%| F|  |TAMS 0x000000070c400000, 0x000000070c400000| Untracked 
|  64|0x000000070c600000, 0x000000070c600000, 0x000000070c800000|  0%| F|  |TAMS 0x000000070c600000, 0x000000070c600000| Untracked 
|  65|0x000000070c800000, 0x000000070c800000, 0x000000070ca00000|  0%| F|  |TAMS 0x000000070c800000, 0x000000070c800000| Untracked 
|  66|0x000000070ca00000, 0x000000070ca00000, 0x000000070cc00000|  0%| F|  |TAMS 0x000000070ca00000, 0x000000070ca00000| Untracked 
|  67|0x000000070cc00000, 0x000000070cc00000, 0x000000070ce00000|  0%| F|  |TAMS 0x000000070cc00000, 0x000000070cc00000| Untracked 
|  68|0x000000070ce00000, 0x000000070ce00000, 0x000000070d000000|  0%| F|  |TAMS 0x000000070ce00000, 0x000000070ce00000| Untracked 
|  69|0x000000070d000000, 0x000000070d000000, 0x000000070d200000|  0%| F|  |TAMS 0x000000070d000000, 0x000000070d000000| Untracked 
|  70|0x000000070d200000, 0x000000070d200000, 0x000000070d400000|  0%| F|  |TAMS 0x000000070d200000, 0x000000070d200000| Untracked 
|  71|0x000000070d400000, 0x000000070d400000, 0x000000070d600000|  0%| F|  |TAMS 0x000000070d400000, 0x000000070d400000| Untracked 
|  72|0x000000070d600000, 0x000000070d600000, 0x000000070d800000|  0%| F|  |TAMS 0x000000070d600000, 0x000000070d600000| Untracked 
|  73|0x000000070d800000, 0x000000070d800000, 0x000000070da00000|  0%| F|  |TAMS 0x000000070d800000, 0x000000070d800000| Untracked 
|  74|0x000000070da00000, 0x000000070da00000, 0x000000070dc00000|  0%| F|  |TAMS 0x000000070da00000, 0x000000070da00000| Untracked 
|  75|0x000000070dc00000, 0x000000070dc00000, 0x000000070de00000|  0%| F|  |TAMS 0x000000070dc00000, 0x000000070dc00000| Untracked 
|  76|0x000000070de00000, 0x000000070de00000, 0x000000070e000000|  0%| F|  |TAMS 0x000000070de00000, 0x000000070de00000| Untracked 
|  77|0x000000070e000000, 0x000000070e000000, 0x000000070e200000|  0%| F|  |TAMS 0x000000070e000000, 0x000000070e000000| Untracked 
|  78|0x000000070e200000, 0x000000070e200000, 0x000000070e400000|  0%| F|  |TAMS 0x000000070e200000, 0x000000070e200000| Untracked 
|  79|0x000000070e400000, 0x000000070e400000, 0x000000070e600000|  0%| F|  |TAMS 0x000000070e400000, 0x000000070e400000| Untracked 
|  80|0x000000070e600000, 0x000000070e600000, 0x000000070e800000|  0%| F|  |TAMS 0x000000070e600000, 0x000000070e600000| Untracked 
|  81|0x000000070e800000, 0x000000070e800000, 0x000000070ea00000|  0%| F|  |TAMS 0x000000070e800000, 0x000000070e800000| Untracked 
|  82|0x000000070ea00000, 0x000000070ea00000, 0x000000070ec00000|  0%| F|  |TAMS 0x000000070ea00000, 0x000000070ea00000| Untracked 
|  83|0x000000070ec00000, 0x000000070ec00000, 0x000000070ee00000|  0%| F|  |TAMS 0x000000070ec00000, 0x000000070ec00000| Untracked 
|  84|0x000000070ee00000, 0x000000070ee00000, 0x000000070f000000|  0%| F|  |TAMS 0x000000070ee00000, 0x000000070ee00000| Untracked 
|  85|0x000000070f000000, 0x000000070f000000, 0x000000070f200000|  0%| F|  |TAMS 0x000000070f000000, 0x000000070f000000| Untracked 
|  86|0x000000070f200000, 0x000000070f200000, 0x000000070f400000|  0%| F|  |TAMS 0x000000070f200000, 0x000000070f200000| Untracked 
|  87|0x000000070f400000, 0x000000070f400000, 0x000000070f600000|  0%| F|  |TAMS 0x000000070f400000, 0x000000070f400000| Untracked 
|  88|0x000000070f600000, 0x000000070f600000, 0x000000070f800000|  0%| F|  |TAMS 0x000000070f600000, 0x000000070f600000| Untracked 
|  89|0x000000070f800000, 0x000000070f800000, 0x000000070fa00000|  0%| F|  |TAMS 0x000000070f800000, 0x000000070f800000| Untracked 
|  90|0x000000070fa00000, 0x000000070fa00000, 0x000000070fc00000|  0%| F|  |TAMS 0x000000070fa00000, 0x000000070fa00000| Untracked 
|  91|0x000000070fc00000, 0x000000070fc00000, 0x000000070fe00000|  0%| F|  |TAMS 0x000000070fc00000, 0x000000070fc00000| Untracked 
|  92|0x000000070fe00000, 0x000000070fe00000, 0x0000000710000000|  0%| F|  |TAMS 0x000000070fe00000, 0x000000070fe00000| Untracked 
|  93|0x0000000710000000, 0x0000000710000000, 0x0000000710200000|  0%| F|  |TAMS 0x0000000710000000, 0x0000000710000000| Untracked 
|  94|0x0000000710200000, 0x0000000710200000, 0x0000000710400000|  0%| F|  |TAMS 0x0000000710200000, 0x0000000710200000| Untracked 
|  95|0x0000000710400000, 0x0000000710400000, 0x0000000710600000|  0%| F|  |TAMS 0x0000000710400000, 0x0000000710400000| Untracked 
|  96|0x0000000710600000, 0x0000000710600000, 0x0000000710800000|  0%| F|  |TAMS 0x0000000710600000, 0x0000000710600000| Untracked 
|  97|0x0000000710800000, 0x0000000710800000, 0x0000000710a00000|  0%| F|  |TAMS 0x0000000710800000, 0x0000000710800000| Untracked 
|  98|0x0000000710a00000, 0x0000000710a00000, 0x0000000710c00000|  0%| F|  |TAMS 0x0000000710a00000, 0x0000000710a00000| Untracked 
|  99|0x0000000710c00000, 0x0000000710c00000, 0x0000000710e00000|  0%| F|  |TAMS 0x0000000710c00000, 0x0000000710c00000| Untracked 
| 100|0x0000000710e00000, 0x0000000710e00000, 0x0000000711000000|  0%| F|  |TAMS 0x0000000710e00000, 0x0000000710e00000| Untracked 
| 101|0x0000000711000000, 0x0000000711000000, 0x0000000711200000|  0%| F|  |TAMS 0x0000000711000000, 0x0000000711000000| Untracked 
| 102|0x0000000711200000, 0x0000000711200000, 0x0000000711400000|  0%| F|  |TAMS 0x0000000711200000, 0x0000000711200000| Untracked 
| 103|0x0000000711400000, 0x0000000711400000, 0x0000000711600000|  0%| F|  |TAMS 0x0000000711400000, 0x0000000711400000| Untracked 
| 104|0x0000000711600000, 0x0000000711600000, 0x0000000711800000|  0%| F|  |TAMS 0x0000000711600000, 0x0000000711600000| Untracked 
| 105|0x0000000711800000, 0x0000000711800000, 0x0000000711a00000|  0%| F|  |TAMS 0x0000000711800000, 0x0000000711800000| Untracked 
| 106|0x0000000711a00000, 0x0000000711a00000, 0x0000000711c00000|  0%| F|  |TAMS 0x0000000711a00000, 0x0000000711a00000| Untracked 
| 107|0x0000000711c00000, 0x0000000711c00000, 0x0000000711e00000|  0%| F|  |TAMS 0x0000000711c00000, 0x0000000711c00000| Untracked 
| 108|0x0000000711e00000, 0x0000000711e00000, 0x0000000712000000|  0%| F|  |TAMS 0x0000000711e00000, 0x0000000711e00000| Untracked 
| 109|0x0000000712000000, 0x0000000712000000, 0x0000000712200000|  0%| F|  |TAMS 0x0000000712000000, 0x0000000712000000| Untracked 
| 110|0x0000000712200000, 0x0000000712200000, 0x0000000712400000|  0%| F|  |TAMS 0x0000000712200000, 0x0000000712200000| Untracked 
| 111|0x0000000712400000, 0x0000000712400000, 0x0000000712600000|  0%| F|  |TAMS 0x0000000712400000, 0x0000000712400000| Untracked 
| 112|0x0000000712600000, 0x0000000712600000, 0x0000000712800000|  0%| F|  |TAMS 0x0000000712600000, 0x0000000712600000| Untracked 
| 113|0x0000000712800000, 0x0000000712800000, 0x0000000712a00000|  0%| F|  |TAMS 0x0000000712800000, 0x0000000712800000| Untracked 
| 114|0x0000000712a00000, 0x0000000712a00000, 0x0000000712c00000|  0%| F|  |TAMS 0x0000000712a00000, 0x0000000712a00000| Untracked 
| 115|0x0000000712c00000, 0x0000000712c00000, 0x0000000712e00000|  0%| F|  |TAMS 0x0000000712c00000, 0x0000000712c00000| Untracked 
| 116|0x0000000712e00000, 0x0000000712e00000, 0x0000000713000000|  0%| F|  |TAMS 0x0000000712e00000, 0x0000000712e00000| Untracked 
| 117|0x0000000713000000, 0x0000000713000000, 0x0000000713200000|  0%| F|  |TAMS 0x0000000713000000, 0x0000000713000000| Untracked 
| 118|0x0000000713200000, 0x0000000713200000, 0x0000000713400000|  0%| F|  |TAMS 0x0000000713200000, 0x0000000713200000| Untracked 
| 119|0x0000000713400000, 0x0000000713400000, 0x0000000713600000|  0%| F|  |TAMS 0x0000000713400000, 0x0000000713400000| Untracked 
| 120|0x0000000713600000, 0x0000000713755858, 0x0000000713800000| 66%| E|  |TAMS 0x0000000713600000, 0x0000000713600000| Complete 
| 121|0x0000000713800000, 0x0000000713a00000, 0x0000000713a00000|100%| E|CS|TAMS 0x0000000713800000, 0x0000000713800000| Complete 
| 122|0x0000000713a00000, 0x0000000713c00000, 0x0000000713c00000|100%| E|CS|TAMS 0x0000000713a00000, 0x0000000713a00000| Complete 
| 123|0x0000000713c00000, 0x0000000713e00000, 0x0000000713e00000|100%| E|CS|TAMS 0x0000000713c00000, 0x0000000713c00000| Complete 
| 124|0x0000000713e00000, 0x0000000714000000, 0x0000000714000000|100%| E|CS|TAMS 0x0000000713e00000, 0x0000000713e00000| Complete 
| 125|0x0000000714000000, 0x0000000714200000, 0x0000000714200000|100%| E|CS|TAMS 0x0000000714000000, 0x0000000714000000| Complete 

Card table byte_map: [0x000001c0dc090000,0x000001c0dc870000] _byte_map_base: 0x000001c0d886d000

Marking Bits (Prev, Next): (CMBitMap*) 0x000001c0c4820fe0, (CMBitMap*) 0x000001c0c4821020
 Prev Bits: [0x000001c0dd050000, 0x000001c0e0f38000)
 Next Bits: [0x000001c0e0f40000, 0x000001c0e4e28000)

Polling page: 0x000001c0c2760000

Metaspace:

Usage:
  Non-class:      1.49 MB used.
      Class:    166.41 KB used.
       Both:      1.65 MB used.

Virtual space:
  Non-class space:        8.00 MB reserved,       1.56 MB ( 20%) committed,  1 nodes.
      Class space:        1.00 GB reserved,     256.00 KB ( <1%) committed,  1 nodes.
             Both:        1.01 GB reserved,       1.81 MB ( <1%) committed. 

Chunk freelists:
   Non-Class:  3.61 MB
       Class:  3.67 MB
        Both:  7.28 MB

MaxMetaspaceSize: unlimited
CompressedClassSpaceSize: 1.00 GB
Initial GC threshold: 21.00 MB
Current GC threshold: 21.00 MB
CDS: on
MetaspaceReclaimPolicy: balanced
 - commit_granule_bytes: 65536.
 - commit_granule_words: 8192.
 - virtual_space_node_default_size: 1048576.
 - enlarge_chunks_in_place: 1.
 - new_chunks_are_fully_committed: 0.
 - uncommit_free_chunks: 1.
 - use_allocation_guard: 0.
 - handle_deallocations: 1.


Internal statistics:

num_allocs_failed_limit: 0.
num_arena_births: 48.
num_arena_deaths: 0.
num_vsnodes_births: 2.
num_vsnodes_deaths: 0.
num_space_committed: 29.
num_space_uncommitted: 0.
num_chunks_returned_to_freelist: 0.
num_chunks_taken_from_freelist: 75.
num_chunk_merges: 0.
num_chunk_splits: 51.
num_chunks_enlarged: 33.
num_purges: 0.
num_inconsistent_stats: 0.

CodeHeap 'non-profiled nmethods': size=119168Kb used=226Kb max_used=226Kb free=118941Kb
 bounds [0x000001c0d3bd0000, 0x000001c0d3e40000, 0x000001c0db030000]
CodeHeap 'profiled nmethods': size=119104Kb used=873Kb max_used=873Kb free=118230Kb
 bounds [0x000001c0cc780000, 0x000001c0cc9f0000, 0x000001c0d3bd0000]
CodeHeap 'non-nmethods': size=7488Kb used=2834Kb max_used=2856Kb free=4653Kb
 bounds [0x000001c0cc030000, 0x000001c0cc300000, 0x000001c0cc780000]
 total_blobs=1037 nmethods=617 adapters=330
 compilation: enabled
              stopped_count=0, restarted_count=0
 full_count=0

Compilation events (20 events):
Event: 0.118 Thread 0x000001c0e7dfccf0  511       3       java.lang.invoke.LambdaForm::uncustomize (57 bytes)
Event: 0.119 Thread 0x000001c0e7dfccf0 nmethod 511 0x000001c0cc824990 code [0x000001c0cc824b40, 0x000001c0cc824e68]
Event: 0.119 Thread 0x000001c0e7df8a30 nmethod 491 0x000001c0d3bff610 code [0x000001c0d3bff7a0, 0x000001c0d3bffc68]
Event: 0.119 Thread 0x000001c0e8a370a0  514       4       java.lang.String::charAt (25 bytes)
Event: 0.119 Thread 0x000001c0e8a370a0 nmethod 514 0x000001c0d3bffe10 code [0x000001c0d3bfffa0, 0x000001c0d3c00088]
Event: 0.120 Thread 0x000001c0e7dfccf0  515       1       java.lang.invoke.DirectMethodHandle::internalMemberName (5 bytes)
Event: 0.120 Thread 0x000001c0e7dfccf0 nmethod 515 0x000001c0d3c00190 code [0x000001c0d3c00320, 0x000001c0d3c003f8]
Event: 0.121 Thread 0x000001c0e8901150  517       3       java.util.zip.ZipFile$Source::getEntryHash (7 bytes)
Event: 0.121 Thread 0x000001c0e8901150 nmethod 517 0x000001c0cc824f90 code [0x000001c0cc825120, 0x000001c0cc825258]
Event: 0.121 Thread 0x000001c0e8901150  518       1       jdk.internal.loader.BuiltinClassLoader$LoadedModule::loader (5 bytes)
Event: 0.121 Thread 0x000001c0e8901150 nmethod 518 0x000001c0d3c00890 code [0x000001c0d3c00a20, 0x000001c0d3c00af8]
Event: 0.122 Thread 0x000001c0e88edc60  519       3       java.lang.invoke.MemberName::flagsMods (73 bytes)
Event: 0.122 Thread 0x000001c0e8901150  520       3       java.lang.invoke.MemberName::init (67 bytes)
Event: 0.122 Thread 0x000001c0e88edc60 nmethod 519 0x000001c0cc825310 code [0x000001c0cc8254a0, 0x000001c0cc8255d8]
Event: 0.122 Thread 0x000001c0e8901150 nmethod 520 0x000001c0cc825690 code [0x000001c0cc825840, 0x000001c0cc825a98]
Event: 0.123 Thread 0x000001c0e88edc60  521       3       java.lang.invoke.MethodHandle::<init> (37 bytes)
Event: 0.123 Thread 0x000001c0e8901150  522       3       java.lang.invoke.LambdaForm::prepare (112 bytes)
Event: 0.123 Thread 0x000001c0e7dfccf0  524       3       java.lang.invoke.LambdaForm$Name::initIndex (26 bytes)
Event: 0.123 Thread 0x000001c0e88edc60 nmethod 521 0x000001c0cc825b10 code [0x000001c0cc825d20, 0x000001c0cc8262b8]
Event: 0.123 Thread 0x000001c0e7dfccf0 nmethod 524 0x000001c0cc826510 code [0x000001c0cc8266a0, 0x000001c0cc826858]

GC Heap History (0 events):
No events

Deoptimization events (20 events):
Event: 0.081 Thread 0x000001c0c47d0b20 Uncommon trap: trap_request=0xffffff45 fr.pc=0x000001c0d3be38bc relative=0x000000000000041c
Event: 0.081 Thread 0x000001c0c47d0b20 Uncommon trap: reason=unstable_if action=reinterpret pc=0x000001c0d3be38bc method=java.lang.StringLatin1.newString([BII)Ljava/lang/String; @ 1 c2
Event: 0.081 Thread 0x000001c0c47d0b20 DEOPT PACKING pc=0x000001c0d3be38bc sp=0x000000844ddfe7a0
Event: 0.081 Thread 0x000001c0c47d0b20 DEOPT UNPACKING pc=0x000001c0cc085c23 sp=0x000000844ddfe780 mode 2
Event: 0.090 Thread 0x000001c0c47d0b20 Uncommon trap: trap_request=0xffffff45 fr.pc=0x000001c0d3be8148 relative=0x0000000000000128
Event: 0.090 Thread 0x000001c0c47d0b20 Uncommon trap: reason=unstable_if action=reinterpret pc=0x000001c0d3be8148 method=java.lang.String.startsWith(Ljava/lang/String;I)Z @ 1 c2
Event: 0.090 Thread 0x000001c0c47d0b20 DEOPT PACKING pc=0x000001c0d3be8148 sp=0x000000844ddfe0a0
Event: 0.090 Thread 0x000001c0c47d0b20 DEOPT UNPACKING pc=0x000001c0cc085c23 sp=0x000000844ddfe008 mode 2
Event: 0.095 Thread 0x000001c0c47d0b20 Uncommon trap: trap_request=0xffffff45 fr.pc=0x000001c0d3bf0398 relative=0x0000000000000178
Event: 0.095 Thread 0x000001c0c47d0b20 Uncommon trap: reason=unstable_if action=reinterpret pc=0x000001c0d3bf0398 method=java.util.zip.ZipFile$Source.isMetaName([BII)Z @ 57 c2
Event: 0.095 Thread 0x000001c0c47d0b20 DEOPT PACKING pc=0x000001c0d3bf0398 sp=0x000000844ddfddd0
Event: 0.095 Thread 0x000001c0c47d0b20 DEOPT UNPACKING pc=0x000001c0cc085c23 sp=0x000000844ddfdd78 mode 2
Event: 0.099 Thread 0x000001c0c47d0b20 Uncommon trap: trap_request=0xffffff45 fr.pc=0x000001c0d3bdd0dc relative=0x000000000000005c
Event: 0.099 Thread 0x000001c0c47d0b20 Uncommon trap: reason=unstable_if action=reinterpret pc=0x000001c0d3bdd0dc method=java.lang.String.isLatin1()Z @ 10 c2
Event: 0.099 Thread 0x000001c0c47d0b20 DEOPT PACKING pc=0x000001c0d3bdd0dc sp=0x000000844ddfe280
Event: 0.099 Thread 0x000001c0c47d0b20 DEOPT UNPACKING pc=0x000001c0cc085c23 sp=0x000000844ddfe210 mode 2
Event: 0.099 Thread 0x000001c0c47d0b20 Uncommon trap: trap_request=0xffffff45 fr.pc=0x000001c0d3bdd3f8 relative=0x0000000000000078
Event: 0.099 Thread 0x000001c0c47d0b20 Uncommon trap: reason=unstable_if action=reinterpret pc=0x000001c0d3bdd3f8 method=java.lang.String.isLatin1()Z @ 10 c2
Event: 0.099 Thread 0x000001c0c47d0b20 DEOPT PACKING pc=0x000001c0d3bdd3f8 sp=0x000000844ddfec70
Event: 0.099 Thread 0x000001c0c47d0b20 DEOPT UNPACKING pc=0x000001c0cc085c23 sp=0x000000844ddfebb0 mode 2

Classes unloaded (0 events):
No events

Classes redefined (0 events):
No events

Internal exceptions (4 events):
Event: 0.039 Thread 0x000001c0c47d0b20 Exception <a 'sun/nio/fs/WindowsException'{0x0000000714124b80}> (0x0000000714124b80) 
thrown [t:\workspace\open\src\hotspot\share\prims\jni.cpp, line 516]
Event: 0.039 Thread 0x000001c0c47d0b20 Exception <a 'sun/nio/fs/WindowsException'{0x00000007141250e0}> (0x00000007141250e0) 
thrown [t:\workspace\open\src\hotspot\share\prims\jni.cpp, line 516]
Event: 0.101 Thread 0x000001c0e97b07c0 Exception <a 'java/lang/NoSuchMethodError'{0x00000007138e46c8}: 'java.lang.Object java.lang.invoke.DirectMethodHandle$Holder.invokeStaticInit(java.lang.Object)'> (0x00000007138e46c8) 
thrown [t:\workspace\open\src\hotspot\share\interpreter\linkResolver.cpp, line 766]
Event: 0.105 Thread 0x000001c0c47d0b20 Exception <a 'java/lang/NoSuchMethodError'{0x00000007138b07d0}: 'void java.lang.invoke.DirectMethodHandle$Holder.invokeStatic(java.lang.Object, java.lang.Object)'> (0x00000007138b07d0) 
thrown [t:\workspace\open\src\hotspot\share\interpreter\linkResolver.cpp, line 766]

VM Operations (6 events):
Event: 0.041 Executing VM operation: HandshakeAllThreads
Event: 0.041 Executing VM operation: HandshakeAllThreads done
Event: 0.076 Executing VM operation: HandshakeAllThreads
Event: 0.076 Executing VM operation: HandshakeAllThreads done
Event: 0.100 Executing VM operation: HandshakeAllThreads
Event: 0.100 Executing VM operation: HandshakeAllThreads done

Events (20 events):
Event: 0.121 loading class java/security/GeneralSecurityException done
Event: 0.121 loading class java/security/NoSuchAlgorithmException done
Event: 0.122 loading class java/lang/UnsatisfiedLinkError
Event: 0.122 loading class java/lang/UnsatisfiedLinkError done
Event: 0.122 loading class java/lang/StackWalker$Option
Event: 0.122 loading class java/lang/StackWalker$Option done
Event: 0.122 loading class java/lang/StackStreamFactory
Event: 0.123 loading class java/lang/StackStreamFactory done
Event: 0.123 loading class java/lang/StackStreamFactory$CallerClassFinder
Event: 0.123 loading class java/lang/StackStreamFactory$CallerClassFinder done
Event: 0.123 loading class java/lang/StackWalker$ExtendedOption
Event: 0.123 loading class java/lang/StackWalker$ExtendedOption done
Event: 0.123 loading class java/lang/StackStreamFactory$WalkerState
Event: 0.123 loading class java/lang/StackStreamFactory$WalkerState done
Event: 0.123 loading class java/lang/StackStreamFactory$1
Event: 0.123 loading class java/lang/StackStreamFactory$1 done
Event: 0.123 loading class java/lang/StackStreamFactory$CallerClassFinder$ClassBuffer
Event: 0.123 loading class java/lang/StackStreamFactory$FrameBuffer
Event: 0.123 loading class java/lang/StackStreamFactory$FrameBuffer done
Event: 0.123 loading class java/lang/StackStreamFactory$CallerClassFinder$ClassBuffer done


Dynamic libraries:
0x00007ff743c20000 - 0x00007ff743c30000 	C:\Java\jdk-17.0.2\bin\java.exe
0x00007ffe5d400000 - 0x00007ffe5d609000 	C:\WINDOWS\SYSTEM32\ntdll.dll
0x00007ffe5b2a0000 - 0x00007ffe5b35d000 	C:\WINDOWS\System32\KERNEL32.DLL
0x00007ffe5aa80000 - 0x00007ffe5adf4000 	C:\WINDOWS\System32\KERNELBASE.dll
0x00007ffe5a8f0000 - 0x00007ffe5aa01000 	C:\WINDOWS\System32\ucrtbase.dll
0x00007ffe54c80000 - 0x00007ffe54c9a000 	C:\Java\jdk-17.0.2\bin\VCRUNTIME140.dll
0x00007ffe54cc0000 - 0x00007ffe54cd8000 	C:\Java\jdk-17.0.2\bin\jli.dll
0x00007ffe5b3d0000 - 0x00007ffe5b47e000 	C:\WINDOWS\System32\ADVAPI32.dll
0x00007ffe5b850000 - 0x00007ffe5b8f3000 	C:\WINDOWS\System32\msvcrt.dll
0x00007ffe5b6a0000 - 0x00007ffe5b73e000 	C:\WINDOWS\System32\sechost.dll
0x00007ffe5c4d0000 - 0x00007ffe5c5f0000 	C:\WINDOWS\System32\RPCRT4.dll
0x00007ffe5c870000 - 0x00007ffe5ca1c000 	C:\WINDOWS\System32\USER32.dll
0x00007ffe5b150000 - 0x00007ffe5b176000 	C:\WINDOWS\System32\win32u.dll
0x00007ffe3d540000 - 0x00007ffe3d7e5000 	C:\WINDOWS\WinSxS\amd64_microsoft.windows.common-controls_6595b64144ccf1df_6.0.22000.120_none_9d947278b86cc467\COMCTL32.dll
0x00007ffe5d390000 - 0x00007ffe5d3b9000 	C:\WINDOWS\System32\GDI32.dll
0x00007ffe5af70000 - 0x00007ffe5b082000 	C:\WINDOWS\System32\gdi32full.dll
0x00007ffe5b200000 - 0x00007ffe5b29d000 	C:\WINDOWS\System32\msvcp_win.dll
0x00007ffe54570000 - 0x00007ffe5457a000 	C:\WINDOWS\SYSTEM32\VERSION.dll
0x00007ffe5d350000 - 0x00007ffe5d381000 	C:\WINDOWS\System32\IMM32.DLL
0x00007ffe54eb0000 - 0x00007ffe54ebc000 	C:\Java\jdk-17.0.2\bin\vcruntime140_1.dll
0x00007ffe43b80000 - 0x00007ffe43c0d000 	C:\Java\jdk-17.0.2\bin\msvcp140.dll
0x00007ffe12c90000 - 0x00007ffe13851000 	C:\Java\jdk-17.0.2\bin\server\jvm.dll
0x00007ffe5c5f0000 - 0x00007ffe5c5f8000 	C:\WINDOWS\System32\PSAPI.DLL
0x00007ffe3e780000 - 0x00007ffe3e789000 	C:\WINDOWS\SYSTEM32\WSOCK32.dll
0x00007ffe54b50000 - 0x00007ffe54b83000 	C:\WINDOWS\SYSTEM32\WINMM.dll
0x00007ffe5b360000 - 0x00007ffe5b3cf000 	C:\WINDOWS\System32\WS2_32.dll
0x00007ffe59aa0000 - 0x00007ffe59ab8000 	C:\WINDOWS\SYSTEM32\kernel.appcore.dll
0x00007ffe54c50000 - 0x00007ffe54c5a000 	C:\Java\jdk-17.0.2\bin\jimage.dll
0x00007ffe58430000 - 0x00007ffe58651000 	C:\WINDOWS\SYSTEM32\DBGHELP.DLL
0x00007ffe4ada0000 - 0x00007ffe4add1000 	C:\WINDOWS\SYSTEM32\dbgcore.DLL
0x00007ffe5b180000 - 0x00007ffe5b1ff000 	C:\WINDOWS\System32\bcryptPrimitives.dll
0x00007ffe54c30000 - 0x00007ffe54c3e000 	C:\Java\jdk-17.0.2\bin\instrument.dll
0x00007ffe531f0000 - 0x00007ffe53215000 	C:\Java\jdk-17.0.2\bin\java.dll
0x00007ffe3a840000 - 0x00007ffe3a916000 	C:\Java\jdk-17.0.2\bin\jsvml.dll
0x00007ffe5bcb0000 - 0x00007ffe5c45e000 	C:\WINDOWS\System32\SHELL32.dll
0x00007ffe58a30000 - 0x00007ffe59298000 	C:\WINDOWS\SYSTEM32\windows.storage.dll
0x00007ffe5cad0000 - 0x00007ffe5ce48000 	C:\WINDOWS\System32\combase.dll
0x00007ffe588c0000 - 0x00007ffe58a26000 	C:\WINDOWS\SYSTEM32\wintypes.dll
0x00007ffe5b740000 - 0x00007ffe5b82a000 	C:\WINDOWS\System32\SHCORE.dll
0x00007ffe5c600000 - 0x00007ffe5c65d000 	C:\WINDOWS\System32\shlwapi.dll
0x00007ffe5a820000 - 0x00007ffe5a841000 	C:\WINDOWS\SYSTEM32\profapi.dll
0x00007ffe54b90000 - 0x00007ffe54ba9000 	C:\Java\jdk-17.0.2\bin\net.dll
0x00007ffe55b50000 - 0x00007ffe55c5c000 	C:\WINDOWS\SYSTEM32\WINHTTP.dll
0x00007ffe59ec0000 - 0x00007ffe59f27000 	C:\WINDOWS\system32\mswsock.dll
0x00007ffe54640000 - 0x00007ffe54656000 	C:\Java\jdk-17.0.2\bin\nio.dll
0x00007ffe545e0000 - 0x00007ffe545f8000 	C:\Java\jdk-17.0.2\bin\zip.dll
0x00007ffe54590000 - 0x00007ffe545aa000 	C:\Program Files\JetBrains\IntelliJ IDEA Educational Edition 2021.3.3\bin\breakgen64.dll
0x000001c0c27d0000 - 0x000001c0c27d3000 	C:\Users\Wang Liu\Downloads\openjfx-18_windows-x64_bin-sdk\javafx-sdk-18\bin\api-ms-win-core-console-l1-1-0.dll
0x000001c0c27e0000 - 0x000001c0c27e3000 	C:\Users\Wang Liu\Downloads\openjfx-18_windows-x64_bin-sdk\javafx-sdk-18\bin\api-ms-win-core-console-l1-2-0.dll
0x000001c0c27f0000 - 0x000001c0c27f3000 	C:\Users\Wang Liu\Downloads\openjfx-18_windows-x64_bin-sdk\javafx-sdk-18\bin\api-ms-win-core-datetime-l1-1-0.dll
0x000001c0e7f20000 - 0x000001c0e7f23000 	C:\Users\Wang Liu\Downloads\openjfx-18_windows-x64_bin-sdk\javafx-sdk-18\bin\api-ms-win-core-debug-l1-1-0.dll
0x000001c0e7f30000 - 0x000001c0e7f33000 	C:\Users\Wang Liu\Downloads\openjfx-18_windows-x64_bin-sdk\javafx-sdk-18\bin\api-ms-win-core-errorhandling-l1-1-0.dll
0x000001c0e7f40000 - 0x000001c0e7f44000 	C:\Users\Wang Liu\Downloads\openjfx-18_windows-x64_bin-sdk\javafx-sdk-18\bin\api-ms-win-core-file-l1-1-0.dll
0x000001c0e7f50000 - 0x000001c0e7f53000 	C:\Users\Wang Liu\Downloads\openjfx-18_windows-x64_bin-sdk\javafx-sdk-18\bin\api-ms-win-core-file-l1-2-0.dll

dbghelp: loaded successfully - version: 4.0.5 - missing functions: none
symbol engine: initialized successfully - sym options: 0x614 - pdb path: .;C:\Java\jdk-17.0.2\bin;C:\WINDOWS\SYSTEM32;C:\WINDOWS\WinSxS\amd64_microsoft.windows.common-controls_6595b64144ccf1df_6.0.22000.120_none_9d947278b86cc467;C:\Java\jdk-17.0.2\bin\server;C:\Program Files\JetBrains\IntelliJ IDEA Educational Edition 2021.3.3\bin;C:\Users\Wang Liu\Downloads\openjfx-18_windows-x64_bin-sdk\javafx-sdk-18\bin

VM Arguments:
jvm_args: --module-path=C:\Users\Wang Liu\Downloads\openjfx-18_windows-x64_bin-sdk\javafx-sdk-18\lib --add-modules=javafx.controls,javafx.fxml,javafx.base,javafx.graphics,javafx.swing,javafx.media -javaagent:C:\Program Files\JetBrains\IntelliJ IDEA Educational Edition 2021.3.3\lib\idea_rt.jar=64995:C:\Program Files\JetBrains\IntelliJ IDEA Educational Edition 2021.3.3\bin -Dfile.encoding=UTF-8 
java_command: Sudoku.Render
java_class_path (initial): C:\Users\Wang Liu\IdeaProjects\Solveur-de-Suzoku\out\production\Solveur-de-Suzoku;C:\Users\Wang Liu\Downloads\openjfx-18_windows-x64_bin-sdk\javafx-sdk-18\lib\javafx-swt.jar;C:\Users\Wang Liu\Downloads\openjfx-18_windows-x64_bin-sdk\javafx-sdk-18\lib\javafx.web.jar;C:\Users\Wang Liu\Downloads\openjfx-18_windows-x64_bin-sdk\javafx-sdk-18\lib\javafx.base.jar;C:\Users\Wang Liu\Downloads\openjfx-18_windows-x64_bin-sdk\javafx-sdk-18\lib\javafx.fxml.jar;C:\Users\Wang Liu\Downloads\openjfx-18_windows-x64_bin-sdk\javafx-sdk-18\lib\javafx.media.jar;C:\Users\Wang Liu\Downloads\openjfx-18_windows-x64_bin-sdk\javafx-sdk-18\lib\javafx.swing.jar;C:\Users\Wang Liu\Downloads\openjfx-18_windows-x64_bin-sdk\javafx-sdk-18\lib\javafx.controls.jar;C:\Users\Wang Liu\Downloads\openjfx-18_windows-x64_bin-sdk\javafx-sdk-18\lib\javafx.graphics.jar
Launcher Type: SUN_STANDARD

[Global flags]
     intx CICompilerCount                          = 12                                        {product} {ergonomic}
     uint ConcGCThreads                            = 3                                         {product} {ergonomic}
     uint G1ConcRefinementThreads                  = 13                                        {product} {ergonomic}
   size_t G1HeapRegionSize                         = 2097152                                   {product} {ergonomic}
    uintx GCDrainStackTargetSize                   = 64                                        {product} {ergonomic}
   size_t InitialHeapSize                          = 264241152                                 {product} {ergonomic}
   size_t MarkStackSize                            = 4194304                                   {product} {ergonomic}
   size_t MaxHeapSize                              = 4221566976                                {product} {ergonomic}
   size_t MaxNewSize                               = 2531262464                                {product} {ergonomic}
   size_t MinHeapDeltaBytes                        = 2097152                                   {product} {ergonomic}
   size_t MinHeapSize                              = 8388608                                   {product} {ergonomic}
    uintx NonNMethodCodeHeapSize                   = 7602480                                {pd product} {ergonomic}
    uintx NonProfiledCodeHeapSize                  = 122027880                              {pd product} {ergonomic}
    uintx ProfiledCodeHeapSize                     = 122027880                              {pd product} {ergonomic}
    uintx ReservedCodeCacheSize                    = 251658240                              {pd product} {ergonomic}
     bool SegmentedCodeCache                       = true                                      {product} {ergonomic}
   size_t SoftMaxHeapSize                          = 4221566976                             {manageable} {ergonomic}
     bool UseCompressedClassPointers               = true                           {product lp64_product} {ergonomic}
     bool UseCompressedOops                        = true                           {product lp64_product} {ergonomic}
     bool UseG1GC                                  = true                                      {product} {ergonomic}
     bool UseLargePagesIndividualAllocation        = false                                  {pd product} {ergonomic}

Logging:
Log output configuration:
 #0: stdout all=warning uptime,level,tags
 #1: stderr all=off uptime,level,tags

Environment Variables:
JAVA_HOME=C:\Java\jdk-17.0.2
PATH=%JAVA_HOME%\bin;C:\Program Files\Common Files\Oracle\Java\javapath;C:\oraclexe\app\oracle\product\11.2.0\server\bin;C:\WINDOWS\system32;C:\WINDOWS;C:\WINDOWS\System32\Wbem;C:\WINDOWS\System32\WindowsPowerShell\v1.0\;C:\WINDOWS\System32\OpenSSH\;C:\Program Files\Git\cmd;C:\Users\Wang Liu\AppData\Local\Microsoft\WindowsApps;;C:\Program Files\JetBrains\IntelliJ IDEA Educational Edition 2021.3.3\bin;
USERNAME=Wang Liu
OS=Windows_NT
PROCESSOR_IDENTIFIER=Intel64 Family 6 Model 141 Stepping 1, GenuineIntel



---------------  S Y S T E M  ---------------

OS:
 Windows 11 , 64 bit Build 22000 (10.0.22000.434)
OS uptime: 10 days 1:00 hours
Hyper-V role detected

CPU: total 16 (initial active 16) (8 cores per cpu, 2 threads per core) family 6 model 141 stepping 1 microcode 0x34, cx8, cmov, fxsr, ht, mmx, 3dnowpref, sse, sse2, sse3, ssse3, sse4.1, sse4.2, popcnt, lzcnt, tsc, tscinvbit, avx, avx2, aes, erms, clmul, bmi1, bmi2, adx, avx512f, avx512dq, avx512cd, avx512bw, avx512vl, sha, fma, vzeroupper, avx512_vpopcntdq, avx512_vpclmulqdq, avx512_vaes, avx512_vnni, clflush, clflushopt, clwb, avx512_vbmi2, avx512_vbmi, hv

Memory: 4k page, system-wide physical 16103M (4898M free)
TotalPageFile size 65255M (AvailPageFile size 5M)
current process WorkingSet (physical memory assigned to process): 60M, peak: 60M
current process commit charge ("private bytes"): 368M, peak: 368M

vm_info: Java HotSpot(TM) 64-Bit Server VM (17.0.2+8-LTS-86) for windows-amd64 JRE (17.0.2+8-LTS-86), built on Dec  7 2021 21:51:03 by "mach5one" with MS VC++ 16.8 / 16.9 (VS2019)

END.
