#
# There is insufficient memory for the Java Runtime Environment to continue.
# Native memory allocation (mmap) failed to map 65536 bytes for Failed to commit metaspace.
# Possible reasons:
#   The system is out of physical RAM or swap space
#   The process is running with CompressedOops enabled, and the Java Heap may be blocking the growth of the native heap
# Possible solutions:
#   Reduce memory load on the system
#   Increase physical memory or swap space
#   Check if swap backing store is full
#   Decrease Java heap size (-Xmx/-Xms)
#   Decrease number of Java threads
#   Decrease Java thread stack sizes (-Xss)
#   Set larger code cache with -XX:ReservedCodeCacheSize=
#   JVM is running with Zero Based Compressed Oops mode in which the Java heap is
#     placed in the first 32GB address space. The Java Heap base address is the
#     maximum limit for the native heap growth. Please use -XX:HeapBaseMinAddress
#     to set the Java Heap base and to place the Java Heap above 32GB virtual address.
# This output file may be truncated or incomplete.
#
#  Out of Memory Error (virtualSpaceNode.cpp:110), pid=19488, tid=25524
#
# JRE version: Java(TM) SE Runtime Environment (17.0.2+8) (build 17.0.2+8-LTS-86)
# Java VM: Java HotSpot(TM) 64-Bit Server VM (17.0.2+8-LTS-86, mixed mode, sharing, tiered, compressed oops, compressed class ptrs, g1 gc, windows-amd64)
# No core dump will be written. Minidumps are not enabled by default on client versions of Windows
#

---------------  S U M M A R Y ------------

Command Line: --module-path=C:\Users\Wang Liu\Downloads\openjfx-18_windows-x64_bin-sdk\javafx-sdk-18\lib --add-modules=javafx.controls,javafx.fxml,javafx.base,javafx.graphics,javafx.swing,javafx.media -javaagent:C:\Program Files\JetBrains\IntelliJ IDEA Educational Edition 2021.3.3\lib\idea_rt.jar=64991:C:\Program Files\JetBrains\IntelliJ IDEA Educational Edition 2021.3.3\bin -Dfile.encoding=UTF-8 Sudoku.Render

Host: 11th Gen Intel(R) Core(TM) i7-11800H @ 2.30GHz, 16 cores, 15G,  Windows 11 , 64 bit Build 22000 (10.0.22000.434)
Time: Tue Mar 29 10:21:49 2022 Romance Daylight Time elapsed time: 0.328685 seconds (0d 0h 0m 0s)

---------------  T H R E A D  ---------------

Current thread (0x0000027a71d797e0):  JavaThread "JavaFX Application Thread" [_thread_in_vm, id=25524, stack(0x000000f761400000,0x000000f761500000)]

Stack: [0x000000f761400000,0x000000f761500000]
Native frames: (J=compiled Java code, j=interpreted, Vv=VM code, C=native code)
V  [jvm.dll+0x670baa]
V  [jvm.dll+0x7cfcb4]
V  [jvm.dll+0x7d145e]
V  [jvm.dll+0x7d1ac3]
V  [jvm.dll+0x242bc5]
V  [jvm.dll+0x7cbc5b]
V  [jvm.dll+0x616966]
V  [jvm.dll+0x1be3ee]
V  [jvm.dll+0x6192a1]
V  [jvm.dll+0x617306]
V  [jvm.dll+0x628019]
V  [jvm.dll+0x621324]
V  [jvm.dll+0x37bb61]
C  0x0000027a53dec727

Java frames: (J=compiled Java code, j=interpreted, Vv=VM code)
j  javafx.scene.Node$NodeTransformation.localToParentTransformProperty()Ljavafx/beans/property/ReadOnlyObjectProperty;+0 javafx.graphics@18
j  javafx.scene.Node$NodeTransformation$LocalToSceneTransformProperty.computeTransform(Ljavafx/scene/transform/Transform;)Ljavafx/scene/transform/Transform;+82 javafx.graphics@18
j  javafx.scene.Node$LazyTransformProperty.getInternalValue()Ljavafx/scene/transform/Transform;+41 javafx.graphics@18
j  javafx.scene.Node$LazyTransformProperty.get()Ljavafx/scene/transform/Transform;+2 javafx.graphics@18
j  javafx.scene.Node$LazyTransformProperty.get()Ljava/lang/Object;+1 javafx.graphics@18
j  javafx.beans.binding.ObjectExpression.getValue()Ljava/lang/Object;+1 javafx.base@18
j  com.sun.javafx.binding.ExpressionHelper.addListener(Lcom/sun/javafx/binding/ExpressionHelper;Ljavafx/beans/value/ObservableValue;Ljavafx/beans/InvalidationListener;)Lcom/sun/javafx/binding/ExpressionHelper;+17 javafx.base@18
j  javafx.scene.Node$LazyTransformProperty.addListener(Ljavafx/beans/InvalidationListener;)V+7 javafx.graphics@18
j  javafx.scene.Node$NodeTransformation$LocalToSceneTransformProperty.addListener(Ljavafx/beans/InvalidationListener;)V+38 javafx.graphics@18
j  javafx.scene.Camera.<init>()V+126 javafx.graphics@18
j  javafx.scene.ParallelCamera.<init>()V+1 javafx.graphics@18
j  javafx.scene.Scene.getEffectiveCamera()Ljavafx/scene/Camera;+37 javafx.graphics@18
j  javafx.scene.Scene$4.invalidated()V+61 javafx.graphics@18
j  javafx.beans.property.DoublePropertyBase.markInvalid()V+13 javafx.base@18
j  javafx.beans.property.DoublePropertyBase.set(D)V+73 javafx.base@18
j  javafx.scene.Scene.setWidth(D)V+5 javafx.graphics@18
j  javafx.scene.Scene.init(DD)V+15 javafx.graphics@18
j  javafx.scene.Scene.<init>(Ljavafx/scene/Parent;DDLjavafx/scene/paint/Paint;ZLjavafx/scene/SceneAntialiasing;)V+306 javafx.graphics@18
j  javafx.scene.Scene.<init>(Ljavafx/scene/Parent;DD)V+12 javafx.graphics@18
j  Sudoku.Render.start(Ljavafx/stage/Stage;)V+27
j  com.sun.javafx.application.LauncherImpl.lambda$launchApplication1$9(Ljava/util/concurrent/atomic/AtomicBoolean;Ljavafx/application/Application;)V+20 javafx.graphics@18
j  com.sun.javafx.application.LauncherImpl$$Lambda$108+0x0000000800c3e440.run()V+8 javafx.graphics@18
j  com.sun.javafx.application.PlatformImpl.lambda$runAndWait$12(Ljava/lang/Runnable;Ljava/util/concurrent/CountDownLatch;)V+1 javafx.graphics@18
j  com.sun.javafx.application.PlatformImpl$$Lambda$97+0x0000000800c38610.run()V+8 javafx.graphics@18
j  com.sun.javafx.application.PlatformImpl.lambda$runLater$10(Ljava/lang/Runnable;)Ljava/lang/Void;+1 javafx.graphics@18
j  com.sun.javafx.application.PlatformImpl$$Lambda$99+0x0000000800c39688.run()Ljava/lang/Object;+4 javafx.graphics@18
j  java.security.AccessController.executePrivileged(Ljava/security/PrivilegedAction;Ljava/security/AccessControlContext;Ljava/lang/Class;)Ljava/lang/Object;+29 java.base@17.0.2
j  java.security.AccessController.doPrivileged(Ljava/security/PrivilegedAction;Ljava/security/AccessControlContext;)Ljava/lang/Object;+13 java.base@17.0.2
j  com.sun.javafx.application.PlatformImpl.lambda$runLater$11(Ljava/lang/Runnable;Ljava/security/AccessControlContext;)V+7 javafx.graphics@18
j  com.sun.javafx.application.PlatformImpl$$Lambda$98+0x0000000800c38e08.run()V+8 javafx.graphics@18
j  com.sun.glass.ui.InvokeLaterDispatcher$Future.run()V+4 javafx.graphics@18
v  ~StubRoutines::call_stub
j  com.sun.glass.ui.win.WinApplication._runLoop(Ljava/lang/Runnable;)V+0 javafx.graphics@18
j  com.sun.glass.ui.win.WinApplication.lambda$runLoop$3(ILjava/lang/Runnable;)V+8 javafx.graphics@18
j  com.sun.glass.ui.win.WinApplication$$Lambda$87+0x0000000800c2c430.run()V+12 javafx.graphics@18
j  java.lang.Thread.run()V+11 java.base@17.0.2
v  ~StubRoutines::call_stub

---------------  P R O C E S S  ---------------

Threads class SMR info:
_java_thread_list=0x0000027a71bc6010, length=26, elements={
0x0000027a4c57ffa0, 0x0000027a6fb8ce20, 0x0000027a6fb8d9d0, 0x0000027a6fb9eaa0,
0x0000027a6fba1460, 0x0000027a6fba3e20, 0x0000027a6fba47d0, 0x0000027a6fba6b80,
0x0000027a6fbb0b60, 0x0000027a6fbb4960, 0x0000027a705e18f0, 0x0000027a705e25e0,
0x0000027a706712e0, 0x0000027a706718a0, 0x0000027a706f8c70, 0x0000027a70739de0,
0x0000027a7073c300, 0x0000027a7073c810, 0x0000027a71683250, 0x0000027a707fe660,
0x0000027a71d79310, 0x0000027a71d78970, 0x0000027a71d7a650, 0x0000027a71d797e0,
0x0000027a71d79cb0, 0x0000027a71d7aff0
}

Java Threads: ( => current thread )
  0x0000027a4c57ffa0 JavaThread "main" [_thread_blocked, id=13648, stack(0x000000f75f600000,0x000000f75f700000)]
  0x0000027a6fb8ce20 JavaThread "Reference Handler" daemon [_thread_blocked, id=10844, stack(0x000000f75fd00000,0x000000f75fe00000)]
  0x0000027a6fb8d9d0 JavaThread "Finalizer" daemon [_thread_blocked, id=14036, stack(0x000000f75fe00000,0x000000f75ff00000)]
  0x0000027a6fb9eaa0 JavaThread "Signal Dispatcher" daemon [_thread_blocked, id=6912, stack(0x000000f75ff00000,0x000000f760000000)]
  0x0000027a6fba1460 JavaThread "Attach Listener" daemon [_thread_blocked, id=15028, stack(0x000000f760000000,0x000000f760100000)]
  0x0000027a6fba3e20 JavaThread "Service Thread" daemon [_thread_blocked, id=10336, stack(0x000000f760100000,0x000000f760200000)]
  0x0000027a6fba47d0 JavaThread "Monitor Deflation Thread" daemon [_thread_blocked, id=7864, stack(0x000000f760200000,0x000000f760300000)]
  0x0000027a6fba6b80 JavaThread "C2 CompilerThread0" daemon [_thread_blocked, id=16704, stack(0x000000f760300000,0x000000f760400000)]
  0x0000027a6fbb0b60 JavaThread "C1 CompilerThread0" daemon [_thread_blocked, id=10504, stack(0x000000f760400000,0x000000f760500000)]
  0x0000027a6fbb4960 JavaThread "Sweeper thread" daemon [_thread_blocked, id=21548, stack(0x000000f760500000,0x000000f760600000)]
  0x0000027a705e18f0 JavaThread "Common-Cleaner" daemon [_thread_blocked, id=13696, stack(0x000000f760600000,0x000000f760700000)]
  0x0000027a705e25e0 JavaThread "C1 CompilerThread1" daemon [_thread_blocked, id=12468, stack(0x000000f760700000,0x000000f760800000)]
  0x0000027a706712e0 JavaThread "C1 CompilerThread2" daemon [_thread_blocked, id=26964, stack(0x000000f760800000,0x000000f760900000)]
  0x0000027a706718a0 JavaThread "C1 CompilerThread3" daemon [_thread_blocked, id=14288, stack(0x000000f760900000,0x000000f760a00000)]
  0x0000027a706f8c70 JavaThread "C2 CompilerThread1" daemon [_thread_blocked, id=18836, stack(0x000000f760a00000,0x000000f760b00000)]
  0x0000027a70739de0 JavaThread "C2 CompilerThread2" daemon [_thread_blocked, id=18628, stack(0x000000f760b00000,0x000000f760c00000)]
  0x0000027a7073c300 JavaThread "C2 CompilerThread3" daemon [_thread_blocked, id=12872, stack(0x000000f760c00000,0x000000f760d00000)]
  0x0000027a7073c810 JavaThread "C2 CompilerThread4" daemon [_thread_blocked, id=14396, stack(0x000000f760d00000,0x000000f760e00000)]
  0x0000027a71683250 JavaThread "C2 CompilerThread5" daemon [_thread_blocked, id=15344, stack(0x000000f760e00000,0x000000f760f00000)]
  0x0000027a707fe660 JavaThread "Monitor Ctrl-Break" daemon [_thread_in_native, id=18308, stack(0x000000f760f00000,0x000000f761000000)]
  0x0000027a71d79310 JavaThread "Notification Thread" daemon [_thread_blocked, id=27100, stack(0x000000f761000000,0x000000f761100000)]
  0x0000027a71d78970 JavaThread "QuantumRenderer-0" daemon [_thread_blocked, id=18384, stack(0x000000f761200000,0x000000f761300000)]
  0x0000027a71d7a650 JavaThread "InvokeLaterDispatcher" daemon [_thread_blocked, id=26120, stack(0x000000f761300000,0x000000f761400000)]
=>0x0000027a71d797e0 JavaThread "JavaFX Application Thread" [_thread_in_vm, id=25524, stack(0x000000f761400000,0x000000f761500000)]
  0x0000027a71d79cb0 JavaThread "JavaFX-Launcher" [_thread_blocked, id=16912, stack(0x000000f761600000,0x000000f761700000)]
  0x0000027a71d7aff0 JavaThread "Thread-2" daemon [_thread_in_vm, id=10792, stack(0x000000f761500000,0x000000f761600000)]

Other Threads:
  0x0000027a6fb87380 VMThread "VM Thread" [stack: 0x000000f75fc00000,0x000000f75fd00000] [id=1608]
  0x0000027a71a74b80 WatcherThread [stack: 0x000000f761100000,0x000000f761200000] [id=4140]
  0x0000027a4c5cf090 GCTaskThread "GC Thread#0" [stack: 0x000000f75f700000,0x000000f75f800000] [id=11144]
  0x0000027a71708ef0 GCTaskThread "GC Thread#1" [stack: 0x000000f761700000,0x000000f761800000] [id=5952]
  0x0000027a71709450 GCTaskThread "GC Thread#2" [stack: 0x000000f761800000,0x000000f761900000] [id=13492]
  0x0000027a7170a720 GCTaskThread "GC Thread#3" [stack: 0x000000f761900000,0x000000f761a00000] [id=1928]
  0x0000027a71709700 GCTaskThread "GC Thread#4" [stack: 0x000000f761a00000,0x000000f761b00000] [id=23416]
  0x0000027a717091a0 GCTaskThread "GC Thread#5" [stack: 0x000000f761b00000,0x000000f761c00000] [id=15088]
  0x0000027a4c5e1b80 ConcurrentGCThread "G1 Main Marker" [stack: 0x000000f75f800000,0x000000f75f900000] [id=10804]
  0x0000027a4c5e2590 ConcurrentGCThread "G1 Conc#0" [stack: 0x000000f75f900000,0x000000f75fa00000] [id=18864]
  0x0000027a6fa534e0 ConcurrentGCThread "G1 Refine#0" [stack: 0x000000f75fa00000,0x000000f75fb00000] [id=21340]
  0x0000027a6fa53f00 ConcurrentGCThread "G1 Service" [stack: 0x000000f75fb00000,0x000000f75fc00000] [id=26600]

Threads with active compile tasks:

VM state: not at safepoint (normal execution)

VM Mutex/Monitor currently owned by a thread:  ([mutex/lock_event])
[0x0000027a4c579af0] Metaspace_lock - owner thread: 0x0000027a71d797e0

Heap address: 0x0000000704600000, size: 4026 MB, Compressed Oops mode: Zero based, Oop shift amount: 3

CDS archive(s) mapped at: [0x0000000800000000-0x0000000800bc0000-0x0000000800bc0000), size 12320768, SharedBaseAddress: 0x0000000800000000, ArchiveRelocationMode: 0.
Compressed class space mapped at: 0x0000000800c00000-0x0000000840c00000, reserved size: 1073741824
Narrow klass base: 0x0000000800000000, Narrow klass shift: 0, Narrow klass range: 0x100000000

GC Precious Log:
 CPUs: 16 total, 16 available
 Memory: 16103M
 Large Page Support: Disabled
 NUMA Support: Disabled
 Compressed Oops: Enabled (Zero based)
 Heap Region Size: 2M
 Heap Min Capacity: 8M
 Heap Initial Capacity: 252M
 Heap Max Capacity: 4026M
 Pre-touch: Disabled
 Parallel Workers: 13
 Concurrent Workers: 3
 Concurrent Refinement Workers: 13
 Periodic GC: Disabled

Heap:
 garbage-first heap   total 258048K, used 4442K [0x0000000704600000, 0x0000000800000000)
  region size 2048K, 4 young (8192K), 2 survivors (4096K)
 Metaspace       used 5597K, committed 5760K, reserved 1056768K
  class space    used 733K, committed 832K, reserved 1048576K

Heap Regions: E=young(eden), S=young(survivor), O=old, HS=humongous(starts), HC=humongous(continues), CS=collection set, F=free, OA=open archive, CA=closed archive, TAMS=top-at-mark-start (previous, next)
|   0|0x0000000704600000, 0x0000000704600000, 0x0000000704800000|  0%| F|  |TAMS 0x0000000704600000, 0x0000000704600000| Untracked 
|   1|0x0000000704800000, 0x0000000704800000, 0x0000000704a00000|  0%| F|  |TAMS 0x0000000704800000, 0x0000000704800000| Untracked 
|   2|0x0000000704a00000, 0x0000000704a00000, 0x0000000704c00000|  0%| F|  |TAMS 0x0000000704a00000, 0x0000000704a00000| Untracked 
|   3|0x0000000704c00000, 0x0000000704c00000, 0x0000000704e00000|  0%| F|  |TAMS 0x0000000704c00000, 0x0000000704c00000| Untracked 
|   4|0x0000000704e00000, 0x0000000704e00000, 0x0000000705000000|  0%| F|  |TAMS 0x0000000704e00000, 0x0000000704e00000| Untracked 
|   5|0x0000000705000000, 0x0000000705000000, 0x0000000705200000|  0%| F|  |TAMS 0x0000000705000000, 0x0000000705000000| Untracked 
|   6|0x0000000705200000, 0x0000000705200000, 0x0000000705400000|  0%| F|  |TAMS 0x0000000705200000, 0x0000000705200000| Untracked 
|   7|0x0000000705400000, 0x0000000705400000, 0x0000000705600000|  0%| F|  |TAMS 0x0000000705400000, 0x0000000705400000| Untracked 
|   8|0x0000000705600000, 0x0000000705600000, 0x0000000705800000|  0%| F|  |TAMS 0x0000000705600000, 0x0000000705600000| Untracked 
|   9|0x0000000705800000, 0x0000000705800000, 0x0000000705a00000|  0%| F|  |TAMS 0x0000000705800000, 0x0000000705800000| Untracked 
|  10|0x0000000705a00000, 0x0000000705a00000, 0x0000000705c00000|  0%| F|  |TAMS 0x0000000705a00000, 0x0000000705a00000| Untracked 
|  11|0x0000000705c00000, 0x0000000705c00000, 0x0000000705e00000|  0%| F|  |TAMS 0x0000000705c00000, 0x0000000705c00000| Untracked 
|  12|0x0000000705e00000, 0x0000000705e00000, 0x0000000706000000|  0%| F|  |TAMS 0x0000000705e00000, 0x0000000705e00000| Untracked 
|  13|0x0000000706000000, 0x0000000706000000, 0x0000000706200000|  0%| F|  |TAMS 0x0000000706000000, 0x0000000706000000| Untracked 
|  14|0x0000000706200000, 0x0000000706200000, 0x0000000706400000|  0%| F|  |TAMS 0x0000000706200000, 0x0000000706200000| Untracked 
|  15|0x0000000706400000, 0x0000000706400000, 0x0000000706600000|  0%| F|  |TAMS 0x0000000706400000, 0x0000000706400000| Untracked 
|  16|0x0000000706600000, 0x0000000706600000, 0x0000000706800000|  0%| F|  |TAMS 0x0000000706600000, 0x0000000706600000| Untracked 
|  17|0x0000000706800000, 0x0000000706800000, 0x0000000706a00000|  0%| F|  |TAMS 0x0000000706800000, 0x0000000706800000| Untracked 
|  18|0x0000000706a00000, 0x0000000706a00000, 0x0000000706c00000|  0%| F|  |TAMS 0x0000000706a00000, 0x0000000706a00000| Untracked 
|  19|0x0000000706c00000, 0x0000000706c00000, 0x0000000706e00000|  0%| F|  |TAMS 0x0000000706c00000, 0x0000000706c00000| Untracked 
|  20|0x0000000706e00000, 0x0000000706e00000, 0x0000000707000000|  0%| F|  |TAMS 0x0000000706e00000, 0x0000000706e00000| Untracked 
|  21|0x0000000707000000, 0x0000000707000000, 0x0000000707200000|  0%| F|  |TAMS 0x0000000707000000, 0x0000000707000000| Untracked 
|  22|0x0000000707200000, 0x0000000707200000, 0x0000000707400000|  0%| F|  |TAMS 0x0000000707200000, 0x0000000707200000| Untracked 
|  23|0x0000000707400000, 0x0000000707400000, 0x0000000707600000|  0%| F|  |TAMS 0x0000000707400000, 0x0000000707400000| Untracked 
|  24|0x0000000707600000, 0x0000000707600000, 0x0000000707800000|  0%| F|  |TAMS 0x0000000707600000, 0x0000000707600000| Untracked 
|  25|0x0000000707800000, 0x0000000707800000, 0x0000000707a00000|  0%| F|  |TAMS 0x0000000707800000, 0x0000000707800000| Untracked 
|  26|0x0000000707a00000, 0x0000000707a00000, 0x0000000707c00000|  0%| F|  |TAMS 0x0000000707a00000, 0x0000000707a00000| Untracked 
|  27|0x0000000707c00000, 0x0000000707c00000, 0x0000000707e00000|  0%| F|  |TAMS 0x0000000707c00000, 0x0000000707c00000| Untracked 
|  28|0x0000000707e00000, 0x0000000707e00000, 0x0000000708000000|  0%| F|  |TAMS 0x0000000707e00000, 0x0000000707e00000| Untracked 
|  29|0x0000000708000000, 0x0000000708000000, 0x0000000708200000|  0%| F|  |TAMS 0x0000000708000000, 0x0000000708000000| Untracked 
|  30|0x0000000708200000, 0x0000000708200000, 0x0000000708400000|  0%| F|  |TAMS 0x0000000708200000, 0x0000000708200000| Untracked 
|  31|0x0000000708400000, 0x0000000708400000, 0x0000000708600000|  0%| F|  |TAMS 0x0000000708400000, 0x0000000708400000| Untracked 
|  32|0x0000000708600000, 0x0000000708600000, 0x0000000708800000|  0%| F|  |TAMS 0x0000000708600000, 0x0000000708600000| Untracked 
|  33|0x0000000708800000, 0x0000000708800000, 0x0000000708a00000|  0%| F|  |TAMS 0x0000000708800000, 0x0000000708800000| Untracked 
|  34|0x0000000708a00000, 0x0000000708a00000, 0x0000000708c00000|  0%| F|  |TAMS 0x0000000708a00000, 0x0000000708a00000| Untracked 
|  35|0x0000000708c00000, 0x0000000708c00000, 0x0000000708e00000|  0%| F|  |TAMS 0x0000000708c00000, 0x0000000708c00000| Untracked 
|  36|0x0000000708e00000, 0x0000000708e00000, 0x0000000709000000|  0%| F|  |TAMS 0x0000000708e00000, 0x0000000708e00000| Untracked 
|  37|0x0000000709000000, 0x0000000709000000, 0x0000000709200000|  0%| F|  |TAMS 0x0000000709000000, 0x0000000709000000| Untracked 
|  38|0x0000000709200000, 0x0000000709200000, 0x0000000709400000|  0%| F|  |TAMS 0x0000000709200000, 0x0000000709200000| Untracked 
|  39|0x0000000709400000, 0x0000000709400000, 0x0000000709600000|  0%| F|  |TAMS 0x0000000709400000, 0x0000000709400000| Untracked 
|  40|0x0000000709600000, 0x0000000709600000, 0x0000000709800000|  0%| F|  |TAMS 0x0000000709600000, 0x0000000709600000| Untracked 
|  41|0x0000000709800000, 0x0000000709800000, 0x0000000709a00000|  0%| F|  |TAMS 0x0000000709800000, 0x0000000709800000| Untracked 
|  42|0x0000000709a00000, 0x0000000709a00000, 0x0000000709c00000|  0%| F|  |TAMS 0x0000000709a00000, 0x0000000709a00000| Untracked 
|  43|0x0000000709c00000, 0x0000000709c00000, 0x0000000709e00000|  0%| F|  |TAMS 0x0000000709c00000, 0x0000000709c00000| Untracked 
|  44|0x0000000709e00000, 0x0000000709e00000, 0x000000070a000000|  0%| F|  |TAMS 0x0000000709e00000, 0x0000000709e00000| Untracked 
|  45|0x000000070a000000, 0x000000070a000000, 0x000000070a200000|  0%| F|  |TAMS 0x000000070a000000, 0x000000070a000000| Untracked 
|  46|0x000000070a200000, 0x000000070a200000, 0x000000070a400000|  0%| F|  |TAMS 0x000000070a200000, 0x000000070a200000| Untracked 
|  47|0x000000070a400000, 0x000000070a400000, 0x000000070a600000|  0%| F|  |TAMS 0x000000070a400000, 0x000000070a400000| Untracked 
|  48|0x000000070a600000, 0x000000070a600000, 0x000000070a800000|  0%| F|  |TAMS 0x000000070a600000, 0x000000070a600000| Untracked 
|  49|0x000000070a800000, 0x000000070a800000, 0x000000070aa00000|  0%| F|  |TAMS 0x000000070a800000, 0x000000070a800000| Untracked 
|  50|0x000000070aa00000, 0x000000070aa00000, 0x000000070ac00000|  0%| F|  |TAMS 0x000000070aa00000, 0x000000070aa00000| Untracked 
|  51|0x000000070ac00000, 0x000000070ac00000, 0x000000070ae00000|  0%| F|  |TAMS 0x000000070ac00000, 0x000000070ac00000| Untracked 
|  52|0x000000070ae00000, 0x000000070ae00000, 0x000000070b000000|  0%| F|  |TAMS 0x000000070ae00000, 0x000000070ae00000| Untracked 
|  53|0x000000070b000000, 0x000000070b000000, 0x000000070b200000|  0%| F|  |TAMS 0x000000070b000000, 0x000000070b000000| Untracked 
|  54|0x000000070b200000, 0x000000070b200000, 0x000000070b400000|  0%| F|  |TAMS 0x000000070b200000, 0x000000070b200000| Untracked 
|  55|0x000000070b400000, 0x000000070b400000, 0x000000070b600000|  0%| F|  |TAMS 0x000000070b400000, 0x000000070b400000| Untracked 
|  56|0x000000070b600000, 0x000000070b600000, 0x000000070b800000|  0%| F|  |TAMS 0x000000070b600000, 0x000000070b600000| Untracked 
|  57|0x000000070b800000, 0x000000070b800000, 0x000000070ba00000|  0%| F|  |TAMS 0x000000070b800000, 0x000000070b800000| Untracked 
|  58|0x000000070ba00000, 0x000000070ba00000, 0x000000070bc00000|  0%| F|  |TAMS 0x000000070ba00000, 0x000000070ba00000| Untracked 
|  59|0x000000070bc00000, 0x000000070bc00000, 0x000000070be00000|  0%| F|  |TAMS 0x000000070bc00000, 0x000000070bc00000| Untracked 
|  60|0x000000070be00000, 0x000000070be00000, 0x000000070c000000|  0%| F|  |TAMS 0x000000070be00000, 0x000000070be00000| Untracked 
|  61|0x000000070c000000, 0x000000070c000000, 0x000000070c200000|  0%| F|  |TAMS 0x000000070c000000, 0x000000070c000000| Untracked 
|  62|0x000000070c200000, 0x000000070c200000, 0x000000070c400000|  0%| F|  |TAMS 0x000000070c200000, 0x000000070c200000| Untracked 
|  63|0x000000070c400000, 0x000000070c400000, 0x000000070c600000|  0%| F|  |TAMS 0x000000070c400000, 0x000000070c400000| Untracked 
|  64|0x000000070c600000, 0x000000070c600000, 0x000000070c800000|  0%| F|  |TAMS 0x000000070c600000, 0x000000070c600000| Untracked 
|  65|0x000000070c800000, 0x000000070c800000, 0x000000070ca00000|  0%| F|  |TAMS 0x000000070c800000, 0x000000070c800000| Untracked 
|  66|0x000000070ca00000, 0x000000070ca00000, 0x000000070cc00000|  0%| F|  |TAMS 0x000000070ca00000, 0x000000070ca00000| Untracked 
|  67|0x000000070cc00000, 0x000000070cc00000, 0x000000070ce00000|  0%| F|  |TAMS 0x000000070cc00000, 0x000000070cc00000| Untracked 
|  68|0x000000070ce00000, 0x000000070ce00000, 0x000000070d000000|  0%| F|  |TAMS 0x000000070ce00000, 0x000000070ce00000| Untracked 
|  69|0x000000070d000000, 0x000000070d000000, 0x000000070d200000|  0%| F|  |TAMS 0x000000070d000000, 0x000000070d000000| Untracked 
|  70|0x000000070d200000, 0x000000070d200000, 0x000000070d400000|  0%| F|  |TAMS 0x000000070d200000, 0x000000070d200000| Untracked 
|  71|0x000000070d400000, 0x000000070d400000, 0x000000070d600000|  0%| F|  |TAMS 0x000000070d400000, 0x000000070d400000| Untracked 
|  72|0x000000070d600000, 0x000000070d600000, 0x000000070d800000|  0%| F|  |TAMS 0x000000070d600000, 0x000000070d600000| Untracked 
|  73|0x000000070d800000, 0x000000070d800000, 0x000000070da00000|  0%| F|  |TAMS 0x000000070d800000, 0x000000070d800000| Untracked 
|  74|0x000000070da00000, 0x000000070da00000, 0x000000070dc00000|  0%| F|  |TAMS 0x000000070da00000, 0x000000070da00000| Untracked 
|  75|0x000000070dc00000, 0x000000070dc00000, 0x000000070de00000|  0%| F|  |TAMS 0x000000070dc00000, 0x000000070dc00000| Untracked 
|  76|0x000000070de00000, 0x000000070de00000, 0x000000070e000000|  0%| F|  |TAMS 0x000000070de00000, 0x000000070de00000| Untracked 
|  77|0x000000070e000000, 0x000000070e000000, 0x000000070e200000|  0%| F|  |TAMS 0x000000070e000000, 0x000000070e000000| Untracked 
|  78|0x000000070e200000, 0x000000070e200000, 0x000000070e400000|  0%| F|  |TAMS 0x000000070e200000, 0x000000070e200000| Untracked 
|  79|0x000000070e400000, 0x000000070e400000, 0x000000070e600000|  0%| F|  |TAMS 0x000000070e400000, 0x000000070e400000| Untracked 
|  80|0x000000070e600000, 0x000000070e600000, 0x000000070e800000|  0%| F|  |TAMS 0x000000070e600000, 0x000000070e600000| Untracked 
|  81|0x000000070e800000, 0x000000070e800000, 0x000000070ea00000|  0%| F|  |TAMS 0x000000070e800000, 0x000000070e800000| Untracked 
|  82|0x000000070ea00000, 0x000000070ea00000, 0x000000070ec00000|  0%| F|  |TAMS 0x000000070ea00000, 0x000000070ea00000| Untracked 
|  83|0x000000070ec00000, 0x000000070ec00000, 0x000000070ee00000|  0%| F|  |TAMS 0x000000070ec00000, 0x000000070ec00000| Untracked 
|  84|0x000000070ee00000, 0x000000070ee00000, 0x000000070f000000|  0%| F|  |TAMS 0x000000070ee00000, 0x000000070ee00000| Untracked 
|  85|0x000000070f000000, 0x000000070f000000, 0x000000070f200000|  0%| F|  |TAMS 0x000000070f000000, 0x000000070f000000| Untracked 
|  86|0x000000070f200000, 0x000000070f200000, 0x000000070f400000|  0%| F|  |TAMS 0x000000070f200000, 0x000000070f200000| Untracked 
|  87|0x000000070f400000, 0x000000070f400000, 0x000000070f600000|  0%| F|  |TAMS 0x000000070f400000, 0x000000070f400000| Untracked 
|  88|0x000000070f600000, 0x000000070f600000, 0x000000070f800000|  0%| F|  |TAMS 0x000000070f600000, 0x000000070f600000| Untracked 
|  89|0x000000070f800000, 0x000000070f800000, 0x000000070fa00000|  0%| F|  |TAMS 0x000000070f800000, 0x000000070f800000| Untracked 
|  90|0x000000070fa00000, 0x000000070fa00000, 0x000000070fc00000|  0%| F|  |TAMS 0x000000070fa00000, 0x000000070fa00000| Untracked 
|  91|0x000000070fc00000, 0x000000070fc00000, 0x000000070fe00000|  0%| F|  |TAMS 0x000000070fc00000, 0x000000070fc00000| Untracked 
|  92|0x000000070fe00000, 0x000000070fe00000, 0x0000000710000000|  0%| F|  |TAMS 0x000000070fe00000, 0x000000070fe00000| Untracked 
|  93|0x0000000710000000, 0x0000000710000000, 0x0000000710200000|  0%| F|  |TAMS 0x0000000710000000, 0x0000000710000000| Untracked 
|  94|0x0000000710200000, 0x0000000710200000, 0x0000000710400000|  0%| F|  |TAMS 0x0000000710200000, 0x0000000710200000| Untracked 
|  95|0x0000000710400000, 0x0000000710400000, 0x0000000710600000|  0%| F|  |TAMS 0x0000000710400000, 0x0000000710400000| Untracked 
|  96|0x0000000710600000, 0x0000000710600000, 0x0000000710800000|  0%| F|  |TAMS 0x0000000710600000, 0x0000000710600000| Untracked 
|  97|0x0000000710800000, 0x0000000710800000, 0x0000000710a00000|  0%| F|  |TAMS 0x0000000710800000, 0x0000000710800000| Untracked 
|  98|0x0000000710a00000, 0x0000000710a00000, 0x0000000710c00000|  0%| F|  |TAMS 0x0000000710a00000, 0x0000000710a00000| Untracked 
|  99|0x0000000710c00000, 0x0000000710c00000, 0x0000000710e00000|  0%| F|  |TAMS 0x0000000710c00000, 0x0000000710c00000| Untracked 
| 100|0x0000000710e00000, 0x0000000710e00000, 0x0000000711000000|  0%| F|  |TAMS 0x0000000710e00000, 0x0000000710e00000| Untracked 
| 101|0x0000000711000000, 0x0000000711000000, 0x0000000711200000|  0%| F|  |TAMS 0x0000000711000000, 0x0000000711000000| Untracked 
| 102|0x0000000711200000, 0x0000000711200000, 0x0000000711400000|  0%| F|  |TAMS 0x0000000711200000, 0x0000000711200000| Untracked 
| 103|0x0000000711400000, 0x0000000711400000, 0x0000000711600000|  0%| F|  |TAMS 0x0000000711400000, 0x0000000711400000| Untracked 
| 104|0x0000000711600000, 0x0000000711600000, 0x0000000711800000|  0%| F|  |TAMS 0x0000000711600000, 0x0000000711600000| Untracked 
| 105|0x0000000711800000, 0x0000000711800000, 0x0000000711a00000|  0%| F|  |TAMS 0x0000000711800000, 0x0000000711800000| Untracked 
| 106|0x0000000711a00000, 0x0000000711a00000, 0x0000000711c00000|  0%| F|  |TAMS 0x0000000711a00000, 0x0000000711a00000| Untracked 
| 107|0x0000000711c00000, 0x0000000711c00000, 0x0000000711e00000|  0%| F|  |TAMS 0x0000000711c00000, 0x0000000711c00000| Untracked 
| 108|0x0000000711e00000, 0x0000000711e00000, 0x0000000712000000|  0%| F|  |TAMS 0x0000000711e00000, 0x0000000711e00000| Untracked 
| 109|0x0000000712000000, 0x0000000712000000, 0x0000000712200000|  0%| F|  |TAMS 0x0000000712000000, 0x0000000712000000| Untracked 
| 110|0x0000000712200000, 0x0000000712200000, 0x0000000712400000|  0%| F|  |TAMS 0x0000000712200000, 0x0000000712200000| Untracked 
| 111|0x0000000712400000, 0x0000000712400000, 0x0000000712600000|  0%| F|  |TAMS 0x0000000712400000, 0x0000000712400000| Untracked 
| 112|0x0000000712600000, 0x0000000712600000, 0x0000000712800000|  0%| F|  |TAMS 0x0000000712600000, 0x0000000712600000| Untracked 
| 113|0x0000000712800000, 0x0000000712856a90, 0x0000000712a00000| 16%| S|CS|TAMS 0x0000000712800000, 0x0000000712800000| Complete 
| 114|0x0000000712a00000, 0x0000000712c00000, 0x0000000712c00000|100%| S|CS|TAMS 0x0000000712a00000, 0x0000000712a00000| Complete 
| 115|0x0000000712c00000, 0x0000000712c00000, 0x0000000712e00000|  0%| F|  |TAMS 0x0000000712c00000, 0x0000000712c00000| Untracked 
| 116|0x0000000712e00000, 0x0000000712e00000, 0x0000000713000000|  0%| F|  |TAMS 0x0000000712e00000, 0x0000000712e00000| Untracked 
| 117|0x0000000713000000, 0x0000000713000000, 0x0000000713200000|  0%| F|  |TAMS 0x0000000713000000, 0x0000000713000000| Untracked 
| 118|0x0000000713200000, 0x0000000713200000, 0x0000000713400000|  0%| F|  |TAMS 0x0000000713200000, 0x0000000713200000| Untracked 
| 119|0x0000000713400000, 0x0000000713400000, 0x0000000713600000|  0%| F|  |TAMS 0x0000000713400000, 0x0000000713400000| Untracked 
| 120|0x0000000713600000, 0x0000000713600000, 0x0000000713800000|  0%| F|  |TAMS 0x0000000713600000, 0x0000000713600000| Untracked 
| 121|0x0000000713800000, 0x0000000713800000, 0x0000000713a00000|  0%| F|  |TAMS 0x0000000713800000, 0x0000000713800000| Untracked 
| 122|0x0000000713a00000, 0x0000000713a00000, 0x0000000713c00000|  0%| F|  |TAMS 0x0000000713a00000, 0x0000000713a00000| Untracked 
| 123|0x0000000713c00000, 0x0000000713c00000, 0x0000000713e00000|  0%| F|  |TAMS 0x0000000713c00000, 0x0000000713c00000| Untracked 
| 124|0x0000000713e00000, 0x0000000713efd5d0, 0x0000000714000000| 49%| E|  |TAMS 0x0000000713e00000, 0x0000000713e00000| Complete 
| 125|0x0000000714000000, 0x0000000714200000, 0x0000000714200000|100%| E|CS|TAMS 0x0000000714000000, 0x0000000714000000| Complete 

Card table byte_map: [0x0000027a63e50000,0x0000027a64630000] _byte_map_base: 0x0000027a6062d000

Marking Bits (Prev, Next): (CMBitMap*) 0x0000027a4c5d06b0, (CMBitMap*) 0x0000027a4c5d06f0
 Prev Bits: [0x0000027a64e10000, 0x0000027a68cf8000)
 Next Bits: [0x0000027a68d00000, 0x0000027a6cbe8000)

Polling page: 0x0000027a4a540000

Metaspace:

Usage:
  Non-class:      4.75 MB used.
      Class:    733.07 KB used.
       Both:      5.47 MB used.

Virtual space:
  Non-class space:        8.00 MB reserved,       4.81 MB ( 60%) committed,  1 nodes.
      Class space:        1.00 GB reserved,     832.00 KB ( <1%) committed,  1 nodes.
             Both:        1.01 GB reserved,       5.62 MB ( <1%) committed. 

Chunk freelists:
   Non-Class:  816.00 KB
       Class:  3.14 MB
        Both:  3.94 MB

MaxMetaspaceSize: unlimited
CompressedClassSpaceSize: 1.00 GB
Initial GC threshold: 21.00 MB
Current GC threshold: 21.00 MB
CDS: on
MetaspaceReclaimPolicy: balanced
 - commit_granule_bytes: 65536.
 - commit_granule_words: 8192.
 - virtual_space_node_default_size: 1048576.
 - enlarge_chunks_in_place: 1.
 - new_chunks_are_fully_committed: 0.
 - uncommit_free_chunks: 1.
 - use_allocation_guard: 0.
 - handle_deallocations: 1.


Internal statistics:

num_allocs_failed_limit: 0.
num_arena_births: 90.
num_arena_deaths: 0.
num_vsnodes_births: 2.
num_vsnodes_deaths: 0.
num_space_committed: 90.
num_space_uncommitted: 0.
num_chunks_returned_to_freelist: 0.
num_chunks_taken_from_freelist: 257.
num_chunk_merges: 0.
num_chunk_splits: 181.
num_chunks_enlarged: 143.
num_purges: 0.
num_inconsistent_stats: 0.

CodeHeap 'non-profiled nmethods': size=119168Kb used=337Kb max_used=337Kb free=118830Kb
 bounds [0x0000027a5b980000, 0x0000027a5bbf0000, 0x0000027a62de0000]
CodeHeap 'profiled nmethods': size=119104Kb used=1443Kb max_used=1443Kb free=117660Kb
 bounds [0x0000027a54530000, 0x0000027a547a0000, 0x0000027a5b980000]
CodeHeap 'non-nmethods': size=7488Kb used=2910Kb max_used=2924Kb free=4577Kb
 bounds [0x0000027a53de0000, 0x0000027a540c0000, 0x0000027a54530000]
 total_blobs=1450 nmethods=933 adapters=427
 compilation: enabled
              stopped_count=0, restarted_count=0
 full_count=0

Compilation events (20 events):
Event: 0.309 Thread 0x0000027a706712e0  923       3       java.lang.ref.Reference::enqueueFromPending (19 bytes)
Event: 0.309 Thread 0x0000027a7073c810 nmethod 921 0x0000027a5b9d2010 code [0x0000027a5b9d21a0, 0x0000027a5b9d2338]
Event: 0.309 Thread 0x0000027a705e25e0  925   !   3       java.lang.ref.ReferenceQueue::enqueue (119 bytes)
Event: 0.309 Thread 0x0000027a706712e0 nmethod 923 0x0000027a54696610 code [0x0000027a546967c0, 0x0000027a546969e8]
Event: 0.310 Thread 0x0000027a705e25e0 nmethod 925 0x0000027a54696a90 code [0x0000027a54696c80, 0x0000027a54697388]
Event: 0.312 Thread 0x0000027a706718a0  927       3       java.lang.ref.ReferenceQueue::reallyPoll (65 bytes)
Event: 0.312 Thread 0x0000027a706718a0 nmethod 927 0x0000027a54697590 code [0x0000027a54697760, 0x0000027a54697cb8]
Event: 0.313 Thread 0x0000027a6fbb0b60  928       3       java.lang.invoke.DirectMethodHandle::preparedLambdaForm (31 bytes)
Event: 0.313 Thread 0x0000027a6fbb0b60 nmethod 928 0x0000027a54697d90 code [0x0000027a54697f80, 0x0000027a54698448]
Event: 0.315 Thread 0x0000027a706f8c70  929       4       jdk.internal.org.objectweb.asm.ClassReader::readUnsignedShort (26 bytes)
Event: 0.315 Thread 0x0000027a706f8c70 nmethod 929 0x0000027a5b9d2d10 code [0x0000027a5b9d2e80, 0x0000027a5b9d2f58]
Event: 0.318 Thread 0x0000027a6fba6b80  930       4       java.lang.StringLatin1::newString (24 bytes)
Event: 0.320 Thread 0x0000027a6fba6b80 nmethod 930 0x0000027a5b9d3010 code [0x0000027a5b9d31a0, 0x0000027a5b9d3638]
Event: 0.323 Thread 0x0000027a706f8c70  931       4       java.util.concurrent.locks.AbstractQueuedSynchronizer::compareAndSetState (13 bytes)
Event: 0.323 Thread 0x0000027a706f8c70 nmethod 931 0x0000027a5b9d3810 code [0x0000027a5b9d3980, 0x0000027a5b9d3a18]
Event: 0.327 Thread 0x0000027a706712e0  933       3       java.lang.invoke.MethodHandleNatives::findMethodHandleType (7 bytes)
Event: 0.327 Thread 0x0000027a706712e0 nmethod 933 0x0000027a54698610 code [0x0000027a546987a0, 0x0000027a546988c8]
Event: 0.327 Thread 0x0000027a6fbb0b60  934       3       java.util.concurrent.ConcurrentHashMap$Node::<init> (14 bytes)
Event: 0.327 Thread 0x0000027a6fbb0b60 nmethod 934 0x0000027a54698990 code [0x0000027a54698b40, 0x0000027a54698e38]
Event: 0.327 Thread 0x0000027a706f8c70  935       4       jdk.internal.misc.Unsafe::allocateUninitializedArray (55 bytes)

GC Heap History (2 events):
Event: 0.307 GC heap before
{Heap before GC invocations=0 (full 0):
 garbage-first heap   total 258048K, used 22528K [0x0000000704600000, 0x0000000800000000)
  region size 2048K, 11 young (22528K), 0 survivors (0K)
 Metaspace       used 4918K, committed 5184K, reserved 1056768K
  class space    used 630K, committed 768K, reserved 1048576K
}
Event: 0.309 GC heap after
{Heap after GC invocations=1 (full 0):
 garbage-first heap   total 258048K, used 2394K [0x0000000704600000, 0x0000000800000000)
  region size 2048K, 2 young (4096K), 2 survivors (4096K)
 Metaspace       used 4918K, committed 5184K, reserved 1056768K
  class space    used 630K, committed 768K, reserved 1048576K
}

Deoptimization events (20 events):
Event: 0.099 Thread 0x0000027a4c57ffa0 Uncommon trap: trap_request=0xffffff45 fr.pc=0x0000027a5b98d0f8 relative=0x0000000000000078
Event: 0.099 Thread 0x0000027a4c57ffa0 Uncommon trap: reason=unstable_if action=reinterpret pc=0x0000027a5b98d0f8 method=java.lang.String.isLatin1()Z @ 10 c2
Event: 0.099 Thread 0x0000027a4c57ffa0 DEOPT PACKING pc=0x0000027a5b98d0f8 sp=0x000000f75f6fee40
Event: 0.099 Thread 0x0000027a4c57ffa0 DEOPT UNPACKING pc=0x0000027a53e35c23 sp=0x000000f75f6fed80 mode 2
Event: 0.210 Thread 0x0000027a4c57ffa0 Uncommon trap: trap_request=0xffffffde fr.pc=0x0000027a5b99cdec relative=0x0000000000000d6c
Event: 0.210 Thread 0x0000027a4c57ffa0 Uncommon trap: reason=class_check action=maybe_recompile pc=0x0000027a5b99cdec method=java.util.HashMap.putVal(ILjava/lang/Object;Ljava/lang/Object;ZZ)Ljava/lang/Object; @ 152 c2
Event: 0.210 Thread 0x0000027a4c57ffa0 DEOPT PACKING pc=0x0000027a5b99cdec sp=0x000000f75f6fcf00
Event: 0.210 Thread 0x0000027a4c57ffa0 DEOPT UNPACKING pc=0x0000027a53e35c23 sp=0x000000f75f6fce90 mode 2
Event: 0.210 Thread 0x0000027a4c57ffa0 Uncommon trap: trap_request=0xffffffde fr.pc=0x0000027a5b99cdec relative=0x0000000000000d6c
Event: 0.210 Thread 0x0000027a4c57ffa0 Uncommon trap: reason=class_check action=maybe_recompile pc=0x0000027a5b99cdec method=java.util.HashMap.putVal(ILjava/lang/Object;Ljava/lang/Object;ZZ)Ljava/lang/Object; @ 152 c2
Event: 0.210 Thread 0x0000027a4c57ffa0 DEOPT PACKING pc=0x0000027a5b99cdec sp=0x000000f75f6fcf00
Event: 0.210 Thread 0x0000027a4c57ffa0 DEOPT UNPACKING pc=0x0000027a53e35c23 sp=0x000000f75f6fce90 mode 2
Event: 0.210 Thread 0x0000027a4c57ffa0 Uncommon trap: trap_request=0xffffffde fr.pc=0x0000027a5b99cdec relative=0x0000000000000d6c
Event: 0.210 Thread 0x0000027a4c57ffa0 Uncommon trap: reason=class_check action=maybe_recompile pc=0x0000027a5b99cdec method=java.util.HashMap.putVal(ILjava/lang/Object;Ljava/lang/Object;ZZ)Ljava/lang/Object; @ 152 c2
Event: 0.210 Thread 0x0000027a4c57ffa0 DEOPT PACKING pc=0x0000027a5b99cdec sp=0x000000f75f6fcf00
Event: 0.210 Thread 0x0000027a4c57ffa0 DEOPT UNPACKING pc=0x0000027a53e35c23 sp=0x000000f75f6fce90 mode 2
Event: 0.210 Thread 0x0000027a4c57ffa0 Uncommon trap: trap_request=0xffffffde fr.pc=0x0000027a5b99cdec relative=0x0000000000000d6c
Event: 0.210 Thread 0x0000027a4c57ffa0 Uncommon trap: reason=class_check action=maybe_recompile pc=0x0000027a5b99cdec method=java.util.HashMap.putVal(ILjava/lang/Object;Ljava/lang/Object;ZZ)Ljava/lang/Object; @ 152 c2
Event: 0.210 Thread 0x0000027a4c57ffa0 DEOPT PACKING pc=0x0000027a5b99cdec sp=0x000000f75f6fcf00
Event: 0.210 Thread 0x0000027a4c57ffa0 DEOPT UNPACKING pc=0x0000027a53e35c23 sp=0x000000f75f6fce90 mode 2

Classes unloaded (0 events):
No events

Classes redefined (0 events):
No events

Internal exceptions (16 events):
Event: 0.039 Thread 0x0000027a4c57ffa0 Exception <a 'sun/nio/fs/WindowsException'{0x0000000714124b80}> (0x0000000714124b80) 
thrown [t:\workspace\open\src\hotspot\share\prims\jni.cpp, line 516]
Event: 0.039 Thread 0x0000027a4c57ffa0 Exception <a 'sun/nio/fs/WindowsException'{0x00000007141250e0}> (0x00000007141250e0) 
thrown [t:\workspace\open\src\hotspot\share\prims\jni.cpp, line 516]
Event: 0.102 Thread 0x0000027a707fe660 Exception <a 'java/lang/NoSuchMethodError'{0x00000007138e46c8}: 'java.lang.Object java.lang.invoke.DirectMethodHandle$Holder.invokeStaticInit(java.lang.Object)'> (0x00000007138e46c8) 
thrown [t:\workspace\open\src\hotspot\share\interpreter\linkResolver.cpp, line 766]
Event: 0.106 Thread 0x0000027a707fe660 Exception <a 'java/lang/NoSuchMethodError'{0x00000007138f1a28}: 'void java.lang.invoke.DirectMethodHandle$Holder.invokeStatic(java.lang.Object, java.lang.Object)'> (0x00000007138f1a28) 
thrown [t:\workspace\open\src\hotspot\share\interpreter\linkResolver.cpp, line 766]
Event: 0.107 Thread 0x0000027a4c57ffa0 Exception <a 'java/lang/NoSuchMethodError'{0x00000007138b0680}: 'void java.lang.invoke.DirectMethodHandle$Holder.invokeStatic(java.lang.Object, java.lang.Object)'> (0x00000007138b0680) 
thrown [t:\workspace\open\src\hotspot\share\interpreter\linkResolver.cpp, line 766]
Event: 0.175 Thread 0x0000027a4c57ffa0 Exception <a 'java/lang/NoSuchMethodError'{0x000000071348d1d8}: 'void java.lang.invoke.DirectMethodHandle$Holder.invokeSpecial(java.lang.Object, java.lang.Object, java.lang.Object)'> (0x000000071348d1d8) 
thrown [t:\workspace\open\src\hotspot\share\interpreter\linkResolver.cpp, line 766]
Event: 0.181 Thread 0x0000027a4c57ffa0 Exception <a 'java/lang/NoSuchMethodError'{0x00000007134c3958}: 'void java.lang.invoke.DirectMethodHandle$Holder.invokeStatic(java.lang.Object, java.lang.Object, java.lang.Object)'> (0x00000007134c3958) 
thrown [t:\workspace\open\src\hotspot\share\interpreter\linkResolver.cpp, line 766]
Event: 0.203 Thread 0x0000027a4c57ffa0 Exception <a 'java/lang/NoSuchMethodError'{0x00000007134e0498}: 'int java.lang.invoke.DirectMethodHandle$Holder.invokeStaticInit(java.lang.Object, java.lang.Object, java.lang.Object)'> (0x00000007134e0498) 
thrown [t:\workspace\open\src\hotspot\share\interpreter\linkResolver.cpp, line 766]
Event: 0.215 Thread 0x0000027a4c57ffa0 Exception <a 'java/lang/NoSuchMethodError'{0x0000000713204a28}: 'java.lang.Object java.lang.invoke.DirectMethodHandle$Holder.newInvokeSpecial(java.lang.Object, java.lang.Object, int, java.lang.Object)'> (0x0000000713204a28) 
thrown [t:\workspace\open\src\hotspot\share\interpreter\linkResolver.cpp, line 766]
Event: 0.215 Thread 0x0000027a4c57ffa0 Exception <a 'java/lang/NoSuchMethodError'{0x0000000713208e08}: 'java.lang.Object java.lang.invoke.DirectMethodHandle$Holder.invokeSpecial(java.lang.Object, java.lang.Object, java.lang.Object, int, java.lang.Object)'> (0x0000000713208e08) 
thrown [t:\workspace\open\src\hotspot\share\interpreter\linkResolver.cpp, line 766]
Event: 0.250 Thread 0x0000027a71d797e0 Exception <a 'java/lang/NoSuchMethodError'{0x0000000713383080}: 'void java.lang.invoke.DirectMethodHandle$Holder.invokeStaticInit(java.lang.Object)'> (0x0000000713383080) 
thrown [t:\workspace\open\src\hotspot\share\interpreter\linkResolver.cpp, line 766]
Event: 0.252 Thread 0x0000027a4c57ffa0 Exception <a 'java/lang/NoSuchMethodError'{0x000000071321ded0}: 'java.lang.Object java.lang.invoke.DirectMethodHandle$Holder.newInvokeSpecial(java.lang.Object, java.lang.Object, java.lang.Object, java.lang.Object, java.lang.Object, java.lang.Object)'> (0x000000071321ded0) 
thrown [t:\workspace\open\src\hotspot\share\interpreter\linkResolver.cpp, line 766]
Event: 0.259 Thread 0x0000027a4c57ffa0 Exception <a 'java/lang/NoSuchMethodError'{0x0000000713254320}: 'java.lang.Object java.lang.invoke.DirectMethodHandle$Holder.newInvokeSpecial(java.lang.Object, java.lang.Object, java.lang.Object, java.lang.Object, java.lang.Object)'> (0x0000000713254320) 
thrown [t:\workspace\open\src\hotspot\share\interpreter\linkResolver.cpp, line 766]
Event: 0.260 Thread 0x0000027a71d79cb0 Exception <a 'java/lang/NoSuchMethodError'{0x00000007130768e0}: 'void java.lang.invoke.DirectMethodHandle$Holder.invokeStatic(java.lang.Object, java.lang.Object, java.lang.Object, java.lang.Object)'> (0x00000007130768e0) 
thrown [t:\workspace\open\src\hotspot\share\interpreter\linkResolver.cpp, line 766]
Event: 0.281 Thread 0x0000027a71d797e0 Exception <a 'java/lang/NoSuchMethodError'{0x0000000712f98188}: 'java.lang.Object java.lang.invoke.DirectMethodHandle$Holder.invokeStaticInit(java.lang.Object, java.lang.Object, java.lang.Object, java.lang.Object)'> (0x0000000712f98188) 
thrown [t:\workspace\open\src\hotspot\share\interpreter\linkResolver.cpp, line 766]
Event: 0.281 Thread 0x0000027a71d797e0 Exception <a 'java/lang/NullPointerException'{0x0000000712fa3da0}> (0x0000000712fa3da0) 
thrown [t:\workspace\open\src\hotspot\share\interpreter\linkResolver.cpp, line 1357]

VM Operations (12 events):
Event: 0.042 Executing VM operation: HandshakeAllThreads
Event: 0.042 Executing VM operation: HandshakeAllThreads done
Event: 0.076 Executing VM operation: HandshakeAllThreads
Event: 0.076 Executing VM operation: HandshakeAllThreads done
Event: 0.100 Executing VM operation: HandshakeAllThreads
Event: 0.100 Executing VM operation: HandshakeAllThreads done
Event: 0.210 Executing VM operation: HandshakeAllThreads
Event: 0.210 Executing VM operation: HandshakeAllThreads done
Event: 0.306 Executing VM operation: ICBufferFull
Event: 0.306 Executing VM operation: ICBufferFull done
Event: 0.307 Executing VM operation: G1CollectForAllocation
Event: 0.309 Executing VM operation: G1CollectForAllocation done

Events (20 events):
Event: 0.301 Loaded shared library C:\Java\jdk-17.0.2\bin\jimage.dll
Event: 0.306 loading class sun/util/logging/internal/LoggingProviderImpl$JULWrapper
Event: 0.306 loading class sun/util/logging/PlatformLogger$ConfigurableBridge$LoggerConfiguration
Event: 0.306 loading class sun/util/logging/PlatformLogger$ConfigurableBridge$LoggerConfiguration done
Event: 0.306 loading class sun/util/logging/internal/LoggingProviderImpl$JULWrapper done
Event: 0.311 loading class java/io/FilenameFilter
Event: 0.311 loading class java/io/FilenameFilter done
Event: 0.312 Loaded shared library C:\Users\Wang Liu\Downloads\openjfx-18_windows-x64_bin-sdk\javafx-sdk-18\bin\javafx_font.dll
Event: 0.320 loading class java/net/URISyntaxException
Event: 0.320 loading class java/net/URISyntaxException done
Event: 0.320 loading class java/nio/charset/IllegalCharsetNameException
Event: 0.320 loading class java/nio/charset/IllegalCharsetNameException done
Event: 0.320 loading class java/nio/charset/UnsupportedCharsetException
Event: 0.320 loading class java/nio/charset/UnsupportedCharsetException done
Event: 0.320 loading class java/io/FileNotFoundException
Event: 0.320 loading class java/io/FileNotFoundException done
Event: 0.320 loading class java/security/AccessControlException
Event: 0.320 loading class java/security/AccessControlException done
Event: 0.321 loading class java/security/PrivilegedActionException
Event: 0.321 loading class java/security/PrivilegedActionException done


Dynamic libraries:
0x00007ff743c20000 - 0x00007ff743c30000 	C:\Java\jdk-17.0.2\bin\java.exe
0x00007ffe5d400000 - 0x00007ffe5d609000 	C:\WINDOWS\SYSTEM32\ntdll.dll
0x00007ffe5b2a0000 - 0x00007ffe5b35d000 	C:\WINDOWS\System32\KERNEL32.DLL
0x00007ffe5aa80000 - 0x00007ffe5adf4000 	C:\WINDOWS\System32\KERNELBASE.dll
0x00007ffe5a8f0000 - 0x00007ffe5aa01000 	C:\WINDOWS\System32\ucrtbase.dll
0x00007ffe54cc0000 - 0x00007ffe54cd8000 	C:\Java\jdk-17.0.2\bin\jli.dll
0x00007ffe54c80000 - 0x00007ffe54c9a000 	C:\Java\jdk-17.0.2\bin\VCRUNTIME140.dll
0x00007ffe5b3d0000 - 0x00007ffe5b47e000 	C:\WINDOWS\System32\ADVAPI32.dll
0x00007ffe5b850000 - 0x00007ffe5b8f3000 	C:\WINDOWS\System32\msvcrt.dll
0x00007ffe5b6a0000 - 0x00007ffe5b73e000 	C:\WINDOWS\System32\sechost.dll
0x00007ffe5c4d0000 - 0x00007ffe5c5f0000 	C:\WINDOWS\System32\RPCRT4.dll
0x00007ffe5c870000 - 0x00007ffe5ca1c000 	C:\WINDOWS\System32\USER32.dll
0x00007ffe5b150000 - 0x00007ffe5b176000 	C:\WINDOWS\System32\win32u.dll
0x00007ffe3d540000 - 0x00007ffe3d7e5000 	C:\WINDOWS\WinSxS\amd64_microsoft.windows.common-controls_6595b64144ccf1df_6.0.22000.120_none_9d947278b86cc467\COMCTL32.dll
0x00007ffe5d390000 - 0x00007ffe5d3b9000 	C:\WINDOWS\System32\GDI32.dll
0x00007ffe5af70000 - 0x00007ffe5b082000 	C:\WINDOWS\System32\gdi32full.dll
0x00007ffe5b200000 - 0x00007ffe5b29d000 	C:\WINDOWS\System32\msvcp_win.dll
0x00007ffe54570000 - 0x00007ffe5457a000 	C:\WINDOWS\SYSTEM32\VERSION.dll
0x00007ffe5d350000 - 0x00007ffe5d381000 	C:\WINDOWS\System32\IMM32.DLL
0x00007ffe54eb0000 - 0x00007ffe54ebc000 	C:\Java\jdk-17.0.2\bin\vcruntime140_1.dll
0x00007ffe43b80000 - 0x00007ffe43c0d000 	C:\Java\jdk-17.0.2\bin\msvcp140.dll
0x00007ffe12c90000 - 0x00007ffe13851000 	C:\Java\jdk-17.0.2\bin\server\jvm.dll
0x00007ffe5c5f0000 - 0x00007ffe5c5f8000 	C:\WINDOWS\System32\PSAPI.DLL
0x00007ffe3e780000 - 0x00007ffe3e789000 	C:\WINDOWS\SYSTEM32\WSOCK32.dll
0x00007ffe54b50000 - 0x00007ffe54b83000 	C:\WINDOWS\SYSTEM32\WINMM.dll
0x00007ffe5b360000 - 0x00007ffe5b3cf000 	C:\WINDOWS\System32\WS2_32.dll
0x00007ffe59aa0000 - 0x00007ffe59ab8000 	C:\WINDOWS\SYSTEM32\kernel.appcore.dll
0x00007ffe54c50000 - 0x00007ffe54c5a000 	C:\Java\jdk-17.0.2\bin\jimage.dll
0x00007ffe58430000 - 0x00007ffe58651000 	C:\WINDOWS\SYSTEM32\DBGHELP.DLL
0x00007ffe4ada0000 - 0x00007ffe4add1000 	C:\WINDOWS\SYSTEM32\dbgcore.DLL
0x00007ffe5b180000 - 0x00007ffe5b1ff000 	C:\WINDOWS\System32\bcryptPrimitives.dll
0x00007ffe54610000 - 0x00007ffe5461e000 	C:\Java\jdk-17.0.2\bin\instrument.dll
0x00007ffe531f0000 - 0x00007ffe53215000 	C:\Java\jdk-17.0.2\bin\java.dll
0x00007ffe3a840000 - 0x00007ffe3a916000 	C:\Java\jdk-17.0.2\bin\jsvml.dll
0x00007ffe5bcb0000 - 0x00007ffe5c45e000 	C:\WINDOWS\System32\SHELL32.dll
0x00007ffe58a30000 - 0x00007ffe59298000 	C:\WINDOWS\SYSTEM32\windows.storage.dll
0x00007ffe5cad0000 - 0x00007ffe5ce48000 	C:\WINDOWS\System32\combase.dll
0x00007ffe588c0000 - 0x00007ffe58a26000 	C:\WINDOWS\SYSTEM32\wintypes.dll
0x00007ffe5b740000 - 0x00007ffe5b82a000 	C:\WINDOWS\System32\SHCORE.dll
0x00007ffe5c600000 - 0x00007ffe5c65d000 	C:\WINDOWS\System32\shlwapi.dll
0x00007ffe5a820000 - 0x00007ffe5a841000 	C:\WINDOWS\SYSTEM32\profapi.dll
0x00007ffe54c20000 - 0x00007ffe54c39000 	C:\Java\jdk-17.0.2\bin\net.dll
0x00007ffe55b50000 - 0x00007ffe55c5c000 	C:\WINDOWS\SYSTEM32\WINHTTP.dll
0x00007ffe59ec0000 - 0x00007ffe59f27000 	C:\WINDOWS\system32\mswsock.dll
0x00007ffe54b90000 - 0x00007ffe54ba6000 	C:\Java\jdk-17.0.2\bin\nio.dll
0x00007ffe54640000 - 0x00007ffe54658000 	C:\Java\jdk-17.0.2\bin\zip.dll
0x00007ffe54590000 - 0x00007ffe545aa000 	C:\Program Files\JetBrains\IntelliJ IDEA Educational Edition 2021.3.3\bin\breakgen64.dll
0x0000027a6fbd0000 - 0x0000027a6fbd3000 	C:\Users\Wang Liu\Downloads\openjfx-18_windows-x64_bin-sdk\javafx-sdk-18\bin\api-ms-win-core-console-l1-1-0.dll
0x0000027a6fbe0000 - 0x0000027a6fbe3000 	C:\Users\Wang Liu\Downloads\openjfx-18_windows-x64_bin-sdk\javafx-sdk-18\bin\api-ms-win-core-console-l1-2-0.dll
0x0000027a6fbf0000 - 0x0000027a6fbf3000 	C:\Users\Wang Liu\Downloads\openjfx-18_windows-x64_bin-sdk\javafx-sdk-18\bin\api-ms-win-core-datetime-l1-1-0.dll
0x0000027a730a0000 - 0x0000027a730a3000 	C:\Users\Wang Liu\Downloads\openjfx-18_windows-x64_bin-sdk\javafx-sdk-18\bin\api-ms-win-core-debug-l1-1-0.dll
0x0000027a731c0000 - 0x0000027a731c3000 	C:\Users\Wang Liu\Downloads\openjfx-18_windows-x64_bin-sdk\javafx-sdk-18\bin\api-ms-win-core-errorhandling-l1-1-0.dll
0x0000027a730b0000 - 0x0000027a730b4000 	C:\Users\Wang Liu\Downloads\openjfx-18_windows-x64_bin-sdk\javafx-sdk-18\bin\api-ms-win-core-file-l1-1-0.dll
0x0000027a730c0000 - 0x0000027a730c3000 	C:\Users\Wang Liu\Downloads\openjfx-18_windows-x64_bin-sdk\javafx-sdk-18\bin\api-ms-win-core-file-l1-2-0.dll
0x0000027a730d0000 - 0x0000027a730d3000 	C:\Users\Wang Liu\Downloads\openjfx-18_windows-x64_bin-sdk\javafx-sdk-18\bin\api-ms-win-core-file-l2-1-0.dll
0x0000027a730e0000 - 0x0000027a730e3000 	C:\Users\Wang Liu\Downloads\openjfx-18_windows-x64_bin-sdk\javafx-sdk-18\bin\api-ms-win-core-handle-l1-1-0.dll
0x0000027a730f0000 - 0x0000027a730f3000 	C:\Users\Wang Liu\Downloads\openjfx-18_windows-x64_bin-sdk\javafx-sdk-18\bin\api-ms-win-core-heap-l1-1-0.dll
0x0000027a73100000 - 0x0000027a73103000 	C:\Users\Wang Liu\Downloads\openjfx-18_windows-x64_bin-sdk\javafx-sdk-18\bin\api-ms-win-core-interlocked-l1-1-0.dll
0x0000027a73110000 - 0x0000027a73113000 	C:\Users\Wang Liu\Downloads\openjfx-18_windows-x64_bin-sdk\javafx-sdk-18\bin\api-ms-win-core-libraryloader-l1-1-0.dll
0x0000027a73120000 - 0x0000027a73123000 	C:\Users\Wang Liu\Downloads\openjfx-18_windows-x64_bin-sdk\javafx-sdk-18\bin\api-ms-win-core-localization-l1-2-0.dll
0x0000027a73130000 - 0x0000027a73133000 	C:\Users\Wang Liu\Downloads\openjfx-18_windows-x64_bin-sdk\javafx-sdk-18\bin\api-ms-win-core-memory-l1-1-0.dll
0x0000027a73140000 - 0x0000027a73143000 	C:\Users\Wang Liu\Downloads\openjfx-18_windows-x64_bin-sdk\javafx-sdk-18\bin\api-ms-win-core-namedpipe-l1-1-0.dll
0x0000027a73150000 - 0x0000027a73153000 	C:\Users\Wang Liu\Downloads\openjfx-18_windows-x64_bin-sdk\javafx-sdk-18\bin\api-ms-win-core-processenvironment-l1-1-0.dll
0x0000027a73160000 - 0x0000027a73163000 	C:\Users\Wang Liu\Downloads\openjfx-18_windows-x64_bin-sdk\javafx-sdk-18\bin\api-ms-win-core-processthreads-l1-1-0.dll
0x0000027a73170000 - 0x0000027a73173000 	C:\Users\Wang Liu\Downloads\openjfx-18_windows-x64_bin-sdk\javafx-sdk-18\bin\api-ms-win-core-processthreads-l1-1-1.dll
0x0000027a73180000 - 0x0000027a73183000 	C:\Users\Wang Liu\Downloads\openjfx-18_windows-x64_bin-sdk\javafx-sdk-18\bin\api-ms-win-core-profile-l1-1-0.dll
0x0000027a73190000 - 0x0000027a73193000 	C:\Users\Wang Liu\Downloads\openjfx-18_windows-x64_bin-sdk\javafx-sdk-18\bin\api-ms-win-core-rtlsupport-l1-1-0.dll
0x0000027a731a0000 - 0x0000027a731a3000 	C:\Users\Wang Liu\Downloads\openjfx-18_windows-x64_bin-sdk\javafx-sdk-18\bin\api-ms-win-core-string-l1-1-0.dll
0x0000027a731b0000 - 0x0000027a731b3000 	C:\Users\Wang Liu\Downloads\openjfx-18_windows-x64_bin-sdk\javafx-sdk-18\bin\api-ms-win-core-synch-l1-1-0.dll
0x0000027a731d0000 - 0x0000027a731d3000 	C:\Users\Wang Liu\Downloads\openjfx-18_windows-x64_bin-sdk\javafx-sdk-18\bin\api-ms-win-core-synch-l1-2-0.dll
0x0000027a731e0000 - 0x0000027a731e3000 	C:\Users\Wang Liu\Downloads\openjfx-18_windows-x64_bin-sdk\javafx-sdk-18\bin\api-ms-win-core-sysinfo-l1-1-0.dll
0x0000027a731f0000 - 0x0000027a731f3000 	C:\Users\Wang Liu\Downloads\openjfx-18_windows-x64_bin-sdk\javafx-sdk-18\bin\api-ms-win-core-timezone-l1-1-0.dll
0x0000027a73200000 - 0x0000027a73203000 	C:\Users\Wang Liu\Downloads\openjfx-18_windows-x64_bin-sdk\javafx-sdk-18\bin\api-ms-win-core-util-l1-1-0.dll
0x0000027a73210000 - 0x0000027a73213000 	C:\Users\Wang Liu\Downloads\openjfx-18_windows-x64_bin-sdk\javafx-sdk-18\bin\api-ms-win-crt-conio-l1-1-0.dll
0x0000027a73220000 - 0x0000027a73224000 	C:\Users\Wang Liu\Downloads\openjfx-18_windows-x64_bin-sdk\javafx-sdk-18\bin\api-ms-win-crt-convert-l1-1-0.dll
0x0000027a73230000 - 0x0000027a73233000 	C:\Users\Wang Liu\Downloads\openjfx-18_windows-x64_bin-sdk\javafx-sdk-18\bin\api-ms-win-crt-environment-l1-1-0.dll
0x0000027a73240000 - 0x0000027a73243000 	C:\Users\Wang Liu\Downloads\openjfx-18_windows-x64_bin-sdk\javafx-sdk-18\bin\api-ms-win-crt-filesystem-l1-1-0.dll
0x0000027a73250000 - 0x0000027a73253000 	C:\Users\Wang Liu\Downloads\openjfx-18_windows-x64_bin-sdk\javafx-sdk-18\bin\api-ms-win-crt-heap-l1-1-0.dll
0x0000027a73260000 - 0x0000027a73263000 	C:\Users\Wang Liu\Downloads\openjfx-18_windows-x64_bin-sdk\javafx-sdk-18\bin\api-ms-win-crt-locale-l1-1-0.dll
0x0000027a73270000 - 0x0000027a73275000 	C:\Users\Wang Liu\Downloads\openjfx-18_windows-x64_bin-sdk\javafx-sdk-18\bin\api-ms-win-crt-math-l1-1-0.dll
0x0000027a73280000 - 0x0000027a73285000 	C:\Users\Wang Liu\Downloads\openjfx-18_windows-x64_bin-sdk\javafx-sdk-18\bin\api-ms-win-crt-multibyte-l1-1-0.dll
0x0000027a73290000 - 0x0000027a732a0000 	C:\Users\Wang Liu\Downloads\openjfx-18_windows-x64_bin-sdk\javafx-sdk-18\bin\api-ms-win-crt-private-l1-1-0.dll
0x0000027a732a0000 - 0x0000027a732a3000 	C:\Users\Wang Liu\Downloads\openjfx-18_windows-x64_bin-sdk\javafx-sdk-18\bin\api-ms-win-crt-process-l1-1-0.dll
0x0000027a735e0000 - 0x0000027a735e4000 	C:\Users\Wang Liu\Downloads\openjfx-18_windows-x64_bin-sdk\javafx-sdk-18\bin\api-ms-win-crt-runtime-l1-1-0.dll
0x0000027a735f0000 - 0x0000027a735f4000 	C:\Users\Wang Liu\Downloads\openjfx-18_windows-x64_bin-sdk\javafx-sdk-18\bin\api-ms-win-crt-stdio-l1-1-0.dll
0x0000027a73600000 - 0x0000027a73604000 	C:\Users\Wang Liu\Downloads\openjfx-18_windows-x64_bin-sdk\javafx-sdk-18\bin\api-ms-win-crt-string-l1-1-0.dll
0x0000027a73610000 - 0x0000027a73613000 	C:\Users\Wang Liu\Downloads\openjfx-18_windows-x64_bin-sdk\javafx-sdk-18\bin\api-ms-win-crt-time-l1-1-0.dll
0x0000027a73620000 - 0x0000027a73623000 	C:\Users\Wang Liu\Downloads\openjfx-18_windows-x64_bin-sdk\javafx-sdk-18\bin\api-ms-win-crt-utility-l1-1-0.dll
0x00007ffe31720000 - 0x00007ffe3181c000 	C:\Users\Wang Liu\Downloads\openjfx-18_windows-x64_bin-sdk\javafx-sdk-18\bin\ucrtbase.dll
0x00007ffe531d0000 - 0x00007ffe531ea000 	C:\Users\Wang Liu\Downloads\openjfx-18_windows-x64_bin-sdk\javafx-sdk-18\bin\vcruntime140.dll
0x00007ffe54550000 - 0x00007ffe5455c000 	C:\Users\Wang Liu\Downloads\openjfx-18_windows-x64_bin-sdk\javafx-sdk-18\bin\vcruntime140_1.dll
0x00007ffe3a7b0000 - 0x00007ffe3a83d000 	C:\Users\Wang Liu\Downloads\openjfx-18_windows-x64_bin-sdk\javafx-sdk-18\bin\msvcp140.dll
0x00007ffe4af20000 - 0x00007ffe4af4c000 	C:\Users\Wang Liu\Downloads\openjfx-18_windows-x64_bin-sdk\javafx-sdk-18\bin\prism_d3d.dll
0x00007ffe37ce0000 - 0x00007ffe37e86000 	C:\WINDOWS\system32\d3d9.dll
0x00007ffe57be0000 - 0x00007ffe57c0f000 	C:\WINDOWS\SYSTEM32\dwmapi.dll
0x00007ffe57d20000 - 0x00007ffe57d58000 	C:\WINDOWS\SYSTEM32\dxcore.dll
0x00007ffe57950000 - 0x00007ffe579fc000 	C:\WINDOWS\system32\uxtheme.dll
0x00007ffe15bd0000 - 0x00007ffe15d35000 	C:\WINDOWS\System32\DriverStore\FileRepository\iigd_dch.inf_amd64_b9461df4c727b3ee\igdumdim64.dll
0x00007ffe5b4a0000 - 0x00007ffe5b63a000 	C:\WINDOWS\System32\ole32.dll
0x00007ffdd1380000 - 0x00007ffdd4fd6000 	C:\WINDOWS\System32\DriverStore\FileRepository\iigd_dch.inf_amd64_b9461df4c727b3ee\igd9dxva64.dll
0x00007ffe5b9a0000 - 0x00007ffe5ba76000 	C:\WINDOWS\System32\OLEAUT32.dll
0x00007ffe5cee0000 - 0x00007ffe5d34c000 	C:\WINDOWS\System32\SETUPAPI.dll
0x00007ffe5a5f0000 - 0x00007ffe5a63c000 	C:\WINDOWS\SYSTEM32\cfgmgr32.dll
0x00007ffe4e4e0000 - 0x00007ffe4e8a1000 	C:\WINDOWS\System32\DriverStore\FileRepository\iigd_dch.inf_amd64_b9461df4c727b3ee\igdgmm64.dll
0x00007ffe52890000 - 0x00007ffe528d4000 	C:\WINDOWS\SYSTEM32\directxdatabasehelper.dll
0x00007ffe57ee0000 - 0x00007ffe57f14000 	C:\WINDOWS\SYSTEM32\ntmarta.dll
0x00007ffe3c040000 - 0x00007ffe3c082000 	C:\Users\Wang Liu\Downloads\openjfx-18_windows-x64_bin-sdk\javafx-sdk-18\bin\glass.dll
0x00007ffe5c660000 - 0x00007ffe5c74c000 	C:\WINDOWS\System32\COMDLG32.dll
0x00007ffe5c750000 - 0x00007ffe5c86e000 	C:\WINDOWS\System32\MSCTF.dll
0x00007ffe5a190000 - 0x00007ffe5a1a8000 	C:\WINDOWS\SYSTEM32\CRYPTSP.dll
0x00007ffe59a00000 - 0x00007ffe59a35000 	C:\WINDOWS\system32\rsaenh.dll
0x00007ffe5a0b0000 - 0x00007ffe5a0bc000 	C:\WINDOWS\SYSTEM32\CRYPTBASE.dll
0x00007ffe5a2d0000 - 0x00007ffe5a2f7000 	C:\WINDOWS\SYSTEM32\bcrypt.dll
0x00007ffe53140000 - 0x00007ffe53154000 	C:\Users\Wang Liu\Downloads\openjfx-18_windows-x64_bin-sdk\javafx-sdk-18\bin\javafx_font.dll
0x00007ffe2c5b0000 - 0x00007ffe2c80f000 	C:\WINDOWS\SYSTEM32\dwrite.dll

dbghelp: loaded successfully - version: 4.0.5 - missing functions: none
symbol engine: initialized successfully - sym options: 0x614 - pdb path: .;C:\Java\jdk-17.0.2\bin;C:\WINDOWS\SYSTEM32;C:\WINDOWS\WinSxS\amd64_microsoft.windows.common-controls_6595b64144ccf1df_6.0.22000.120_none_9d947278b86cc467;C:\Java\jdk-17.0.2\bin\server;C:\Program Files\JetBrains\IntelliJ IDEA Educational Edition 2021.3.3\bin;C:\Users\Wang Liu\Downloads\openjfx-18_windows-x64_bin-sdk\javafx-sdk-18\bin;C:\WINDOWS\System32\DriverStore\FileRepository\iigd_dch.inf_amd64_b9461df4c727b3ee

VM Arguments:
jvm_args: --module-path=C:\Users\Wang Liu\Downloads\openjfx-18_windows-x64_bin-sdk\javafx-sdk-18\lib --add-modules=javafx.controls,javafx.fxml,javafx.base,javafx.graphics,javafx.swing,javafx.media -javaagent:C:\Program Files\JetBrains\IntelliJ IDEA Educational Edition 2021.3.3\lib\idea_rt.jar=64991:C:\Program Files\JetBrains\IntelliJ IDEA Educational Edition 2021.3.3\bin -Dfile.encoding=UTF-8 
java_command: Sudoku.Render
java_class_path (initial): C:\Users\Wang Liu\IdeaProjects\Solveur-de-Suzoku\out\production\Solveur-de-Suzoku;C:\Users\Wang Liu\Downloads\openjfx-18_windows-x64_bin-sdk\javafx-sdk-18\lib\javafx-swt.jar;C:\Users\Wang Liu\Downloads\openjfx-18_windows-x64_bin-sdk\javafx-sdk-18\lib\javafx.web.jar;C:\Users\Wang Liu\Downloads\openjfx-18_windows-x64_bin-sdk\javafx-sdk-18\lib\javafx.base.jar;C:\Users\Wang Liu\Downloads\openjfx-18_windows-x64_bin-sdk\javafx-sdk-18\lib\javafx.fxml.jar;C:\Users\Wang Liu\Downloads\openjfx-18_windows-x64_bin-sdk\javafx-sdk-18\lib\javafx.media.jar;C:\Users\Wang Liu\Downloads\openjfx-18_windows-x64_bin-sdk\javafx-sdk-18\lib\javafx.swing.jar;C:\Users\Wang Liu\Downloads\openjfx-18_windows-x64_bin-sdk\javafx-sdk-18\lib\javafx.controls.jar;C:\Users\Wang Liu\Downloads\openjfx-18_windows-x64_bin-sdk\javafx-sdk-18\lib\javafx.graphics.jar
Launcher Type: SUN_STANDARD

[Global flags]
     intx CICompilerCount                          = 12                                        {product} {ergonomic}
     uint ConcGCThreads                            = 3                                         {product} {ergonomic}
     uint G1ConcRefinementThreads                  = 13                                        {product} {ergonomic}
   size_t G1HeapRegionSize                         = 2097152                                   {product} {ergonomic}
    uintx GCDrainStackTargetSize                   = 64                                        {product} {ergonomic}
   size_t InitialHeapSize                          = 264241152                                 {product} {ergonomic}
   size_t MarkStackSize                            = 4194304                                   {product} {ergonomic}
   size_t MaxHeapSize                              = 4221566976                                {product} {ergonomic}
   size_t MaxNewSize                               = 2531262464                                {product} {ergonomic}
   size_t MinHeapDeltaBytes                        = 2097152                                   {product} {ergonomic}
   size_t MinHeapSize                              = 8388608                                   {product} {ergonomic}
    uintx NonNMethodCodeHeapSize                   = 7602480                                {pd product} {ergonomic}
    uintx NonProfiledCodeHeapSize                  = 122027880                              {pd product} {ergonomic}
    uintx ProfiledCodeHeapSize                     = 122027880                              {pd product} {ergonomic}
    uintx ReservedCodeCacheSize                    = 251658240                              {pd product} {ergonomic}
     bool SegmentedCodeCache                       = true                                      {product} {ergonomic}
   size_t SoftMaxHeapSize                          = 4221566976                             {manageable} {ergonomic}
     bool UseCompressedClassPointers               = true                           {product lp64_product} {ergonomic}
     bool UseCompressedOops                        = true                           {product lp64_product} {ergonomic}
     bool UseG1GC                                  = true                                      {product} {ergonomic}
     bool UseLargePagesIndividualAllocation        = false                                  {pd product} {ergonomic}

Logging:
Log output configuration:
 #0: stdout all=warning uptime,level,tags
 #1: stderr all=off uptime,level,tags

Environment Variables:
JAVA_HOME=C:\Java\jdk-17.0.2
PATH=%JAVA_HOME%\bin;C:\Program Files\Common Files\Oracle\Java\javapath;C:\oraclexe\app\oracle\product\11.2.0\server\bin;C:\WINDOWS\system32;C:\WINDOWS;C:\WINDOWS\System32\Wbem;C:\WINDOWS\System32\WindowsPowerShell\v1.0\;C:\WINDOWS\System32\OpenSSH\;C:\Program Files\Git\cmd;C:\Users\Wang Liu\AppData\Local\Microsoft\WindowsApps;;C:\Program Files\JetBrains\IntelliJ IDEA Educational Edition 2021.3.3\bin;
USERNAME=Wang Liu
OS=Windows_NT
PROCESSOR_IDENTIFIER=Intel64 Family 6 Model 141 Stepping 1, GenuineIntel



---------------  S Y S T E M  ---------------

OS:
 Windows 11 , 64 bit Build 22000 (10.0.22000.434)
OS uptime: 10 days 1:00 hours
Hyper-V role detected

CPU: total 16 (initial active 16) (8 cores per cpu, 2 threads per core) family 6 model 141 stepping 1 microcode 0x34, cx8, cmov, fxsr, ht, mmx, 3dnowpref, sse, sse2, sse3, ssse3, sse4.1, sse4.2, popcnt, lzcnt, tsc, tscinvbit, avx, avx2, aes, erms, clmul, bmi1, bmi2, adx, avx512f, avx512dq, avx512cd, avx512bw, avx512vl, sha, fma, vzeroupper, avx512_vpopcntdq, avx512_vpclmulqdq, avx512_vaes, avx512_vnni, clflush, clflushopt, clwb, avx512_vbmi2, avx512_vbmi, hv

Memory: 4k page, system-wide physical 16103M (4884M free)
TotalPageFile size 65255M (AvailPageFile size 3M)
current process WorkingSet (physical memory assigned to process): 94M, peak: 94M
current process commit charge ("private bytes"): 391M, peak: 396M

vm_info: Java HotSpot(TM) 64-Bit Server VM (17.0.2+8-LTS-86) for windows-amd64 JRE (17.0.2+8-LTS-86), built on Dec  7 2021 21:51:03 by "mach5one" with MS VC++ 16.8 / 16.9 (VS2019)

END.
